2021-05-17 13:16:19,410 - WARNING: 找到curr_global_cfg:.\config\current.ini
2021-05-17 13:16:19,426 - INFO: 检查全局配置开始.
2021-05-17 13:16:19,427 - DEBUG: CST ENV PATH为C:\Program Files (x86)\CST Studio Suite 2020\CST DESIGN ENVIRONMENT.exe
2021-05-17 13:16:19,427 - DEBUG: CST 版本为2020
2021-05-17 13:16:19,429 - INFO: 检查全局配置结束.
2021-05-17 13:16:19,429 - INFO: 使用命令行定义的project目录:.\project\Enlarged_Mode
2021-05-17 13:16:19,430 - INFO: 检查project开始
2021-05-17 13:16:19,431 - INFO: 找到project目录:.\project\Enlarged_Mode
2021-05-17 13:16:19,434 - INFO: 检查project结束
2021-05-17 13:16:19,435 - INFO: 已保存全局配置文件于.\config\current.ini。
2021-05-17 13:16:19,436 - INFO: 开始使用project目录:.\project\Enlarged_Mode
2021-05-17 13:16:19,436 - INFO: 尝试打开project目录.\project\Enlarged_Mode。
2021-05-17 13:16:19,467 - INFO: project.ini测试结束

2021-05-17 13:16:19,467 - INFO: 全局信息:
2021-05-17 13:16:19,469 - INFO: data目录:./data
2021-05-17 13:16:19,469 - INFO: temp目录:./temp
2021-05-17 13:16:19,470 - INFO: log目录:./log
2021-05-17 13:16:19,471 - INFO: result目录:./result
2021-05-17 13:16:19,471 - INFO: CST版本:2020
2021-05-17 13:16:19,472 - INFO: CSTEXE路径:C:\Program Files (x86)\CST Studio Suite 2020\CST DESIGN ENVIRONMENT.exe
2021-05-17 13:16:19,473 - INFO: project目录:.\project\Enlarged_Mode
2021-05-17 13:16:19,474 - INFO: 项目信息:
2021-05-17 13:16:19,474 - INFO: ProjectName:Enlarged
2021-05-17 13:16:19,475 - INFO: ProjectType:Enlarged_Mode
2021-05-17 13:16:19,476 - INFO: ProjectDescription:
2021-05-17 13:16:19,476 - INFO: 项目result目录:..\..\result
2021-05-17 13:16:19,477 - INFO: 项目temp目录:..\..\temp
2021-05-17 13:16:19,480 - INFO: CST文件名:Enlarged.cst
2021-05-17 13:16:19,480 - INFO: CSTFileMD5:5aa59bc518437fa34dd7d0251b5be815
2021-05-17 13:16:19,481 - INFO: 使用MPI:False
2021-05-17 13:16:19,482 - INFO: MPI节点文件:
2021-05-17 13:16:19,482 - INFO: UseRemoteCalculaton:False
2021-05-17 13:16:19,483 - INFO: DCMainControlAddress:
2021-05-17 13:16:19,483 - INFO: 参数列表文件:params.json
2021-05-17 13:16:19,486 - INFO: created worker type local id:0
2021-05-17 13:16:19,487 - INFO: TempDir:C:\Users\ykk\Desktop\cst_tools\temp\worker_0
2021-05-17 13:16:19,488 - INFO: TaskFileDir:C:\Users\ykk\Desktop\cst_tools\temp\worker_0
2021-05-17 13:16:19,563 - INFO: "C:\Program Files (x86)\CST Studio Suite 2020\CST DESIGN ENVIRONMENT.exe" -m "C:\Users\ykk\Desktop\cst_tools\temp\worker_0\main.bas"
2021-05-17 13:16:19,566 - INFO: <subprocess.Popen object at 0x000001B185D83310>
2021-05-17 13:16:19,568 - INFO: created worker type local id:1
2021-05-17 13:16:19,568 - INFO: TempDir:C:\Users\ykk\Desktop\cst_tools\temp\worker_1
2021-05-17 13:16:19,569 - INFO: TaskFileDir:C:\Users\ykk\Desktop\cst_tools\temp\worker_1
2021-05-17 13:16:19,628 - INFO: "C:\Program Files (x86)\CST Studio Suite 2020\CST DESIGN ENVIRONMENT.exe" -m "C:\Users\ykk\Desktop\cst_tools\temp\worker_1\main.bas"
2021-05-17 13:16:19,631 - INFO: <subprocess.Popen object at 0x000001B185D83280>
2021-05-17 13:16:19,635 - INFO: WorkerID:'0' Run:0 Name:'R_230.000000_L_260.000000' started.
2021-05-17 13:16:19,635 - INFO: Start Time:'Mon May 17 13:16:19 2021'
2021-05-17 13:17:18,667 - ERROR: CST ENV stopped
