2021-11-26 17:09:15,891 - INFO: 日志已输出到log\base_2021-11-26-17_09_15.log
2021-11-26 17:09:15,891 - INFO: 找到curr_global_cfg:config\current.ini
2021-11-26 17:09:15,902 - INFO: 使用PyQt5图形窗口运行模式
2021-11-26 17:09:23,309 - INFO: PCM:currProjectDir 已设为C:\Users\ykk\Desktop\QEXT
2021-11-26 17:09:34,991 - INFO: PCM:inputCSTFilePath 已设为C:\Users\ykk\Desktop\cst_tools\project\HOM analysis\HOM analysis.cst
2021-11-26 17:09:39,274 - INFO: BASE:SET CTN=False,SAFE=False
2021-11-26 17:09:39,275 - INFO: 检查全局配置开始.
2021-11-26 17:09:39,275 - INFO: 检查CST PATH.
2021-11-26 17:09:39,276 - INFO: 检查CST PATH 成功.
2021-11-26 17:09:39,276 - INFO: 检查CST 版本.
2021-11-26 17:09:39,277 - DEBUG: CST ENV PATH为C:\Program Files (x86)\CST Studio Suite 2020\CST DESIGN ENVIRONMENT.exe
2021-11-26 17:09:39,277 - DEBUG: CST 版本为2020
2021-11-26 17:09:39,277 - INFO: 检查CST 版本 结束.
2021-11-26 17:09:39,278 - INFO: 检查各个路径是否存在.
2021-11-26 17:09:39,278 - INFO: 检查全局配置结束.
2021-11-26 17:09:39,279 - INFO: 通过全局配置检测
2021-11-26 17:09:39,280 - INFO: 已保存全局配置文件于config\current.ini。
2021-11-26 17:09:39,280 - INFO: 开始使用project目录:C:\Users\ykk\Desktop\QEXT
2021-11-26 17:09:39,281 - INFO: 准备项目文件
2021-11-26 17:09:39,282 - INFO: 尝试打开project目录C:\Users\ykk\Desktop\QEXT。
2021-11-26 17:09:39,283 - INFO: 目录C:\Users\ykk\Desktop\QEXT为空。
2021-11-26 17:09:39,283 - INFO: 目录C:\Users\ykk\Desktop\QEXT无旧文件
2021-11-26 17:09:39,283 - INFO: 尝试从project目录C:\Users\ykk\Desktop\QEXT创建空白配置文件。
2021-11-26 17:09:39,284 - INFO: 开始创建配置文件project.ini于C:\Users\ykk\Desktop\QEXT\project.ini。
2021-11-26 17:09:39,292 - INFO: 未指定project名,使用为默认目录名QEXT
2021-11-26 17:09:39,293 - INFO: 创建配置文件结束。
2021-11-26 17:09:39,323 - INFO: 已将输入CST文件C:\Users\ykk\Desktop\cst_tools\project\HOM analysis\HOM analysis.cst复制到project目录C:\Users\ykk\Desktop\QEXT\HOM analysis.cst。
2021-11-26 17:09:39,323 - INFO: 根据输入的CST文件更新Config内容
2021-11-26 17:09:39,427 - INFO: 正在从CST文件中读取参数列表。
2021-11-26 17:09:39,428 - INFO: tempdir为C:\Users\ykk\Desktop\QEXT\temp。
2021-11-26 17:09:39,430 - INFO: 临时文件生成成功。
2021-11-26 17:09:51,085 - INFO: b'This is CST DESIGN ENVIRONMENT 2020.0 Release from 2019-09-25 (change 724524)\r\r\n'
2021-11-26 17:09:51,086 - INFO: b'Using install path: C:\\Program Files (x86)\\CST Studio Suite 2020\\\r\r\n'
2021-11-26 17:09:51,088 - INFO: b'Using Qt 5.12.3 (compiled with 5.12.3)\r\r\n'
2021-11-26 17:09:51,089 - INFO: b'\r\r\n'
2021-11-26 17:09:51,089 - INFO: b'Checking license servers...\r\r\n'
2021-11-26 17:09:51,090 - INFO: b'License search path found in CST registry: 11605@whpsgroup.test\r\r\n'
2021-11-26 17:09:51,090 - INFO: b'Checking license at startup successfully passed.\r\r\n'
2021-11-26 17:09:51,091 - INFO: b'Connected to license server: 11605@whpsgroup.test\r\r\n'
2021-11-26 17:09:51,092 - INFO: b'[modeler_AMD64.exe] This is the modeler 2020.0 Release from 2019-09-25 (change 724524)\r\r\n'
2021-11-26 17:09:51,093 - INFO: b'[modeler_AMD64.exe] Startup: 26.11.2021 17:09:41\r\r\n'
2021-11-26 17:09:51,093 - INFO: b'[modeler_AMD64.exe] \r\r\n'
2021-11-26 17:09:51,094 - INFO: b'[modeler_AMD64.exe] Modeler affinity of main thread: 111111111111 111111111111 \r\r\n'
2021-11-26 17:09:51,095 - INFO: b'[modeler_AMD64.exe] \r\r\n'
2021-11-26 17:09:51,095 - INFO: b'[modeler_AMD64.exe] thread setup 1: 12, 24\r\r\n'
2021-11-26 17:09:51,096 - INFO: b'[modeler_AMD64.exe]   sockets         : 1\r\r\n'
2021-11-26 17:09:51,100 - INFO: b'[modeler_AMD64.exe]   cores per socket: 12\r\r\n'
2021-11-26 17:09:51,100 - INFO: b'[modeler_AMD64.exe]   ht units        : 2\r\r\n'
2021-11-26 17:09:51,101 - INFO: b'[modeler_AMD64.exe]   acc. hw         : 24\r\r\n'
2021-11-26 17:09:51,101 - INFO: b'[modeler_AMD64.exe]   acc. OSI        : 24\r\r\n'
2021-11-26 17:09:51,102 - INFO: b'[modeler_AMD64.exe]   aff. available  : yes\r\r\n'
2021-11-26 17:09:51,102 - INFO: b"[modeler_AMD64.exe]   OSI log         : CPUID: selected engine is 'Leaf 0xB detection'\r\r\n"
2021-11-26 17:09:51,103 - INFO: b'[modeler_AMD64.exe] Logical  0: socket  0 core  0\r\r\n'
2021-11-26 17:09:51,103 - INFO: b'[modeler_AMD64.exe] Logical  1: socket  0 core  1\r\r\n'
2021-11-26 17:09:51,104 - INFO: b'[modeler_AMD64.exe] Logical  2: socket  0 core  2\r\r\n'
2021-11-26 17:09:51,104 - INFO: b'[modeler_AMD64.exe] Logical  3: socket  0 core  3\r\r\n'
2021-11-26 17:09:51,105 - INFO: b'[modeler_AMD64.exe] Logical  4: socket  0 core  4\r\r\n'
2021-11-26 17:09:51,105 - INFO: b'[modeler_AMD64.exe] Logical  5: socket  0 core  5\r\r\n'
2021-11-26 17:09:51,106 - INFO: b'[modeler_AMD64.exe] Logical  6: socket  0 core  6\r\r\n'
2021-11-26 17:09:51,107 - INFO: b'[modeler_AMD64.exe] Logical  7: socket  0 core  7\r\r\n'
2021-11-26 17:09:51,107 - INFO: b'[modeler_AMD64.exe] Logical  8: socket  0 core  8\r\r\n'
2021-11-26 17:09:51,108 - INFO: b'[modeler_AMD64.exe] Logical  9: socket  0 core  9\r\r\n'
2021-11-26 17:09:51,110 - INFO: b'[modeler_AMD64.exe] Logical 10: socket  0 core 10\r\r\n'
2021-11-26 17:09:51,111 - INFO: b'[modeler_AMD64.exe] Logical 11: socket  0 core 11\r\r\n'
2021-11-26 17:09:51,111 - INFO: b'[modeler_AMD64.exe] Logical 12: socket  0 core 12\r\r\n'
2021-11-26 17:09:51,112 - INFO: b'[modeler_AMD64.exe] Logical 13: socket  0 core 13\r\r\n'
2021-11-26 17:09:51,112 - INFO: b'[modeler_AMD64.exe] Logical 14: socket  0 core 14\r\r\n'
2021-11-26 17:09:51,113 - INFO: b'[modeler_AMD64.exe] Logical 15: socket  0 core 15\r\r\n'
2021-11-26 17:09:51,113 - INFO: b'[modeler_AMD64.exe] Logical 16: socket  0 core 16\r\r\n'
2021-11-26 17:09:51,113 - INFO: b'[modeler_AMD64.exe] Logical 17: socket  0 core 17\r\r\n'
2021-11-26 17:09:51,114 - INFO: b'[modeler_AMD64.exe] Logical 18: socket  0 core 18\r\r\n'
2021-11-26 17:09:51,114 - INFO: b'[modeler_AMD64.exe] Logical 19: socket  0 core 19\r\r\n'
2021-11-26 17:09:51,115 - INFO: b'[modeler_AMD64.exe] Logical 20: socket  0 core 20\r\r\n'
2021-11-26 17:09:51,115 - INFO: b'[modeler_AMD64.exe] Logical 21: socket  0 core 21\r\r\n'
2021-11-26 17:09:51,116 - INFO: b'[modeler_AMD64.exe] Logical 22: socket  0 core 22\r\r\n'
2021-11-26 17:09:51,116 - INFO: b'[modeler_AMD64.exe] Logical 23: socket  0 core 23\r\r\n'
2021-11-26 17:09:51,116 - INFO: b'[modeler_AMD64.exe] packages: 1\r\r\n'
2021-11-26 17:09:51,117 - INFO: b'[modeler_AMD64.exe] cores   : 12\r\r\n'
2021-11-26 17:09:51,117 - INFO: b'[modeler_AMD64.exe] ht units: 2\r\r\n'
2021-11-26 17:09:51,118 - INFO: b'[modeler_AMD64.exe] \r\r\n'
2021-11-26 17:09:51,118 - INFO: b'[modeler_AMD64.exe] \r\r\n'
2021-11-26 17:09:51,119 - INFO: b'[modeler_AMD64.exe] thread setup 2: 12\r\r\n'
2021-11-26 17:09:51,121 - INFO: b'[modeler_AMD64.exe] thread setup 3: 128 --> 12\r\r\n'
2021-11-26 17:09:51,122 - INFO: b'[modeler_AMD64.exe] Modeler openmp threads: 12\r\r\n'
2021-11-26 17:09:51,122 - INFO: b'[modeler_AMD64.exe] Parallel ACIS is active. Starting 24 worker threads for ACIS.\r\r\n'
2021-11-26 17:09:51,123 - INFO: b'[schematic_AMD64.exe] This is the schematic 2020.0 Release from 2019-09-25 (change 724524)\r\r\n'
2021-11-26 17:09:51,123 - INFO: b'[schematic_AMD64.exe] \r\r\n'
2021-11-26 17:09:51,124 - INFO: b'[schematic_AMD64.exe] \r\r\n'
2021-11-26 17:09:51,124 - INFO: b'[schematic_AMD64.exe] project name: c:\\users\\ykk\\appdata\\local\\temp\\1\\cstde1\\temp\\de6\\untitled_0.cst\r\r\n'
2021-11-26 17:09:51,125 - INFO: b'[schematic_AMD64.exe] \r\r\n'
2021-11-26 17:09:51,125 - INFO: b'[schematic_AMD64.exe] \r\r\n'
2021-11-26 17:09:51,126 - INFO: b'[schematic_AMD64.exe] myname: C:\\Program Files (x86)\\CST Studio Suite 2020\\AMD64\\schematic_AMD64.exe\r\r\n'
2021-11-26 17:09:51,126 - INFO: b'[schematic_AMD64.exe] \r\r\n'
2021-11-26 17:09:51,127 - INFO: b'It seems that the history list contains non ASCII characters. This may cause undesired effects if the CST project is used on computers with a different language setting or operating system.\r\r\n'
2021-11-26 17:09:51,127 - INFO: b'History block 146 contains non ASCII characters either in its name or content.\r\r\n'
2021-11-26 17:09:51,128 - INFO: b'[modeler_AMD64.exe] 2 blocks read in parallel from ACIS file. 2 top level entities in total.\r\r\n'
2021-11-26 17:09:51,128 - INFO: b'Sub-Project import: External reference cannot be found: \r\r\n'
2021-11-26 17:09:51,128 - INFO: b'  "D:\\rain\\1#WHPS2021\\model\\SS+wav\\waveguide absorb(ideal).cst"\r\r\n'
2021-11-26 17:09:51,129 - INFO: b'Some objects were hidden when this project was last saved. These objects are still hidden.\r\r\n'
2021-11-26 17:09:51,129 - INFO: b'Schematic window contains tasks in the navigation tree.\r\r\n'
2021-11-26 17:09:51,130 - INFO: b'[modeler_AMD64.exe] Skipping template 3D\\Frequency (Multiple Modes):: Template needs to be evaluated first.\r\r\n'
2021-11-26 17:09:51,133 - INFO: b'[modeler_AMD64.exe] Skipping template 3D\\Q-Factor (Perturbation) (Multiple Modes):: Template needs to be evaluated first.\r\r\n'
2021-11-26 17:09:51,134 - INFO: b'[modeler_AMD64.exe] Skipping template 3D\\R over Q beta=1 (Multiple Modes):: Template needs to be evaluated first.\r\r\n'
2021-11-26 17:09:58,054 - INFO: b'[modeler_AMD64.exe] Skipping template 3D\\R over Q beta=1 (Multiple Modes)_offset1=5mm (Multiple Modes):: Template needs to be evaluated first.\r\r\n'
2021-11-26 17:09:58,055 - INFO: b'[modeler_AMD64.exe] Skipping template 3D\\R over Q beta=1 (Multiple Modes)_offset2=10mm (Multiple Modes):: Template needs to be evaluated first.\r\r\n'
2021-11-26 17:09:58,058 - INFO: b'[modeler_AMD64.exe] Skipping template 3D\\Frequency (Multiple Modes):: Template needs to be evaluated first.\r\r\n'
2021-11-26 17:09:58,058 - INFO: b'[modeler_AMD64.exe] Skipping template 3D\\Q-Factor (Perturbation) (Multiple Modes):: Template needs to be evaluated first.\r\r\n'
2021-11-26 17:09:58,059 - INFO: b'[modeler_AMD64.exe] Skipping template 3D\\R over Q beta=1 (Multiple Modes):: Template needs to be evaluated first.\r\r\n'
2021-11-26 17:09:58,059 - INFO: b'[modeler_AMD64.exe] Skipping template 3D\\R over Q beta=1 (Multiple Modes)_offset1=5mm (Multiple Modes):: Template needs to be evaluated first.\r\r\n'
2021-11-26 17:09:58,060 - INFO: b'[modeler_AMD64.exe] Skipping template 3D\\R over Q beta=1 (Multiple Modes)_offset2=10mm (Multiple Modes):: Template needs to be evaluated first.\r\r\n'
2021-11-26 17:09:58,060 - INFO: b'Batch run finished successfully\r\r\n'
2021-11-26 17:09:58,061 - INFO: b'[modeler_AMD64.exe] Modeler finished successfully\r\r\n'
2021-11-26 17:09:58,061 - INFO: b'Exiting with exit code 0. Exit code info: (EXITCODE_SUCCESS)\r\r\n'
2021-11-26 17:09:58,068 - INFO: Config内容更新完成
2021-11-26 17:09:58,071 - INFO: 后处理设定已保存至C:\Users\ykk\Desktop\QEXT\pps.json
2021-11-26 17:09:58,071 - INFO: ----------------------------------------------------------
2021-11-26 17:09:58,072 - INFO: 全局信息:
2021-11-26 17:09:58,072 - INFO: data目录:C:\Users\ykk\Desktop\cst_tools\data
2021-11-26 17:09:58,073 - INFO: temp目录:C:\Users\ykk\Desktop\cst_tools\temp
2021-11-26 17:09:58,073 - INFO: log目录:C:\Users\ykk\Desktop\cst_tools\log
2021-11-26 17:09:58,074 - INFO: result目录:C:\Users\ykk\Desktop\cst_tools\result
2021-11-26 17:09:58,074 - INFO: CST版本:2020
2021-11-26 17:09:58,074 - INFO: CSTEXE路径:C:\Program Files (x86)\CST Studio Suite 2020\CST DESIGN ENVIRONMENT.exe
2021-11-26 17:09:58,075 - INFO: superfish版本:
2021-11-26 17:09:58,075 - INFO: superfish路径:
2021-11-26 17:09:58,076 - INFO: ----------------------------------------------------------
2021-11-26 17:09:58,077 - INFO: -----------------------------------
2021-11-26 17:09:58,085 - INFO: created worker type local id:0
2021-11-26 17:09:58,086 - INFO: TempDir:C:\Users\ykk\Desktop\QEXT\temp\worker_0
2021-11-26 17:09:58,086 - INFO: TaskFileDir:C:\Users\ykk\Desktop\QEXT\temp\worker_0
2021-11-26 17:09:58,116 - INFO: "C:\Program Files (x86)\CST Studio Suite 2020\CST DESIGN ENVIRONMENT.exe" -m "C:\Users\ykk\Desktop\QEXT\temp\worker_0\main.bas"
2021-11-26 17:09:58,120 - INFO: <subprocess.Popen object at 0x0000023433DFC850>
2021-11-26 17:09:58,121 - INFO: created worker type local id:1
2021-11-26 17:09:58,123 - INFO: TempDir:C:\Users\ykk\Desktop\QEXT\temp\worker_1
2021-11-26 17:09:58,123 - INFO: TaskFileDir:C:\Users\ykk\Desktop\QEXT\temp\worker_1
2021-11-26 17:09:58,153 - INFO: "C:\Program Files (x86)\CST Studio Suite 2020\CST DESIGN ENVIRONMENT.exe" -m "C:\Users\ykk\Desktop\QEXT\temp\worker_1\main.bas"
2021-11-26 17:09:58,156 - INFO: <subprocess.Popen object at 0x0000023433DFCA90>
2021-11-26 17:09:58,157 - INFO: JOB MANAGER 创建完成
2021-11-26 17:09:58,159 - INFO: UI:STARTING WORK
2021-11-26 17:09:58,161 - INFO: PCM:项目状态已设为RUNNING
2021-11-26 17:09:58,176 - INFO: WorkerID:'0' Run:0 Name:'frequency000000_700_800' started.
2021-11-26 17:09:58,179 - INFO: Start Time:'Fri Nov 26 17:09:58 2021'
2021-11-26 17:12:34,298 - INFO: WorkerID:'0' Run:0 Name:'frequency000000_700_800' success.
2021-11-26 17:12:34,300 - INFO: ElapsedTime:156.1217815876007
2021-11-26 17:12:34,301 - INFO: End Time:'Fri Nov 26 17:12:34 2021'
2021-11-26 17:12:34,350 - INFO: WorkerID:'0' Run:1 Name:'frequency000000_765-99_815' started.
2021-11-26 17:12:34,352 - INFO: Start Time:'Fri Nov 26 17:12:34 2021'
2021-11-26 17:14:36,449 - INFO: WorkerID:'0' Run:1 Name:'frequency000000_765-99_815' success.
2021-11-26 17:14:36,450 - INFO: ElapsedTime:122.09885549545288
2021-11-26 17:14:36,450 - INFO: End Time:'Fri Nov 26 17:14:36 2021'
2021-11-26 17:14:36,486 - INFO: WorkerID:'0' Run:2 Name:'frequency000000_771-86_821' started.
2021-11-26 17:14:36,488 - INFO: Start Time:'Fri Nov 26 17:14:36 2021'
2021-11-26 17:15:18,520 - ERROR: CST ENV stopped
