2021-11-24 16:55:52,998 - INFO: 日志已输出到log\base_2021-11-24-16_55_52.log
2021-11-24 16:55:52,999 - INFO: 找到curr_global_cfg:config\current.ini
2021-11-24 16:55:53,000 - INFO: 使用PyQt5图形窗口运行模式
2021-11-24 16:56:03,292 - INFO: PCM:inputCSTFilePath 已设为C:\Users\ykk\Desktop\cst_tools\project\HOM analysis\HOM analysis.cst
2021-11-24 16:56:10,030 - INFO: PCM:currProjectDir 已设为C:\Users\ykk\Desktop\QEXT
2021-11-24 16:56:25,331 - INFO: BASE:SET CTN=False,SAFE=False
2021-11-24 16:56:25,331 - INFO: 检查全局配置开始.
2021-11-24 16:56:25,332 - INFO: 检查CST PATH.
2021-11-24 16:56:25,333 - INFO: 检查CST PATH 成功.
2021-11-24 16:56:25,333 - INFO: 检查CST 版本.
2021-11-24 16:56:25,333 - DEBUG: CST ENV PATH为C:\Program Files (x86)\CST Studio Suite 2020\CST DESIGN ENVIRONMENT.exe
2021-11-24 16:56:25,334 - DEBUG: CST 版本为2020
2021-11-24 16:56:25,334 - INFO: 检查CST 版本 结束.
2021-11-24 16:56:25,334 - INFO: 检查各个路径是否存在.
2021-11-24 16:56:25,335 - INFO: 检查全局配置结束.
2021-11-24 16:56:25,335 - INFO: 通过全局配置检测
2021-11-24 16:56:25,336 - INFO: 已保存全局配置文件于config\current.ini。
2021-11-24 16:56:25,337 - INFO: 开始使用project目录:C:\Users\ykk\Desktop\QEXT
2021-11-24 16:56:25,338 - INFO: 准备项目文件
2021-11-24 16:56:25,338 - INFO: 尝试打开project目录C:\Users\ykk\Desktop\QEXT。
2021-11-24 16:56:25,339 - INFO: 目录C:\Users\ykk\Desktop\QEXT为空。
2021-11-24 16:56:25,340 - INFO: 目录C:\Users\ykk\Desktop\QEXT无旧文件
2021-11-24 16:56:25,342 - INFO: 尝试从project目录C:\Users\ykk\Desktop\QEXT创建空白配置文件。
2021-11-24 16:56:25,343 - INFO: 开始创建配置文件project.ini于C:\Users\ykk\Desktop\QEXT\project.ini。
2021-11-24 16:56:25,344 - INFO: 未指定project名,使用为默认目录名QEXT
2021-11-24 16:56:25,345 - INFO: 创建配置文件结束。
2021-11-24 16:56:25,378 - INFO: 已将输入CST文件C:\Users\ykk\Desktop\cst_tools\project\HOM analysis\HOM analysis.cst复制到project目录C:\Users\ykk\Desktop\QEXT\HOM analysis.cst。
2021-11-24 16:56:25,379 - INFO: 根据输入的CST文件更新Config内容
2021-11-24 16:56:25,482 - INFO: 正在从CST文件中读取参数列表。
2021-11-24 16:56:25,483 - INFO: tempdir为C:\Users\ykk\Desktop\QEXT\temp。
2021-11-24 16:56:25,484 - INFO: 临时文件生成成功。
2021-11-24 16:56:36,944 - INFO: b'This is CST DESIGN ENVIRONMENT 2020.0 Release from 2019-09-25 (change 724524)\r\r\n'
2021-11-24 16:56:36,945 - INFO: b'Using install path: C:\\Program Files (x86)\\CST Studio Suite 2020\\\r\r\n'
2021-11-24 16:56:36,946 - INFO: b'Using Qt 5.12.3 (compiled with 5.12.3)\r\r\n'
2021-11-24 16:56:36,947 - INFO: b'\r\r\n'
2021-11-24 16:56:36,947 - INFO: b'Checking license servers...\r\r\n'
2021-11-24 16:56:36,947 - INFO: b'License search path found in CST registry: 11605@whpsgroup.test\r\r\n'
2021-11-24 16:56:36,948 - INFO: b'Checking license at startup successfully passed.\r\r\n'
2021-11-24 16:56:36,948 - INFO: b'Connected to license server: 11605@whpsgroup.test\r\r\n'
2021-11-24 16:56:36,949 - INFO: b'[modeler_AMD64.exe] This is the modeler 2020.0 Release from 2019-09-25 (change 724524)\r\r\n'
2021-11-24 16:56:36,949 - INFO: b'[modeler_AMD64.exe] Startup: 24.11.2021 16:56:27\r\r\n'
2021-11-24 16:56:36,949 - INFO: b'[modeler_AMD64.exe] \r\r\n'
2021-11-24 16:56:36,950 - INFO: b'[modeler_AMD64.exe] Modeler affinity of main thread: 111111111111 111111111111 \r\r\n'
2021-11-24 16:56:36,950 - INFO: b'[modeler_AMD64.exe] \r\r\n'
2021-11-24 16:56:36,951 - INFO: b'[modeler_AMD64.exe] thread setup 1: 12, 24\r\r\n'
2021-11-24 16:56:36,951 - INFO: b'[modeler_AMD64.exe]   sockets         : 1\r\r\n'
2021-11-24 16:56:36,951 - INFO: b'[modeler_AMD64.exe]   cores per socket: 12\r\r\n'
2021-11-24 16:56:36,952 - INFO: b'[modeler_AMD64.exe]   ht units        : 2\r\r\n'
2021-11-24 16:56:36,952 - INFO: b'[modeler_AMD64.exe]   acc. hw         : 24\r\r\n'
2021-11-24 16:56:36,952 - INFO: b'[modeler_AMD64.exe]   acc. OSI        : 24\r\r\n'
2021-11-24 16:56:36,953 - INFO: b'[modeler_AMD64.exe]   aff. available  : yes\r\r\n'
2021-11-24 16:56:36,953 - INFO: b"[modeler_AMD64.exe]   OSI log         : CPUID: selected engine is 'Leaf 0xB detection'\r\r\n"
2021-11-24 16:56:36,954 - INFO: b'[modeler_AMD64.exe] Logical  0: socket  0 core  0\r\r\n'
2021-11-24 16:56:36,954 - INFO: b'[modeler_AMD64.exe] Logical  1: socket  0 core  1\r\r\n'
2021-11-24 16:56:36,958 - INFO: b'[modeler_AMD64.exe] Logical  2: socket  0 core  2\r\r\n'
2021-11-24 16:56:36,958 - INFO: b'[modeler_AMD64.exe] Logical  3: socket  0 core  3\r\r\n'
2021-11-24 16:56:36,958 - INFO: b'[modeler_AMD64.exe] Logical  4: socket  0 core  4\r\r\n'
2021-11-24 16:56:36,959 - INFO: b'[modeler_AMD64.exe] Logical  5: socket  0 core  5\r\r\n'
2021-11-24 16:56:36,959 - INFO: b'[modeler_AMD64.exe] Logical  6: socket  0 core  6\r\r\n'
2021-11-24 16:56:36,960 - INFO: b'[modeler_AMD64.exe] Logical  7: socket  0 core  7\r\r\n'
2021-11-24 16:56:36,960 - INFO: b'[modeler_AMD64.exe] Logical  8: socket  0 core  8\r\r\n'
2021-11-24 16:56:36,960 - INFO: b'[modeler_AMD64.exe] Logical  9: socket  0 core  9\r\r\n'
2021-11-24 16:56:36,961 - INFO: b'[modeler_AMD64.exe] Logical 10: socket  0 core 10\r\r\n'
2021-11-24 16:56:36,961 - INFO: b'[modeler_AMD64.exe] Logical 11: socket  0 core 11\r\r\n'
2021-11-24 16:56:36,962 - INFO: b'[modeler_AMD64.exe] Logical 12: socket  0 core 12\r\r\n'
2021-11-24 16:56:36,962 - INFO: b'[modeler_AMD64.exe] Logical 13: socket  0 core 13\r\r\n'
2021-11-24 16:56:36,963 - INFO: b'[modeler_AMD64.exe] Logical 14: socket  0 core 14\r\r\n'
2021-11-24 16:56:36,963 - INFO: b'[modeler_AMD64.exe] Logical 15: socket  0 core 15\r\r\n'
2021-11-24 16:56:36,963 - INFO: b'[modeler_AMD64.exe] Logical 16: socket  0 core 16\r\r\n'
2021-11-24 16:56:36,964 - INFO: b'[modeler_AMD64.exe] Logical 17: socket  0 core 17\r\r\n'
2021-11-24 16:56:36,964 - INFO: b'[modeler_AMD64.exe] Logical 18: socket  0 core 18\r\r\n'
2021-11-24 16:56:36,965 - INFO: b'[modeler_AMD64.exe] Logical 19: socket  0 core 19\r\r\n'
2021-11-24 16:56:36,965 - INFO: b'[modeler_AMD64.exe] Logical 20: socket  0 core 20\r\r\n'
2021-11-24 16:56:36,965 - INFO: b'[modeler_AMD64.exe] Logical 21: socket  0 core 21\r\r\n'
2021-11-24 16:56:36,966 - INFO: b'[modeler_AMD64.exe] Logical 22: socket  0 core 22\r\r\n'
2021-11-24 16:56:36,968 - INFO: b'[modeler_AMD64.exe] Logical 23: socket  0 core 23\r\r\n'
2021-11-24 16:56:36,969 - INFO: b'[modeler_AMD64.exe] packages: 1\r\r\n'
2021-11-24 16:56:36,969 - INFO: b'[modeler_AMD64.exe] cores   : 12\r\r\n'
2021-11-24 16:56:36,970 - INFO: b'[modeler_AMD64.exe] ht units: 2\r\r\n'
2021-11-24 16:56:36,970 - INFO: b'[modeler_AMD64.exe] \r\r\n'
2021-11-24 16:56:36,971 - INFO: b'[modeler_AMD64.exe] \r\r\n'
2021-11-24 16:56:36,971 - INFO: b'[modeler_AMD64.exe] thread setup 2: 12\r\r\n'
2021-11-24 16:56:36,972 - INFO: b'[modeler_AMD64.exe] thread setup 3: 128 --> 12\r\r\n'
2021-11-24 16:56:36,972 - INFO: b'[modeler_AMD64.exe] Modeler openmp threads: 12\r\r\n'
2021-11-24 16:56:36,972 - INFO: b'[modeler_AMD64.exe] Parallel ACIS is active. Starting 24 worker threads for ACIS.\r\r\n'
2021-11-24 16:56:36,973 - INFO: b'[schematic_AMD64.exe] This is the schematic 2020.0 Release from 2019-09-25 (change 724524)\r\r\n'
2021-11-24 16:56:36,973 - INFO: b'[schematic_AMD64.exe] \r\r\n'
2021-11-24 16:56:36,974 - INFO: b'[schematic_AMD64.exe] \r\r\n'
2021-11-24 16:56:36,974 - INFO: b'[schematic_AMD64.exe] project name: c:\\users\\ykk\\appdata\\local\\temp\\1\\cstde1\\temp\\de3\\untitled_0.cst\r\r\n'
2021-11-24 16:56:36,975 - INFO: b'[schematic_AMD64.exe] \r\r\n'
2021-11-24 16:56:36,975 - INFO: b'[schematic_AMD64.exe] \r\r\n'
2021-11-24 16:56:36,976 - INFO: b'[schematic_AMD64.exe] myname: C:\\Program Files (x86)\\CST Studio Suite 2020\\AMD64\\schematic_AMD64.exe\r\r\n'
2021-11-24 16:56:36,976 - INFO: b'[schematic_AMD64.exe] \r\r\n'
2021-11-24 16:56:36,976 - INFO: b'It seems that the history list contains non ASCII characters. This may cause undesired effects if the CST project is used on computers with a different language setting or operating system.\r\r\n'
2021-11-24 16:56:36,977 - INFO: b'History block 146 contains non ASCII characters either in its name or content.\r\r\n'
2021-11-24 16:56:36,980 - INFO: b'[modeler_AMD64.exe] 2 blocks read in parallel from ACIS file. 2 top level entities in total.\r\r\n'
2021-11-24 16:56:36,980 - INFO: b'Sub-Project import: External reference cannot be found: \r\r\n'
2021-11-24 16:56:36,981 - INFO: b'  "D:\\rain\\1#WHPS2021\\model\\SS+wav\\waveguide absorb(ideal).cst"\r\r\n'
2021-11-24 16:56:36,981 - INFO: b'Some objects were hidden when this project was last saved. These objects are still hidden.\r\r\n'
2021-11-24 16:56:36,982 - INFO: b'Schematic window contains tasks in the navigation tree.\r\r\n'
2021-11-24 16:56:36,982 - INFO: b'[modeler_AMD64.exe] Skipping template 3D\\Frequency (Multiple Modes):: Template needs to be evaluated first.\r\r\n'
2021-11-24 16:56:36,982 - INFO: b'[modeler_AMD64.exe] Skipping template 3D\\Q-Factor (Perturbation) (Multiple Modes):: Template needs to be evaluated first.\r\r\n'
2021-11-24 16:56:36,983 - INFO: b'[modeler_AMD64.exe] Skipping template 3D\\R over Q beta=1 (Multiple Modes):: Template needs to be evaluated first.\r\r\n'
2021-11-24 16:56:44,414 - INFO: b'[modeler_AMD64.exe] Skipping template 3D\\R over Q beta=1 (Multiple Modes)_offset1=5mm (Multiple Modes):: Template needs to be evaluated first.\r\r\n'
2021-11-24 16:56:44,415 - INFO: b'[modeler_AMD64.exe] Skipping template 3D\\R over Q beta=1 (Multiple Modes)_offset2=10mm (Multiple Modes):: Template needs to be evaluated first.\r\r\n'
2021-11-24 16:56:44,418 - INFO: b'[modeler_AMD64.exe] Skipping template 3D\\Frequency (Multiple Modes):: Template needs to be evaluated first.\r\r\n'
2021-11-24 16:56:44,418 - INFO: b'[modeler_AMD64.exe] Skipping template 3D\\Q-Factor (Perturbation) (Multiple Modes):: Template needs to be evaluated first.\r\r\n'
2021-11-24 16:56:44,419 - INFO: b'[modeler_AMD64.exe] Skipping template 3D\\R over Q beta=1 (Multiple Modes):: Template needs to be evaluated first.\r\r\n'
2021-11-24 16:56:44,419 - INFO: b'[modeler_AMD64.exe] Skipping template 3D\\R over Q beta=1 (Multiple Modes)_offset1=5mm (Multiple Modes):: Template needs to be evaluated first.\r\r\n'
2021-11-24 16:56:44,420 - INFO: b'[modeler_AMD64.exe] Skipping template 3D\\R over Q beta=1 (Multiple Modes)_offset2=10mm (Multiple Modes):: Template needs to be evaluated first.\r\r\n'
2021-11-24 16:56:44,420 - INFO: b'Batch run finished successfully\r\r\n'
2021-11-24 16:56:44,421 - INFO: b'[modeler_AMD64.exe] Modeler finished successfully\r\r\n'
2021-11-24 16:56:44,421 - INFO: b'Exiting with exit code 0. Exit code info: (EXITCODE_SUCCESS)\r\r\n'
2021-11-24 16:56:44,427 - INFO: Config内容更新完成
2021-11-24 16:56:44,430 - INFO: 后处理设定已保存至C:\Users\ykk\Desktop\QEXT\pps.json
2021-11-24 16:56:44,431 - INFO: ----------------------------------------------------------
2021-11-24 16:56:44,431 - INFO: 全局信息:
2021-11-24 16:56:44,432 - INFO: data目录:C:\Users\ykk\Desktop\cst_tools\data
2021-11-24 16:56:44,432 - INFO: temp目录:C:\Users\ykk\Desktop\cst_tools\temp
2021-11-24 16:56:44,433 - INFO: log目录:C:\Users\ykk\Desktop\cst_tools\log
2021-11-24 16:56:44,433 - INFO: result目录:C:\Users\ykk\Desktop\cst_tools\result
2021-11-24 16:56:44,433 - INFO: CST版本:2020
2021-11-24 16:56:44,434 - INFO: CSTEXE路径:C:\Program Files (x86)\CST Studio Suite 2020\CST DESIGN ENVIRONMENT.exe
2021-11-24 16:56:44,434 - INFO: superfish版本:
2021-11-24 16:56:44,435 - INFO: superfish路径:
2021-11-24 16:56:44,435 - INFO: ----------------------------------------------------------
2021-11-24 16:56:44,435 - INFO: -----------------------------------
2021-11-24 16:56:44,442 - INFO: created worker type local id:0
2021-11-24 16:56:44,444 - INFO: TempDir:C:\Users\ykk\Desktop\QEXT\temp\worker_0
2021-11-24 16:56:44,444 - INFO: TaskFileDir:C:\Users\ykk\Desktop\QEXT\temp\worker_0
2021-11-24 16:56:44,472 - INFO: "C:\Program Files (x86)\CST Studio Suite 2020\CST DESIGN ENVIRONMENT.exe" -m "C:\Users\ykk\Desktop\QEXT\temp\worker_0\main.bas"
2021-11-24 16:56:44,476 - INFO: <subprocess.Popen object at 0x00000226D7A3C790>
2021-11-24 16:56:44,477 - INFO: created worker type local id:1
2021-11-24 16:56:44,478 - INFO: TempDir:C:\Users\ykk\Desktop\QEXT\temp\worker_1
2021-11-24 16:56:44,479 - INFO: TaskFileDir:C:\Users\ykk\Desktop\QEXT\temp\worker_1
2021-11-24 16:56:44,507 - INFO: "C:\Program Files (x86)\CST Studio Suite 2020\CST DESIGN ENVIRONMENT.exe" -m "C:\Users\ykk\Desktop\QEXT\temp\worker_1\main.bas"
2021-11-24 16:56:44,511 - INFO: <subprocess.Popen object at 0x00000226D7A3C9A0>
2021-11-24 16:56:44,511 - INFO: JOB MANAGER 创建完成
2021-11-24 16:56:44,513 - INFO: UI:STARTING WORK
2021-11-24 16:56:44,515 - INFO: PCM:项目状态已设为RUNNING
2021-11-24 16:56:44,530 - INFO: WorkerID:'0' Run:0 Name:'frequency000000_700_800' started.
2021-11-24 16:56:44,532 - INFO: Start Time:'Wed Nov 24 16:56:44 2021'
2021-11-24 16:59:05,630 - ERROR: CST ENV stopped
