2021-09-03 16:17:25,378 - INFO: 日志已输出到log\base_2021-09-03-16_17_25.log
2021-09-03 16:17:25,379 - WARNING: 找到curr_global_cfg:config\current.ini
2021-09-03 16:17:25,384 - INFO: 使用PyQt5图形窗口运行模式
2021-09-03 16:17:57,242 - INFO: PCM:currProjectDir 已设为C:\Users\ykk\Desktop\cst_tools\project\HOM analysis
2021-09-03 16:18:01,922 - INFO: ALG参数设置完毕
2021-09-03 16:18:07,053 - INFO: PCM:inputCSTFilePath 已设为C:\Users\ykk\Desktop\cst_tools\project\HOM analysis\HOM analysis.cst
2021-09-03 16:18:08,319 - INFO: BASE:SET CTN=False,SAFE=False
2021-09-03 16:18:08,320 - INFO: 检查全局配置开始.
2021-09-03 16:18:08,320 - INFO: 检查CST PATH.
2021-09-03 16:18:08,321 - INFO: 检查CST PATH 成功.
2021-09-03 16:18:08,321 - INFO: 检查CST 版本.
2021-09-03 16:18:08,322 - DEBUG: CST ENV PATH为C:\Program Files (x86)\CST Studio Suite 2020\CST DESIGN ENVIRONMENT.exe
2021-09-03 16:18:08,322 - DEBUG: CST 版本为2020
2021-09-03 16:18:08,323 - INFO: 检查CST 版本 结束.
2021-09-03 16:18:08,323 - INFO: 检查各个路径是否存在.
2021-09-03 16:18:08,324 - INFO: 检查全局配置结束.
2021-09-03 16:18:08,325 - INFO: 通过全局配置检测
2021-09-03 16:18:08,326 - INFO: 已保存全局配置文件于config\current.ini。
2021-09-03 16:18:08,327 - INFO: 开始使用project目录:C:\Users\ykk\Desktop\cst_tools\project\HOM analysis
2021-09-03 16:18:08,327 - INFO: 准备项目文件
2021-09-03 16:18:08,328 - INFO: 尝试打开project目录C:\Users\ykk\Desktop\cst_tools\project\HOM analysis。
2021-09-03 16:18:08,329 - INFO: 目录C:\Users\ykk\Desktop\cst_tools\project\HOM analysis无旧config文件。
2021-09-03 16:18:08,330 - INFO: 目录C:\Users\ykk\Desktop\cst_tools\project\HOM analysis无旧文件
2021-09-03 16:18:08,330 - INFO: 尝试从project目录C:\Users\ykk\Desktop\cst_tools\project\HOM analysis创建空白配置文件。
2021-09-03 16:18:08,331 - INFO: 开始创建配置文件project.ini于C:\Users\ykk\Desktop\cst_tools\project\HOM analysis\project.ini。
2021-09-03 16:18:08,332 - INFO: 未指定project名,使用为默认目录名HOM analysis
2021-09-03 16:18:08,332 - INFO: 创建配置文件结束。
2021-09-03 16:18:08,334 - INFO: 目的C:\Users\ykk\Desktop\cst_tools\project\HOM analysis\HOM analysis.cst已存在同名文件。
2021-09-03 16:18:08,367 - INFO: 已将输入CST文件C:\Users\ykk\Desktop\cst_tools\project\HOM analysis\HOM analysis.cst复制到project目录C:\Users\ykk\Desktop\cst_tools\project\HOM analysis\HOM analysis_dst.cst。
2021-09-03 16:18:08,368 - INFO: 根据输入的CST文件更新Config内容
2021-09-03 16:18:08,453 - INFO: 正在从CST文件中读取参数列表。
2021-09-03 16:18:08,455 - INFO: tempdir为C:\Users\ykk\Desktop\cst_tools\project\HOM analysis\temp。
2021-09-03 16:18:08,456 - INFO: 临时文件生成成功。
2021-09-03 16:18:20,847 - INFO: b'This is CST DESIGN ENVIRONMENT 2020.0 Release from 2019-09-25 (change 724524)\r\r\n'
2021-09-03 16:18:20,847 - INFO: b'Using install path: C:\\Program Files (x86)\\CST Studio Suite 2020\\\r\r\n'
2021-09-03 16:18:20,848 - INFO: b'Using Qt 5.12.3 (compiled with 5.12.3)\r\r\n'
2021-09-03 16:18:20,848 - INFO: b'\r\r\n'
2021-09-03 16:18:20,849 - INFO: b'Checking license servers...\r\r\n'
2021-09-03 16:18:20,849 - INFO: b'License search path found in CST registry: 11605@whpsgroup.test\r\r\n'
2021-09-03 16:18:20,849 - INFO: b'Checking license at startup successfully passed.\r\r\n'
2021-09-03 16:18:20,850 - INFO: b'Connected to license server: 11605@whpsgroup.test\r\r\n'
2021-09-03 16:18:20,850 - INFO: b'[modeler_AMD64.exe] This is the modeler 2020.0 Release from 2019-09-25 (change 724524)\r\r\n'
2021-09-03 16:18:20,851 - INFO: b'[modeler_AMD64.exe] Startup: 03.09.2021 16:18:11\r\r\n'
2021-09-03 16:18:20,851 - INFO: b'[modeler_AMD64.exe] \r\r\n'
2021-09-03 16:18:20,851 - INFO: b'[modeler_AMD64.exe] Modeler affinity of main thread: 111111111111 111111111111 \r\r\n'
2021-09-03 16:18:20,852 - INFO: b'[modeler_AMD64.exe] \r\r\n'
2021-09-03 16:18:20,852 - INFO: b'[modeler_AMD64.exe] thread setup 1: 12, 24\r\r\n'
2021-09-03 16:18:20,852 - INFO: b'[modeler_AMD64.exe]   sockets         : 1\r\r\n'
2021-09-03 16:18:20,853 - INFO: b'[modeler_AMD64.exe]   cores per socket: 12\r\r\n'
2021-09-03 16:18:20,853 - INFO: b'[modeler_AMD64.exe]   ht units        : 2\r\r\n'
2021-09-03 16:18:20,853 - INFO: b'[modeler_AMD64.exe]   acc. hw         : 24\r\r\n'
2021-09-03 16:18:20,854 - INFO: b'[modeler_AMD64.exe]   acc. OSI        : 24\r\r\n'
2021-09-03 16:18:20,854 - INFO: b'[modeler_AMD64.exe]   aff. available  : yes\r\r\n'
2021-09-03 16:18:20,854 - INFO: b"[modeler_AMD64.exe]   OSI log         : CPUID: selected engine is 'Leaf 0xB detection'\r\r\n"
2021-09-03 16:18:20,854 - INFO: b'[modeler_AMD64.exe] Logical  0: socket  0 core  0\r\r\n'
2021-09-03 16:18:20,855 - INFO: b'[modeler_AMD64.exe] Logical  1: socket  0 core  1\r\r\n'
2021-09-03 16:18:20,855 - INFO: b'[modeler_AMD64.exe] Logical  2: socket  0 core  2\r\r\n'
2021-09-03 16:18:20,855 - INFO: b'[modeler_AMD64.exe] Logical  3: socket  0 core  3\r\r\n'
2021-09-03 16:18:20,856 - INFO: b'[modeler_AMD64.exe] Logical  4: socket  0 core  4\r\r\n'
2021-09-03 16:18:20,856 - INFO: b'[modeler_AMD64.exe] Logical  5: socket  0 core  5\r\r\n'
2021-09-03 16:18:20,857 - INFO: b'[modeler_AMD64.exe] Logical  6: socket  0 core  6\r\r\n'
2021-09-03 16:18:20,857 - INFO: b'[modeler_AMD64.exe] Logical  7: socket  0 core  7\r\r\n'
2021-09-03 16:18:20,857 - INFO: b'[modeler_AMD64.exe] Logical  8: socket  0 core  8\r\r\n'
2021-09-03 16:18:20,858 - INFO: b'[modeler_AMD64.exe] Logical  9: socket  0 core  9\r\r\n'
2021-09-03 16:18:20,858 - INFO: b'[modeler_AMD64.exe] Logical 10: socket  0 core 10\r\r\n'
2021-09-03 16:18:20,858 - INFO: b'[modeler_AMD64.exe] Logical 11: socket  0 core 11\r\r\n'
2021-09-03 16:18:20,859 - INFO: b'[modeler_AMD64.exe] Logical 12: socket  0 core 12\r\r\n'
2021-09-03 16:18:20,859 - INFO: b'[modeler_AMD64.exe] Logical 13: socket  0 core 13\r\r\n'
2021-09-03 16:18:20,859 - INFO: b'[modeler_AMD64.exe] Logical 14: socket  0 core 14\r\r\n'
2021-09-03 16:18:20,860 - INFO: b'[modeler_AMD64.exe] Logical 15: socket  0 core 15\r\r\n'
2021-09-03 16:18:20,860 - INFO: b'[modeler_AMD64.exe] Logical 16: socket  0 core 16\r\r\n'
2021-09-03 16:18:20,860 - INFO: b'[modeler_AMD64.exe] Logical 17: socket  0 core 17\r\r\n'
2021-09-03 16:18:20,861 - INFO: b'[modeler_AMD64.exe] Logical 18: socket  0 core 18\r\r\n'
2021-09-03 16:18:20,861 - INFO: b'[modeler_AMD64.exe] Logical 19: socket  0 core 19\r\r\n'
2021-09-03 16:18:20,861 - INFO: b'[modeler_AMD64.exe] Logical 20: socket  0 core 20\r\r\n'
2021-09-03 16:18:20,861 - INFO: b'[modeler_AMD64.exe] Logical 21: socket  0 core 21\r\r\n'
2021-09-03 16:18:20,862 - INFO: b'[modeler_AMD64.exe] Logical 22: socket  0 core 22\r\r\n'
2021-09-03 16:18:20,862 - INFO: b'[modeler_AMD64.exe] Logical 23: socket  0 core 23\r\r\n'
2021-09-03 16:18:20,862 - INFO: b'[modeler_AMD64.exe] packages: 1\r\r\n'
2021-09-03 16:18:20,863 - INFO: b'[modeler_AMD64.exe] cores   : 12\r\r\n'
2021-09-03 16:18:20,863 - INFO: b'[modeler_AMD64.exe] ht units: 2\r\r\n'
2021-09-03 16:18:20,863 - INFO: b'[modeler_AMD64.exe] \r\r\n'
2021-09-03 16:18:20,863 - INFO: b'[modeler_AMD64.exe] \r\r\n'
2021-09-03 16:18:20,864 - INFO: b'[modeler_AMD64.exe] thread setup 2: 12\r\r\n'
2021-09-03 16:18:20,864 - INFO: b'[modeler_AMD64.exe] thread setup 3: 128 --> 12\r\r\n'
2021-09-03 16:18:20,864 - INFO: b'[modeler_AMD64.exe] Modeler openmp threads: 12\r\r\n'
2021-09-03 16:18:20,865 - INFO: b'[modeler_AMD64.exe] Parallel ACIS is active. Starting 24 worker threads for ACIS.\r\r\n'
2021-09-03 16:18:20,865 - INFO: b'[schematic_AMD64.exe] This is the schematic 2020.0 Release from 2019-09-25 (change 724524)\r\r\n'
2021-09-03 16:18:20,866 - INFO: b'[schematic_AMD64.exe] \r\r\n'
2021-09-03 16:18:20,866 - INFO: b'[schematic_AMD64.exe] \r\r\n'
2021-09-03 16:18:20,866 - INFO: b'[schematic_AMD64.exe] project name: c:\\users\\ykk\\appdata\\local\\temp\\1\\cstde1\\temp\\de5\\untitled_0.cst\r\r\n'
2021-09-03 16:18:20,867 - INFO: b'[schematic_AMD64.exe] \r\r\n'
2021-09-03 16:18:20,867 - INFO: b'[schematic_AMD64.exe] \r\r\n'
2021-09-03 16:18:20,867 - INFO: b'[schematic_AMD64.exe] myname: C:\\Program Files (x86)\\CST Studio Suite 2020\\AMD64\\schematic_AMD64.exe\r\r\n'
2021-09-03 16:18:20,868 - INFO: b'[schematic_AMD64.exe] \r\r\n'
2021-09-03 16:18:20,868 - INFO: b'It seems that the history list contains non ASCII characters. This may cause undesired effects if the CST project is used on computers with a different language setting or operating system.\r\r\n'
2021-09-03 16:18:20,868 - INFO: b'History block 146 contains non ASCII characters either in its name or content.\r\r\n'
2021-09-03 16:18:20,869 - INFO: b'[modeler_AMD64.exe] 2 blocks read in parallel from ACIS file. 2 top level entities in total.\r\r\n'
2021-09-03 16:18:20,869 - INFO: b'Sub-Project import: External reference cannot be found: \r\r\n'
2021-09-03 16:18:20,870 - INFO: b'  "D:\\rain\\1#WHPS2021\\model\\SS+wav\\waveguide absorb(ideal).cst"\r\r\n'
2021-09-03 16:18:20,870 - INFO: b'Some objects were hidden when this project was last saved. These objects are still hidden.\r\r\n'
2021-09-03 16:18:20,870 - INFO: b'Schematic window contains tasks in the navigation tree.\r\r\n'
2021-09-03 16:18:20,871 - INFO: b'[modeler_AMD64.exe] Skipping template 3D\\Frequency (Multiple Modes):: Template needs to be evaluated first.\r\r\n'
2021-09-03 16:18:20,871 - INFO: b'[modeler_AMD64.exe] Skipping template 3D\\Q-Factor (Perturbation) (Multiple Modes):: Template needs to be evaluated first.\r\r\n'
2021-09-03 16:18:20,872 - INFO: b'[modeler_AMD64.exe] Skipping template 3D\\R over Q beta=1 (Multiple Modes):: Template needs to be evaluated first.\r\r\n'
2021-09-03 16:18:27,442 - INFO: b'[modeler_AMD64.exe] Skipping template 3D\\R over Q beta=1 (Multiple Modes)_offset1=5mm (Multiple Modes):: Template needs to be evaluated first.\r\r\n'
2021-09-03 16:18:27,444 - INFO: b'[modeler_AMD64.exe] Skipping template 3D\\R over Q beta=1 (Multiple Modes)_offset2=10mm (Multiple Modes):: Template needs to be evaluated first.\r\r\n'
2021-09-03 16:18:27,444 - INFO: b'[modeler_AMD64.exe] Skipping template 3D\\Frequency (Multiple Modes):: Template needs to be evaluated first.\r\r\n'
2021-09-03 16:18:27,445 - INFO: b'[modeler_AMD64.exe] Skipping template 3D\\Q-Factor (Perturbation) (Multiple Modes):: Template needs to be evaluated first.\r\r\n'
2021-09-03 16:18:27,446 - INFO: b'[modeler_AMD64.exe] Skipping template 3D\\R over Q beta=1 (Multiple Modes):: Template needs to be evaluated first.\r\r\n'
2021-09-03 16:18:27,446 - INFO: b'[modeler_AMD64.exe] Skipping template 3D\\R over Q beta=1 (Multiple Modes)_offset1=5mm (Multiple Modes):: Template needs to be evaluated first.\r\r\n'
2021-09-03 16:18:27,447 - INFO: b'[modeler_AMD64.exe] Skipping template 3D\\R over Q beta=1 (Multiple Modes)_offset2=10mm (Multiple Modes):: Template needs to be evaluated first.\r\r\n'
2021-09-03 16:18:27,447 - INFO: b'Batch run finished successfully\r\r\n'
2021-09-03 16:18:27,448 - INFO: b'[modeler_AMD64.exe] Modeler finished successfully\r\r\n'
2021-09-03 16:18:27,448 - INFO: b'Exiting with exit code 0. Exit code info: (EXITCODE_SUCCESS)\r\r\n'
2021-09-03 16:18:27,453 - INFO: Config内容更新完成
2021-09-03 16:18:27,455 - INFO: 全局信息:
2021-09-03 16:18:27,455 - INFO: data目录:C:\Users\ykk\Desktop\cst_tools\data
2021-09-03 16:18:27,456 - INFO: temp目录:C:\Users\ykk\Desktop\cst_tools\temp
2021-09-03 16:18:27,457 - INFO: log目录:C:\Users\ykk\Desktop\cst_tools\log
2021-09-03 16:18:27,458 - INFO: result目录:C:\Users\ykk\Desktop\cst_tools\result
2021-09-03 16:18:27,458 - INFO: CST版本:2020
2021-09-03 16:18:27,459 - INFO: CSTEXE路径:C:\Program Files (x86)\CST Studio Suite 2020\CST DESIGN ENVIRONMENT.exe
2021-09-03 16:18:27,459 - INFO: -----------------------------------
2021-09-03 16:18:27,467 - INFO: created worker type local id:0
2021-09-03 16:18:27,468 - INFO: TempDir:C:\Users\ykk\Desktop\cst_tools\project\HOM analysis\temp\worker_0
2021-09-03 16:18:27,468 - INFO: TaskFileDir:C:\Users\ykk\Desktop\cst_tools\project\HOM analysis\temp\worker_0
2021-09-03 16:18:27,508 - INFO: "C:\Program Files (x86)\CST Studio Suite 2020\CST DESIGN ENVIRONMENT.exe" -m "C:\Users\ykk\Desktop\cst_tools\project\HOM analysis\temp\worker_0\main.bas"
2021-09-03 16:18:27,514 - INFO: <subprocess.Popen object at 0x000001DDA23EEF70>
2021-09-03 16:18:27,516 - INFO: created worker type local id:1
2021-09-03 16:18:27,518 - INFO: TempDir:C:\Users\ykk\Desktop\cst_tools\project\HOM analysis\temp\worker_1
2021-09-03 16:18:27,518 - INFO: TaskFileDir:C:\Users\ykk\Desktop\cst_tools\project\HOM analysis\temp\worker_1
2021-09-03 16:18:27,549 - INFO: "C:\Program Files (x86)\CST Studio Suite 2020\CST DESIGN ENVIRONMENT.exe" -m "C:\Users\ykk\Desktop\cst_tools\project\HOM analysis\temp\worker_1\main.bas"
2021-09-03 16:18:27,552 - INFO: <subprocess.Popen object at 0x000001DDA23EED90>
2021-09-03 16:18:27,554 - INFO: JOB MANAGER 创建完成
2021-09-03 16:18:27,555 - INFO: UI:STARTING WORK
2021-09-03 16:18:27,558 - INFO: PCM:项目状态已设为RUNNING
2021-09-03 16:18:27,570 - INFO: WorkerID:'0' Run:0 Name:'frequency000000_700_800' started.
2021-09-03 16:18:27,572 - INFO: Start Time:'Fri Sep  3 16:18:27 2021'
