2021-08-11 21:25:48,551 - INFO: 日志已输出到log\base_2021-08-11-21_25_48.log
2021-08-11 21:25:48,551 - INFO: 使用PyQt5图形窗口运行模式
2021-08-11 21:25:49,179 - WARNING: 找到curr_global_cfg:config\current.ini
2021-08-11 21:25:54,461 - INFO: 项目目录已设为C:\Users\ykk\Desktop\cst_tools\project\pillbox_ay
2021-08-11 21:25:56,168 - INFO: 检查全局配置开始.
2021-08-11 21:25:56,169 - INFO: 检查CST PATH.
2021-08-11 21:25:56,170 - INFO: 检查CST PATH 成功.
2021-08-11 21:25:56,171 - INFO: 检查CST 版本.
2021-08-11 21:25:56,172 - DEBUG: CST ENV PATH为C:\Program Files (x86)\CST Studio Suite 2020\CST DESIGN ENVIRONMENT.exe
2021-08-11 21:25:56,173 - DEBUG: CST 版本为2020
2021-08-11 21:25:56,174 - INFO: 检查CST 版本 结束.
2021-08-11 21:25:56,175 - INFO: 检查各个路径是否存在.
2021-08-11 21:25:56,177 - INFO: 检查全局配置结束.
2021-08-11 21:25:56,177 - INFO: 通过全局配置检测
2021-08-11 21:25:56,178 - INFO: 使用命令行定义的project目录:C:/Users/ykk/Desktop/cst_tools/project/pillbox_ay
2021-08-11 21:25:56,179 - INFO: 检查project开始
2021-08-11 21:25:56,180 - INFO: 找到project目录:C:\Users\ykk\Desktop\cst_tools\project\pillbox_ay
2021-08-11 21:25:56,181 - INFO: 检查project结束
2021-08-11 21:25:56,183 - INFO: 已保存全局配置文件于config\current.ini。
2021-08-11 21:25:56,185 - INFO: 开始使用project目录:C:/Users/ykk/Desktop/cst_tools/project/pillbox_ay
2021-08-11 21:25:56,186 - INFO: 全局信息:
2021-08-11 21:25:56,187 - INFO: data目录:C:\Users\ykk\Desktop\cst_tools\data
2021-08-11 21:25:56,188 - INFO: temp目录:C:\Users\ykk\Desktop\cst_tools\temp
2021-08-11 21:25:56,189 - INFO: log目录:C:\Users\ykk\Desktop\cst_tools\log
2021-08-11 21:25:56,190 - INFO: result目录:C:\Users\ykk\Desktop\cst_tools\result
2021-08-11 21:25:56,192 - INFO: CST版本:2020
2021-08-11 21:25:56,192 - INFO: CSTEXE路径:C:\Program Files (x86)\CST Studio Suite 2020\CST DESIGN ENVIRONMENT.exe
2021-08-11 21:25:56,194 - INFO: project目录:C:\Users\ykk\Desktop\cst_tools\project\pillbox_ay
2021-08-11 21:25:56,196 - INFO: 尝试打开project目录C:\Users\ykk\Desktop\cst_tools\project\pillbox_ay。
2021-08-11 21:25:56,224 - INFO: 检测项目配置文件正确性
2021-08-11 21:25:56,225 - INFO: 测试项目配置文件是否存在
2021-08-11 21:25:56,226 - DEBUG: 推测项目配置文件位于C:\Users\ykk\Desktop\cst_tools\project\pillbox_ay\project.ini
2021-08-11 21:25:56,227 - INFO: 测试项目配置文件 通过
2021-08-11 21:25:56,229 - INFO: 测试CST模型文件是否存在
2021-08-11 21:25:56,230 - DEBUG: 推测模型文件位于C:\Users\ykk\Desktop\cst_tools\project\pillbox_ay\Pillbox_ay.cst
2021-08-11 21:25:56,231 - INFO: 测试CST模型文件 通过
2021-08-11 21:25:56,234 - INFO: 测试保存的MD5是否与CST模型文件匹配
2021-08-11 21:25:56,235 - INFO: 测试MD5 通过
2021-08-11 21:25:56,236 - INFO: project.ini检测项目配置文件结束

2021-08-11 21:25:56,237 - INFO: created worker type local id:0
2021-08-11 21:25:56,238 - INFO: TempDir:C:\Users\ykk\Desktop\cst_tools\project\pillbox_ay\temp\worker_0
2021-08-11 21:25:56,239 - INFO: TaskFileDir:C:\Users\ykk\Desktop\cst_tools\project\pillbox_ay\temp\worker_0
2021-08-11 21:25:56,241 - WARNING: CstProjectFile is not consistent with the one in temp.
2021-08-11 21:25:56,380 - INFO: Worker_(0):old runfile removed
2021-08-11 21:25:56,384 - INFO: "C:\Program Files (x86)\CST Studio Suite 2020\CST DESIGN ENVIRONMENT.exe" -m "C:\Users\ykk\Desktop\cst_tools\project\pillbox_ay\temp\worker_0\main.bas"
2021-08-11 21:25:56,387 - INFO: <subprocess.Popen object at 0x000001E9BEC922B0>
2021-08-11 21:25:56,388 - INFO: created worker type local id:1
2021-08-11 21:25:56,389 - INFO: TempDir:C:\Users\ykk\Desktop\cst_tools\project\pillbox_ay\temp\worker_1
2021-08-11 21:25:56,389 - INFO: TaskFileDir:C:\Users\ykk\Desktop\cst_tools\project\pillbox_ay\temp\worker_1
2021-08-11 21:25:56,391 - WARNING: CstProjectFile is not consistent with the one in temp.
2021-08-11 21:25:56,427 - INFO: Worker_(1):old runfile removed
2021-08-11 21:25:56,430 - INFO: "C:\Program Files (x86)\CST Studio Suite 2020\CST DESIGN ENVIRONMENT.exe" -m "C:\Users\ykk\Desktop\cst_tools\project\pillbox_ay\temp\worker_1\main.bas"
2021-08-11 21:25:56,433 - INFO: <subprocess.Popen object at 0x000001E9BEC92220>
2021-08-11 21:25:56,436 - INFO: WorkerID:'0' Run:0 Name:'R_230.000000_L_260.000000' started.
2021-08-11 21:25:56,437 - INFO: Start Time:'Wed Aug 11 21:25:56 2021'
2021-08-11 21:28:08,607 - INFO: WorkerID:'0' Run:0 Name:'R_230.000000_L_260.000000' success.
2021-08-11 21:28:08,607 - INFO: ElapsedTime:132.17088198661804
2021-08-11 21:28:08,608 - INFO: End Time:'Wed Aug 11 21:28:08 2021'
2021-08-11 21:28:08,608 - INFO: RUN:0
2021-08-11 21:28:08,609 - INFO: Stopping CST, Please Wait
2021-08-11 21:28:08,610 - INFO: Stopping CST, Please Wait
2021-08-11 21:28:09,611 - INFO: 1 secs
2021-08-11 21:28:09,612 - INFO: 1 secs
2021-08-11 21:28:10,613 - INFO: 2 secs
2021-08-11 21:28:10,614 - INFO: 2 secs
2021-08-11 21:28:11,615 - INFO: 3 secs
2021-08-11 21:28:11,616 - INFO: 3 secs
2021-08-11 21:28:12,616 - INFO: 4 secs
2021-08-11 21:28:12,617 - INFO: 4 secs
2021-08-11 21:28:13,617 - INFO: 5 secs
2021-08-11 21:28:13,617 - INFO: 5 secs
2021-08-11 21:28:14,619 - INFO: 6 secs
2021-08-11 21:28:14,620 - INFO: 6 secs
2021-08-11 21:28:15,622 - INFO: 7 secs
2021-08-11 21:28:15,622 - INFO: 7 secs
2021-08-11 21:28:16,623 - INFO: 8 secs
2021-08-11 21:28:16,624 - INFO: Stop success
2021-08-11 21:28:16,624 - INFO: 8 secs
2021-08-11 21:28:16,626 - INFO: Stop success
