2021-02-18 09:47:58,846 - WARNING: 找到curr_global_cfg:.\config\current.ini
2021-02-18 09:47:58,848 - INFO: 检查全局配置开始.
2021-02-18 09:47:58,848 - DEBUG: CST ENV PATH为C:\Program Files (x86)\CST Studio Suite 2020\CST DESIGN ENVIRONMENT.exe
2021-02-18 09:47:58,848 - DEBUG: CST 版本为2020
2021-02-18 09:47:58,849 - INFO: 检查全局配置结束.
2021-02-18 09:47:58,849 - INFO: 使用命令行定义的project目录:.\project\copper
2021-02-18 09:47:58,850 - INFO: 检查project开始
2021-02-18 09:47:58,850 - INFO: 找到project目录:.\project\copper
2021-02-18 09:47:58,851 - INFO: 检查project结束
2021-02-18 09:47:58,853 - INFO: 已保存全局配置文件于.\config\current.ini。
2021-02-18 09:47:58,853 - INFO: 开始使用project目录:.\project\copper
2021-02-18 09:47:58,854 - INFO: 尝试打开project目录.\project\copper。
2021-02-18 09:47:58,861 - INFO: project.ini测试结束

2021-02-18 09:47:58,863 - INFO: 全局信息:
2021-02-18 09:47:58,871 - INFO: data目录:./data
2021-02-18 09:47:58,876 - INFO: temp目录:./temp
2021-02-18 09:47:58,880 - INFO: log目录:./log
2021-02-18 09:47:58,881 - INFO: result目录:./result
2021-02-18 09:47:58,881 - INFO: CST版本:2020
2021-02-18 09:47:58,882 - INFO: CSTEXE路径:C:\Program Files (x86)\CST Studio Suite 2020\CST DESIGN ENVIRONMENT.exe
2021-02-18 09:47:58,883 - INFO: project目录:.\project\copper
2021-02-18 09:47:58,883 - INFO: 项目信息:
2021-02-18 09:47:58,884 - INFO: ProjectName:copper
2021-02-18 09:47:58,885 - INFO: ProjectType:default
2021-02-18 09:47:58,885 - INFO: ProjectDescription:
2021-02-18 09:47:58,886 - INFO: 项目result目录:..\..\result
2021-02-18 09:47:58,887 - INFO: 项目temp目录:..\..\temp
2021-02-18 09:47:58,887 - INFO: CST文件名:copper_cavity_new.cst
2021-02-18 09:47:58,888 - INFO: CSTFileMD5:258340b3a21969331402d2f31dd4fddc
2021-02-18 09:47:58,889 - INFO: 使用MPI:False
2021-02-18 09:47:58,889 - INFO: MPI节点文件:
2021-02-18 09:47:58,890 - INFO: UseRemoteCalculaton:False
2021-02-18 09:47:58,891 - INFO: DCMainControlAddress:
2021-02-18 09:47:58,892 - INFO: 参数列表文件:params.json
2021-02-18 09:47:58,905 - INFO: created worker type local id:0
2021-02-18 09:47:58,906 - INFO: TempDir:C:\Users\ykk48\Documents\cst_new\temp\worker_0
2021-02-18 09:47:58,906 - INFO: TaskFileDir:C:\Users\ykk48\Documents\cst_new\temp\worker_0
2021-02-18 09:47:58,928 - INFO: "C:\Program Files (x86)\CST Studio Suite 2020\CST DESIGN ENVIRONMENT.exe" -m "C:\Users\ykk48\Documents\cst_new\temp\worker_0\main.bas"
2021-02-18 09:47:58,934 - INFO: <subprocess.Popen object at 0x00000175CB003370>
2021-02-18 09:47:58,936 - INFO: created worker type local id:1
2021-02-18 09:47:58,937 - INFO: TempDir:C:\Users\ykk48\Documents\cst_new\temp\worker_1
2021-02-18 09:47:58,938 - INFO: TaskFileDir:C:\Users\ykk48\Documents\cst_new\temp\worker_1
2021-02-18 09:47:58,957 - INFO: "C:\Program Files (x86)\CST Studio Suite 2020\CST DESIGN ENVIRONMENT.exe" -m "C:\Users\ykk48\Documents\cst_new\temp\worker_1\main.bas"
2021-02-18 09:47:58,969 - INFO: <subprocess.Popen object at 0x00000175CB0032B0>
2021-02-18 09:47:58,979 - INFO: WorkerID:'0' Run:0 Name:'normal_result' started.
2021-02-18 09:47:58,982 - INFO: Start Time:'Thu Feb 18 09:47:58 2021'
2021-02-18 09:51:00,524 - ERROR: CST ENV stopped
