2021-02-18 09:24:37,704 - WARNING: 找到curr_global_cfg:.\config\current.ini
2021-02-18 09:24:37,711 - INFO: 检查全局配置开始.
2021-02-18 09:24:37,712 - DEBUG: CST ENV PATH为C:\Program Files (x86)\CST Studio Suite 2020\CST DESIGN ENVIRONMENT.exe
2021-02-18 09:24:37,713 - DEBUG: CST 版本为2020
2021-02-18 09:24:37,714 - INFO: 检查全局配置结束.
2021-02-18 09:24:37,714 - INFO: 使用命令行定义的project目录:.\project\copper
2021-02-18 09:24:37,714 - INFO: 检查project开始
2021-02-18 09:24:37,715 - INFO: 找到project目录:.\project\copper
2021-02-18 09:24:37,725 - INFO: 检查project结束
2021-02-18 09:24:37,736 - INFO: 已保存全局配置文件于.\config\current.ini。
2021-02-18 09:24:37,736 - INFO: 开始使用project目录:.\project\copper
2021-02-18 09:24:37,739 - INFO: 尝试打开project目录.\project\copper。
2021-02-18 09:24:37,746 - WARNING: 记录的CST文件MD5679ab7289ee38f722f32700d8c2033f6与实际的258340b3a21969331402d2f31dd4fddc不一致，已被修改
2021-02-18 09:24:37,746 - WARNING: 是否重新生成参数列表n/y
2021-02-18 09:24:40,729 - INFO: 正在重新生成参数列表
2021-02-18 09:24:40,731 - INFO: 正在从CST文件中读取参数列表。
2021-02-18 09:25:10,308 - INFO: b'This is CST DESIGN ENVIRONMENT 2020.0 Release from 2019-09-25 (change 724524)\r\r\n'
2021-02-18 09:25:10,308 - INFO: b'Using install path: C:\\Program Files (x86)\\CST Studio Suite 2020\\\r\r\n'
2021-02-18 09:25:10,310 - INFO: b'Using Qt 5.12.3 (compiled with 5.12.3)\r\r\n'
2021-02-18 09:25:10,311 - INFO: b'\r\r\n'
2021-02-18 09:25:10,312 - INFO: b'Checking license servers...\r\r\n'
2021-02-18 09:25:10,312 - INFO: b'No license search path found in CST registry.\r\r\n'
2021-02-18 09:25:10,313 - INFO: b'Checking license at startup successfully passed.\r\r\n'
2021-02-18 09:25:10,314 - INFO: b'Connected to license server: 11605@LAPTOP-1M7HQML5\r\r\n'
2021-02-18 09:25:10,315 - INFO: b'[modeler_AMD64.exe] This is the modeler 2020.0 Release from 2019-09-25 (change 724524)\r\r\n'
2021-02-18 09:25:10,316 - INFO: b'[modeler_AMD64.exe] Startup: 18.02.2021 09:24:44\r\r\n'
2021-02-18 09:25:10,317 - INFO: b'[modeler_AMD64.exe] \r\r\n'
2021-02-18 09:25:10,319 - INFO: b'[modeler_AMD64.exe] Modeler affinity of main thread: 1111 1111 \r\r\n'
2021-02-18 09:25:10,320 - INFO: b'[modeler_AMD64.exe] \r\r\n'
2021-02-18 09:25:10,320 - INFO: b'[modeler_AMD64.exe] thread setup 1: 4, 8\r\r\n'
2021-02-18 09:25:10,320 - INFO: b'[modeler_AMD64.exe]   sockets         : 1\r\r\n'
2021-02-18 09:25:10,321 - INFO: b'[modeler_AMD64.exe]   cores per socket: 4\r\r\n'
2021-02-18 09:25:10,322 - INFO: b'[modeler_AMD64.exe]   ht units        : 2\r\r\n'
2021-02-18 09:25:10,322 - INFO: b'[modeler_AMD64.exe]   acc. hw         : 8\r\r\n'
2021-02-18 09:25:10,323 - INFO: b'[modeler_AMD64.exe]   acc. OSI        : 8\r\r\n'
2021-02-18 09:25:10,323 - INFO: b'[modeler_AMD64.exe]   aff. available  : yes\r\r\n'
2021-02-18 09:25:10,324 - INFO: b"[modeler_AMD64.exe]   OSI log         : CPUID: selected engine is 'Leaf 0xB detection'\r\r\n"
2021-02-18 09:25:10,324 - INFO: b'[modeler_AMD64.exe] Logical  0: socket  0 core  0\r\r\n'
2021-02-18 09:25:10,325 - INFO: b'[modeler_AMD64.exe] Logical  1: socket  0 core  1\r\r\n'
2021-02-18 09:25:10,325 - INFO: b'[modeler_AMD64.exe] Logical  2: socket  0 core  2\r\r\n'
2021-02-18 09:25:10,326 - INFO: b'[modeler_AMD64.exe] Logical  3: socket  0 core  3\r\r\n'
2021-02-18 09:25:10,326 - INFO: b'[modeler_AMD64.exe] Logical  4: socket  0 core  4\r\r\n'
2021-02-18 09:25:10,327 - INFO: b'[modeler_AMD64.exe] Logical  5: socket  0 core  5\r\r\n'
2021-02-18 09:25:10,327 - INFO: b'[modeler_AMD64.exe] Logical  6: socket  0 core  6\r\r\n'
2021-02-18 09:25:10,328 - INFO: b'[modeler_AMD64.exe] Logical  7: socket  0 core  7\r\r\n'
2021-02-18 09:25:10,328 - INFO: b'[modeler_AMD64.exe] packages: 1\r\r\n'
2021-02-18 09:25:10,329 - INFO: b'[modeler_AMD64.exe] cores   : 4\r\r\n'
2021-02-18 09:25:10,329 - INFO: b'[modeler_AMD64.exe] ht units: 2\r\r\n'
2021-02-18 09:25:10,330 - INFO: b'[modeler_AMD64.exe] \r\r\n'
2021-02-18 09:25:10,330 - INFO: b'[modeler_AMD64.exe] \r\r\n'
2021-02-18 09:25:10,331 - INFO: b'[modeler_AMD64.exe] thread setup 2: 4\r\r\n'
2021-02-18 09:25:10,343 - INFO: b'[modeler_AMD64.exe] thread setup 3: 128 --> 4\r\r\n'
2021-02-18 09:25:10,352 - INFO: b'[modeler_AMD64.exe] Modeler openmp threads: 4\r\r\n'
2021-02-18 09:25:10,354 - INFO: b'[modeler_AMD64.exe] Parallel ACIS is active. Starting 8 worker threads for ACIS.\r\r\n'
2021-02-18 09:25:10,354 - INFO: b'[schematic_AMD64.exe] This is the schematic 2020.0 Release from 2019-09-25 (change 724524)\r\r\n'
2021-02-18 09:25:10,355 - INFO: b'[schematic_AMD64.exe] \r\r\n'
2021-02-18 09:25:10,356 - INFO: b'[schematic_AMD64.exe] \r\r\n'
2021-02-18 09:25:10,359 - INFO: b'[schematic_AMD64.exe] project name: c:\\users\\ykk48\\appdata\\local\\temp\\cstde1\\temp\\de98\\untitled_0.cst\r\r\n'
2021-02-18 09:25:10,368 - INFO: b'[schematic_AMD64.exe] \r\r\n'
2021-02-18 09:25:10,372 - INFO: b'[schematic_AMD64.exe] \r\r\n'
2021-02-18 09:25:10,380 - INFO: b'[schematic_AMD64.exe] myname: C:\\Program Files (x86)\\CST Studio Suite 2020\\AMD64\\schematic_AMD64.exe\r\r\n'
2021-02-18 09:25:10,380 - INFO: b'[schematic_AMD64.exe] \r\r\n'
2021-02-18 09:25:10,381 - INFO: b'It seems that the history list contains non ASCII characters. This may cause undesired effects if the CST project is used on computers with a different language setting or operating system.\r\r\n'
2021-02-18 09:25:10,382 - INFO: b'The following history blocks contain non ASCII characters either in their name or content:\r\r\n'
2021-02-18 09:25:10,382 - INFO: b'171, 172, 174, 175, 176, 201, 202, 203, 204, 207, 209, 210, 211, 212, 213, 215, 217.\r\r\n'
2021-02-18 09:25:10,383 - INFO: b'[modeler_AMD64.exe] 2 blocks read in parallel from ACIS file. 2 top level entities in total.\r\r\n'
2021-02-18 09:25:10,384 - INFO: b'[modeler_AMD64.exe] 15 blocks read in parallel from ACIS file. 15 top level entities in total.\r\r\n'
2021-02-18 09:25:10,384 - INFO: b'Sub-Project import: External reference cannot be found: \r\r\n'
2021-02-18 09:25:10,385 - INFO: b'  "D:\\x.r.hao\\2#WHPS2021\\500MHz cavity\\model\\\xbe\xd8\xd0\xce\xb2\xa8\xb5\xbc\xce\xfc\xca\xd5\xc6\xf7.cst"\r\r\n'
2021-02-18 09:25:10,385 - INFO: b'  "D:\\x.r.hao\\2#WHPS2021\\500MHz cavity\\model\\140\xce\xfc\xca\xd5\xc6\xf7.cst"\r\r\n'
2021-02-18 09:25:10,386 - INFO: b'[modeler_AMD64.exe] Skipping template 3D\\Frequency (Multiple Modes):: Template needs to be evaluated first.\r\r\n'
2021-02-18 09:25:10,386 - INFO: b'[modeler_AMD64.exe] Skipping template 3D\\Q-Factor (Perturbation) (Multiple Modes):: Template needs to be evaluated first.\r\r\n'
2021-02-18 09:25:10,387 - INFO: b'[modeler_AMD64.exe] Skipping template 3D\\R over Q beta=1 (Multiple Modes):: Template needs to be evaluated first.\r\r\n'
2021-02-18 09:25:10,387 - INFO: b'[modeler_AMD64.exe] Skipping template 3D\\Q-Factor (Perturbation) (Multiple Modes)_1:: Template needs to be evaluated first.\r\r\n'
2021-02-18 09:25:10,388 - INFO: b'[modeler_AMD64.exe] Skipping template 3D\\Shunt Impedance (Pertubation) beta=1 (Multiple Modes):: Template needs to be evaluated first.\r\r\n'
2021-02-18 09:25:10,388 - INFO: b'[modeler_AMD64.exe] Skipping template 3D\\Voltage beta=1 (Multiple Modes):: Template needs to be evaluated first.\r\r\n'
2021-02-18 09:25:10,389 - INFO: b'Batch run finished successfully\r\r\n'
2021-02-18 09:25:10,389 - INFO: b'[modeler_AMD64.exe] Modeler finished successfully\r\r\n'
2021-02-18 09:25:10,390 - INFO: b'Exiting with exit code 0. Exit code info: (EXITCODE_SUCCESS)\r\r\n'
2021-02-18 09:25:10,395 - WARNING: 生成结束，请重新运行程序
