2021-04-30 12:00:02,406 - WARNING: 找到curr_global_cfg:.\config\current.ini
2021-04-30 12:00:02,411 - INFO: 检查全局配置开始.
2021-04-30 12:00:02,412 - DEBUG: CST ENV PATH为C:\Program Files (x86)\CST Studio Suite 2020\CST DESIGN ENVIRONMENT.exe
2021-04-30 12:00:02,412 - DEBUG: CST 版本为2020
2021-04-30 12:00:02,413 - INFO: 检查全局配置结束.
2021-04-30 12:00:02,413 - INFO: 使用命令行定义的project目录:.\project\Enlarged
2021-04-30 12:00:02,413 - INFO: 检查project开始
2021-04-30 12:00:02,413 - INFO: 找到project目录:.\project\Enlarged
2021-04-30 12:00:02,414 - INFO: 检查project结束
2021-04-30 12:00:02,414 - INFO: 已保存全局配置文件于.\config\current.ini。
2021-04-30 12:00:02,414 - INFO: 开始使用project目录:.\project\Enlarged
2021-04-30 12:00:02,415 - INFO: 尝试打开project目录.\project\Enlarged。
2021-04-30 12:00:02,415 - ERROR: 未找到配置文件project.ini。
2021-04-30 12:00:02,415 - INFO: 尝试从project目录.\project\Enlarged创建配置文件。
2021-04-30 12:00:02,416 - INFO: 创建配置文件project.ini。
2021-04-30 12:00:02,416 - INFO: 未指定project名,使用为默认目录名Enlarged
2021-04-30 12:00:02,417 - INFO: 找到CST项目文件Enlarged.cst
2021-04-30 12:00:02,462 - INFO: 正在从CST文件中读取参数列表。
2021-04-30 12:00:16,119 - INFO: b'This is CST DESIGN ENVIRONMENT 2020.0 Release from 2019-09-25 (change 724524)\r\r\n'
2021-04-30 12:00:16,120 - INFO: b'Using install path: C:\\Program Files (x86)\\CST Studio Suite 2020\\\r\r\n'
2021-04-30 12:00:16,121 - INFO: b'Using Qt 5.12.3 (compiled with 5.12.3)\r\r\n'
2021-04-30 12:00:16,121 - INFO: b'\r\r\n'
2021-04-30 12:00:16,121 - INFO: b'Checking license servers...\r\r\n'
2021-04-30 12:00:16,121 - INFO: b'License search path found in CST registry: 11605@whpsgroup.test\r\r\n'
2021-04-30 12:00:16,122 - INFO: b'Checking license at startup successfully passed.\r\r\n'
2021-04-30 12:00:16,122 - INFO: b'Connected to license server: 11605@whpsgroup.test\r\r\n'
2021-04-30 12:00:16,122 - INFO: b'[modeler_AMD64.exe] This is the modeler 2020.0 Release from 2019-09-25 (change 724524)\r\r\n'
2021-04-30 12:00:16,123 - INFO: b'[modeler_AMD64.exe] Startup: 30.04.2021 12:00:05\r\r\n'
2021-04-30 12:00:16,123 - INFO: b'[modeler_AMD64.exe] \r\r\n'
2021-04-30 12:00:16,123 - INFO: b'[modeler_AMD64.exe] Modeler affinity of main thread: 111111111111 111111111111 \r\r\n'
2021-04-30 12:00:16,124 - INFO: b'[modeler_AMD64.exe] \r\r\n'
2021-04-30 12:00:16,125 - INFO: b'[modeler_AMD64.exe] thread setup 1: 12, 24\r\r\n'
2021-04-30 12:00:16,126 - INFO: b'[modeler_AMD64.exe]   sockets         : 1\r\r\n'
2021-04-30 12:00:16,126 - INFO: b'[modeler_AMD64.exe]   cores per socket: 12\r\r\n'
2021-04-30 12:00:16,127 - INFO: b'[modeler_AMD64.exe]   ht units        : 2\r\r\n'
2021-04-30 12:00:16,128 - INFO: b'[modeler_AMD64.exe]   acc. hw         : 24\r\r\n'
2021-04-30 12:00:16,129 - INFO: b'[modeler_AMD64.exe]   acc. OSI        : 24\r\r\n'
2021-04-30 12:00:16,130 - INFO: b'[modeler_AMD64.exe]   aff. available  : yes\r\r\n'
2021-04-30 12:00:16,136 - INFO: b"[modeler_AMD64.exe]   OSI log         : CPUID: selected engine is 'Leaf 0xB detection'\r\r\n"
2021-04-30 12:00:16,138 - INFO: b'[modeler_AMD64.exe] Logical  0: socket  0 core  0\r\r\n'
2021-04-30 12:00:16,138 - INFO: b'[modeler_AMD64.exe] Logical  1: socket  0 core  1\r\r\n'
2021-04-30 12:00:16,139 - INFO: b'[modeler_AMD64.exe] Logical  2: socket  0 core  2\r\r\n'
2021-04-30 12:00:16,140 - INFO: b'[modeler_AMD64.exe] Logical  3: socket  0 core  3\r\r\n'
2021-04-30 12:00:16,141 - INFO: b'[modeler_AMD64.exe] Logical  4: socket  0 core  4\r\r\n'
2021-04-30 12:00:16,142 - INFO: b'[modeler_AMD64.exe] Logical  5: socket  0 core  5\r\r\n'
2021-04-30 12:00:16,143 - INFO: b'[modeler_AMD64.exe] Logical  6: socket  0 core  6\r\r\n'
2021-04-30 12:00:16,144 - INFO: b'[modeler_AMD64.exe] Logical  7: socket  0 core  7\r\r\n'
2021-04-30 12:00:16,148 - INFO: b'[modeler_AMD64.exe] Logical  8: socket  0 core  8\r\r\n'
2021-04-30 12:00:16,149 - INFO: b'[modeler_AMD64.exe] Logical  9: socket  0 core  9\r\r\n'
2021-04-30 12:00:16,151 - INFO: b'[modeler_AMD64.exe] Logical 10: socket  0 core 10\r\r\n'
2021-04-30 12:00:16,152 - INFO: b'[modeler_AMD64.exe] Logical 11: socket  0 core 11\r\r\n'
2021-04-30 12:00:16,153 - INFO: b'[modeler_AMD64.exe] Logical 12: socket  0 core 12\r\r\n'
2021-04-30 12:00:16,155 - INFO: b'[modeler_AMD64.exe] Logical 13: socket  0 core 13\r\r\n'
2021-04-30 12:00:16,160 - INFO: b'[modeler_AMD64.exe] Logical 14: socket  0 core 14\r\r\n'
2021-04-30 12:00:16,161 - INFO: b'[modeler_AMD64.exe] Logical 15: socket  0 core 15\r\r\n'
2021-04-30 12:00:16,161 - INFO: b'[modeler_AMD64.exe] Logical 16: socket  0 core 16\r\r\n'
2021-04-30 12:00:16,162 - INFO: b'[modeler_AMD64.exe] Logical 17: socket  0 core 17\r\r\n'
2021-04-30 12:00:16,163 - INFO: b'[modeler_AMD64.exe] Logical 18: socket  0 core 18\r\r\n'
2021-04-30 12:00:16,164 - INFO: b'[modeler_AMD64.exe] Logical 19: socket  0 core 19\r\r\n'
2021-04-30 12:00:16,165 - INFO: b'[modeler_AMD64.exe] Logical 20: socket  0 core 20\r\r\n'
2021-04-30 12:00:16,166 - INFO: b'[modeler_AMD64.exe] Logical 21: socket  0 core 21\r\r\n'
2021-04-30 12:00:16,167 - INFO: b'[modeler_AMD64.exe] Logical 22: socket  0 core 22\r\r\n'
2021-04-30 12:00:16,171 - INFO: b'[modeler_AMD64.exe] Logical 23: socket  0 core 23\r\r\n'
2021-04-30 12:00:16,171 - INFO: b'[modeler_AMD64.exe] packages: 1\r\r\n'
2021-04-30 12:00:16,172 - INFO: b'[modeler_AMD64.exe] cores   : 12\r\r\n'
2021-04-30 12:00:16,173 - INFO: b'[modeler_AMD64.exe] ht units: 2\r\r\n'
2021-04-30 12:00:16,174 - INFO: b'[modeler_AMD64.exe] \r\r\n'
2021-04-30 12:00:16,175 - INFO: b'[modeler_AMD64.exe] \r\r\n'
2021-04-30 12:00:16,176 - INFO: b'[modeler_AMD64.exe] thread setup 2: 12\r\r\n'
2021-04-30 12:00:16,177 - INFO: b'[modeler_AMD64.exe] thread setup 3: 24 --> 12\r\r\n'
2021-04-30 12:00:16,177 - INFO: b'[modeler_AMD64.exe] Modeler openmp threads: 12\r\r\n'
2021-04-30 12:00:16,178 - INFO: b'[modeler_AMD64.exe] Parallel ACIS is active. Starting 24 worker threads for ACIS.\r\r\n'
2021-04-30 12:00:16,182 - INFO: b'[schematic_AMD64.exe] This is the schematic 2020.0 Release from 2019-09-25 (change 724524)\r\r\n'
2021-04-30 12:00:16,183 - INFO: b'[schematic_AMD64.exe] \r\r\n'
2021-04-30 12:00:16,184 - INFO: b'[schematic_AMD64.exe] \r\r\n'
2021-04-30 12:00:16,185 - INFO: b'[schematic_AMD64.exe] project name: c:\\users\\ykk\\appdata\\local\\temp\\1\\cstde1\\temp\\de\\untitled_0.cst\r\r\n'
2021-04-30 12:00:16,186 - INFO: b'[schematic_AMD64.exe] \r\r\n'
2021-04-30 12:00:16,187 - INFO: b'[schematic_AMD64.exe] \r\r\n'
2021-04-30 12:00:16,188 - INFO: b'[schematic_AMD64.exe] myname: C:\\Program Files (x86)\\CST Studio Suite 2020\\AMD64\\schematic_AMD64.exe\r\r\n'
2021-04-30 12:00:16,189 - INFO: b'[schematic_AMD64.exe] \r\r\n'
2021-04-30 12:00:16,190 - INFO: b'It seems that the history list contains non ASCII characters. This may cause undesired effects if the CST project is used on computers with a different language setting or operating system.\r\r\n'
2021-04-30 12:00:16,194 - INFO: b'The following history blocks contain non ASCII characters either in their name or content:\r\r\n'
2021-04-30 12:00:16,195 - INFO: b'46, 47, 49.\r\r\n'
2021-04-30 12:00:16,196 - INFO: b'[modeler_AMD64.exe] 2 blocks read in parallel from ACIS file. 2 top level entities in total.\r\r\n'
2021-04-30 12:00:16,198 - INFO: b'[modeler_AMD64.exe] 2 blocks read in parallel from ACIS file. 2 top level entities in total.\r\r\n'
2021-04-30 12:00:16,199 - INFO: b'Sub-Project import: External reference cannot be found: \r\r\n'
2021-04-30 12:00:16,200 - INFO: b'  "D:\\x.r.hao\\2#WHPS2021\\500MHz cavity\\model2020\\absorb\\\xa6\xb5140absorb(ideal).cst"\r\r\n'
2021-04-30 12:00:16,201 - INFO: b'  "D:\\x.r.hao\\2#WHPS2021\\500MHz cavity\\model2020\\taper\\taper_Left.cst"\r\r\n'
2021-04-30 12:00:16,202 - INFO: b'  "D:\\x.r.hao\\2#WHPS2021\\500MHz cavity\\model2020\\taper\\taper_right.cst"\r\r\n'
2021-04-30 12:00:16,206 - INFO: b'Some objects were hidden when this project was last saved. These objects are still hidden.\r\r\n'
2021-04-30 12:00:16,207 - INFO: b'Schematic window contains tasks in the navigation tree.\r\r\n'
2021-04-30 12:00:16,208 - INFO: b'[modeler_AMD64.exe] Skipping template 3D\\Frequency (Multiple Modes):: Template needs to be evaluated first.\r\r\n'
2021-04-30 12:00:22,148 - INFO: b'[modeler_AMD64.exe] Skipping template 3D\\R over Q beta=1 (Multiple Modes):: Template needs to be evaluated first.\r\r\n'
2021-04-30 12:00:22,149 - INFO: b'[modeler_AMD64.exe] Skipping template 3D\\R over Q beta=1 (Multiple Modes)offset1=5mm (Multiple Modes):: Template needs to be evaluated first.\r\r\n'
2021-04-30 12:00:22,152 - INFO: b'[modeler_AMD64.exe] Skipping template 3D\\R over Q beta=1 (Multiple Modes)offset2=10mm (Multiple Modes):: Template needs to be evaluated first.\r\r\n'
2021-04-30 12:00:22,154 - INFO: b'[modeler_AMD64.exe] Skipping template 3D\\Q-Factor (Perturbation) (Multiple Modes):: Template needs to be evaluated first.\r\r\n'
2021-04-30 12:00:22,156 - INFO: b'[modeler_AMD64.exe] Skipping template 3D\\Shunt Impedance (Pertubation) beta=1 (Multiple Modes):: Template needs to be evaluated first.\r\r\n'
2021-04-30 12:00:22,158 - INFO: b'[modeler_AMD64.exe] Skipping template 3D\\Voltage (Multiple Modes):: Template needs to be evaluated first.\r\r\n'
2021-04-30 12:00:22,160 - INFO: b'[modeler_AMD64.exe] Skipping template 3D\\Total Loss (Pert., Aver.) (Multiple Modes):: Template needs to be evaluated first.\r\r\n'
2021-04-30 12:00:22,166 - INFO: b'Batch run finished successfully\r\r\n'
2021-04-30 12:00:22,166 - INFO: b'[modeler_AMD64.exe] Modeler finished successfully\r\r\n'
2021-04-30 12:00:22,167 - INFO: b'Exiting with exit code 0. Exit code info: (EXITCODE_SUCCESS)\r\r\n'
2021-04-30 12:00:22,171 - INFO: 创建配置文件结束。
2021-04-30 12:00:22,204 - INFO: project.ini测试结束

2021-04-30 12:00:22,230 - INFO: project.ini测试结束

2021-04-30 12:00:22,231 - INFO: 全局信息:
2021-04-30 12:00:22,235 - INFO: data目录:./data
2021-04-30 12:00:22,235 - INFO: temp目录:./temp
2021-04-30 12:00:22,235 - INFO: log目录:./log
2021-04-30 12:00:22,236 - INFO: result目录:./result
2021-04-30 12:00:22,237 - INFO: CST版本:2020
2021-04-30 12:00:22,237 - INFO: CSTEXE路径:C:\Program Files (x86)\CST Studio Suite 2020\CST DESIGN ENVIRONMENT.exe
2021-04-30 12:00:22,237 - INFO: project目录:.\project\Enlarged
2021-04-30 12:00:22,238 - INFO: 项目信息:
2021-04-30 12:00:22,239 - INFO: ProjectName:Enlarged
2021-04-30 12:00:22,239 - INFO: ProjectType:Enlarged
2021-04-30 12:00:22,240 - INFO: ProjectDescription:
2021-04-30 12:00:22,241 - INFO: 项目result目录:..\..\result
2021-04-30 12:00:22,242 - INFO: 项目temp目录:..\..\temp
2021-04-30 12:00:22,243 - INFO: CST文件名:Enlarged.cst
2021-04-30 12:00:22,250 - INFO: CSTFileMD5:79a9735d63d51c039bd6f639e297e493
2021-04-30 12:00:22,251 - INFO: 使用MPI:False
2021-04-30 12:00:22,252 - INFO: MPI节点文件:
2021-04-30 12:00:22,253 - INFO: UseRemoteCalculaton:False
2021-04-30 12:00:22,253 - INFO: DCMainControlAddress:
2021-04-30 12:00:22,258 - INFO: 参数列表文件:params.json
2021-04-30 12:00:22,281 - INFO: created worker type local id:0
2021-04-30 12:00:22,282 - INFO: TempDir:C:\Users\ykk\Desktop\cst_tools\temp\worker_0
2021-04-30 12:00:22,283 - INFO: TaskFileDir:C:\Users\ykk\Desktop\cst_tools\temp\worker_0
2021-04-30 12:00:22,305 - INFO: "C:\Program Files (x86)\CST Studio Suite 2020\CST DESIGN ENVIRONMENT.exe" -m "C:\Users\ykk\Desktop\cst_tools\temp\worker_0\main.bas"
2021-04-30 12:00:22,311 - INFO: <subprocess.Popen object at 0x000001E9BAAF6EB0>
2021-04-30 12:00:22,317 - INFO: created worker type local id:1
2021-04-30 12:00:22,318 - INFO: TempDir:C:\Users\ykk\Desktop\cst_tools\temp\worker_1
2021-04-30 12:00:22,325 - INFO: TaskFileDir:C:\Users\ykk\Desktop\cst_tools\temp\worker_1
2021-04-30 12:00:22,338 - INFO: "C:\Program Files (x86)\CST Studio Suite 2020\CST DESIGN ENVIRONMENT.exe" -m "C:\Users\ykk\Desktop\cst_tools\temp\worker_1\main.bas"
2021-04-30 12:00:22,343 - INFO: <subprocess.Popen object at 0x000001E9BAB0F430>
2021-04-30 12:00:22,365 - INFO: WorkerID:'0' Run:0 Name:'R_230.000000_L_260.000000' started.
2021-04-30 12:00:22,366 - INFO: Start Time:'Fri Apr 30 12:00:22 2021'
2021-04-30 12:01:17,409 - ERROR: CST ENV stopped
