2021-12-22 17:01:08,727 - INFO: 日志已输出到log\base_2021-12-22-17_01_08.log
2021-12-22 17:01:08,727 - INFO: 找到curr_global_cfg:config\current.ini
2021-12-22 17:01:08,733 - INFO: 使用PyQt5图形窗口运行模式
2021-12-22 17:01:14,235 - INFO: PCM:currProjectDir 已设为C:\Users\ykk\Desktop\QEXT
2021-12-22 17:01:18,967 - INFO: PCM:inputCSTFilePath 已设为C:\Users\ykk\Desktop\QEXT\Pillbox.cst
2021-12-22 17:01:41,493 - INFO: PCM:inputCSTFilePath 已设为C:\Users\ykk\Desktop\cst_tools\project\pillbox\Pillbox.cst
2021-12-22 17:01:42,507 - INFO: BASE:SET CTN=False,SAFE=False
2021-12-22 17:01:42,507 - INFO: 检查全局配置开始.
2021-12-22 17:01:42,508 - INFO: 检查CST PATH.
2021-12-22 17:01:42,508 - INFO: 检查CST PATH 成功.
2021-12-22 17:01:42,508 - INFO: 检查CST 版本.
2021-12-22 17:01:42,508 - DEBUG: CST ENV PATH为C:\Program Files (x86)\CST Studio Suite 2020\CST DESIGN ENVIRONMENT.exe
2021-12-22 17:01:42,509 - DEBUG: CST 版本为2020
2021-12-22 17:01:42,509 - INFO: 检查CST 版本 结束.
2021-12-22 17:01:42,509 - INFO: 检查各个路径是否存在.
2021-12-22 17:01:42,509 - INFO: 检查全局配置结束.
2021-12-22 17:01:42,510 - INFO: 通过全局配置检测
2021-12-22 17:01:42,510 - INFO: 已保存全局配置文件于config\current.ini。
2021-12-22 17:01:42,511 - INFO: 开始使用project目录:C:\Users\ykk\Desktop\QEXT
2021-12-22 17:01:42,511 - INFO: 准备项目文件
2021-12-22 17:01:42,511 - INFO: 尝试打开project目录C:\Users\ykk\Desktop\QEXT。
2021-12-22 17:01:42,512 - INFO: 目录C:\Users\ykk\Desktop\QEXT为空。
2021-12-22 17:01:42,512 - INFO: 目录C:\Users\ykk\Desktop\QEXT无旧文件
2021-12-22 17:01:42,512 - INFO: 尝试从project目录C:\Users\ykk\Desktop\QEXT创建空白配置文件。
2021-12-22 17:01:42,513 - INFO: 开始创建配置文件project.ini于C:\Users\ykk\Desktop\QEXT\project.ini。
2021-12-22 17:01:42,513 - INFO: 未指定project名,使用为默认目录名QEXT
2021-12-22 17:01:42,514 - INFO: 创建配置文件结束。
2021-12-22 17:01:42,515 - INFO: 已将输入CST文件C:\Users\ykk\Desktop\cst_tools\project\pillbox\Pillbox.cst复制到project目录C:\Users\ykk\Desktop\QEXT\Pillbox.cst。
2021-12-22 17:01:42,515 - INFO: 根据输入的CST文件进行预处理且更新Config内容
2021-12-22 17:01:42,679 - INFO: 正在从CST文件中读取参数列表。
2021-12-22 17:01:42,680 - INFO: tempdir为C:\Users\ykk\Desktop\QEXT\temp。
2021-12-22 17:01:42,681 - INFO: 临时文件生成成功。
2021-12-22 17:01:52,025 - INFO: b'This is CST DESIGN ENVIRONMENT 2020.0 Release from 2019-09-25 (change 724524)\r\r\n'
2021-12-22 17:01:52,025 - INFO: b'Using install path: C:\\Program Files (x86)\\CST Studio Suite 2020\\\r\r\n'
2021-12-22 17:01:52,026 - INFO: b'Using Qt 5.12.3 (compiled with 5.12.3)\r\r\n'
2021-12-22 17:01:52,026 - INFO: b'\r\r\n'
2021-12-22 17:01:52,027 - INFO: b'Checking license servers...\r\r\n'
2021-12-22 17:01:52,027 - INFO: b'License search path found in CST registry: 11605@whpsgroup.test\r\r\n'
2021-12-22 17:01:52,028 - INFO: b'Checking license at startup successfully passed.\r\r\n'
2021-12-22 17:01:52,028 - INFO: b'Connected to license server: 11605@whpsgroup.test\r\r\n'
2021-12-22 17:01:52,029 - INFO: b'[modeler_AMD64.exe] This is the modeler 2020.0 Release from 2019-09-25 (change 724524)\r\r\n'
2021-12-22 17:01:52,030 - INFO: b'[modeler_AMD64.exe] Startup: 22.12.2021 17:01:45\r\r\n'
2021-12-22 17:01:52,030 - INFO: b'[modeler_AMD64.exe] \r\r\n'
2021-12-22 17:01:52,031 - INFO: b'[modeler_AMD64.exe] Modeler affinity of main thread: 111111111111 111111111111 \r\r\n'
2021-12-22 17:01:52,031 - INFO: b'[modeler_AMD64.exe] \r\r\n'
2021-12-22 17:01:52,032 - INFO: b'[modeler_AMD64.exe] thread setup 1: 12, 24\r\r\n'
2021-12-22 17:01:52,032 - INFO: b'[modeler_AMD64.exe]   sockets         : 1\r\r\n'
2021-12-22 17:01:52,033 - INFO: b'[modeler_AMD64.exe]   cores per socket: 12\r\r\n'
2021-12-22 17:01:52,033 - INFO: b'[modeler_AMD64.exe]   ht units        : 2\r\r\n'
2021-12-22 17:01:52,034 - INFO: b'[modeler_AMD64.exe]   acc. hw         : 24\r\r\n'
2021-12-22 17:01:52,034 - INFO: b'[modeler_AMD64.exe]   acc. OSI        : 24\r\r\n'
2021-12-22 17:01:52,034 - INFO: b'[modeler_AMD64.exe]   aff. available  : yes\r\r\n'
2021-12-22 17:01:52,035 - INFO: b"[modeler_AMD64.exe]   OSI log         : CPUID: selected engine is 'Leaf 0xB detection'\r\r\n"
2021-12-22 17:01:52,043 - INFO: b'[modeler_AMD64.exe] Logical  0: socket  0 core  0\r\r\n'
2021-12-22 17:01:52,044 - INFO: b'[modeler_AMD64.exe] Logical  1: socket  0 core  1\r\r\n'
2021-12-22 17:01:52,044 - INFO: b'[modeler_AMD64.exe] Logical  2: socket  0 core  2\r\r\n'
2021-12-22 17:01:52,045 - INFO: b'[modeler_AMD64.exe] Logical  3: socket  0 core  3\r\r\n'
2021-12-22 17:01:52,045 - INFO: b'[modeler_AMD64.exe] Logical  4: socket  0 core  4\r\r\n'
2021-12-22 17:01:52,046 - INFO: b'[modeler_AMD64.exe] Logical  5: socket  0 core  5\r\r\n'
2021-12-22 17:01:52,046 - INFO: b'[modeler_AMD64.exe] Logical  6: socket  0 core  6\r\r\n'
2021-12-22 17:01:52,047 - INFO: b'[modeler_AMD64.exe] Logical  7: socket  0 core  7\r\r\n'
2021-12-22 17:01:52,047 - INFO: b'[modeler_AMD64.exe] Logical  8: socket  0 core  8\r\r\n'
2021-12-22 17:01:52,048 - INFO: b'[modeler_AMD64.exe] Logical  9: socket  0 core  9\r\r\n'
2021-12-22 17:01:52,048 - INFO: b'[modeler_AMD64.exe] Logical 10: socket  0 core 10\r\r\n'
2021-12-22 17:01:52,049 - INFO: b'[modeler_AMD64.exe] Logical 11: socket  0 core 11\r\r\n'
2021-12-22 17:01:52,049 - INFO: b'[modeler_AMD64.exe] Logical 12: socket  0 core 12\r\r\n'
2021-12-22 17:01:52,050 - INFO: b'[modeler_AMD64.exe] Logical 13: socket  0 core 13\r\r\n'
2021-12-22 17:01:52,050 - INFO: b'[modeler_AMD64.exe] Logical 14: socket  0 core 14\r\r\n'
2021-12-22 17:01:52,051 - INFO: b'[modeler_AMD64.exe] Logical 15: socket  0 core 15\r\r\n'
2021-12-22 17:01:52,058 - INFO: b'[modeler_AMD64.exe] Logical 16: socket  0 core 16\r\r\n'
2021-12-22 17:01:52,058 - INFO: b'[modeler_AMD64.exe] Logical 17: socket  0 core 17\r\r\n'
2021-12-22 17:01:52,059 - INFO: b'[modeler_AMD64.exe] Logical 18: socket  0 core 18\r\r\n'
2021-12-22 17:01:52,059 - INFO: b'[modeler_AMD64.exe] Logical 19: socket  0 core 19\r\r\n'
2021-12-22 17:01:52,060 - INFO: b'[modeler_AMD64.exe] Logical 20: socket  0 core 20\r\r\n'
2021-12-22 17:01:52,060 - INFO: b'[modeler_AMD64.exe] Logical 21: socket  0 core 21\r\r\n'
2021-12-22 17:01:52,061 - INFO: b'[modeler_AMD64.exe] Logical 22: socket  0 core 22\r\r\n'
2021-12-22 17:01:52,061 - INFO: b'[modeler_AMD64.exe] Logical 23: socket  0 core 23\r\r\n'
2021-12-22 17:01:52,062 - INFO: b'[modeler_AMD64.exe] packages: 1\r\r\n'
2021-12-22 17:01:52,062 - INFO: b'[modeler_AMD64.exe] cores   : 12\r\r\n'
2021-12-22 17:01:52,063 - INFO: b'[modeler_AMD64.exe] ht units: 2\r\r\n'
2021-12-22 17:01:52,063 - INFO: b'[modeler_AMD64.exe] \r\r\n'
2021-12-22 17:01:52,064 - INFO: b'[modeler_AMD64.exe] \r\r\n'
2021-12-22 17:01:52,064 - INFO: b'[modeler_AMD64.exe] thread setup 2: 12\r\r\n'
2021-12-22 17:01:52,065 - INFO: b'[modeler_AMD64.exe] thread setup 3: 128 --> 12\r\r\n'
2021-12-22 17:01:52,065 - INFO: b'[modeler_AMD64.exe] Modeler openmp threads: 12\r\r\n'
2021-12-22 17:01:52,065 - INFO: b'[modeler_AMD64.exe] Parallel ACIS is active. Starting 24 worker threads for ACIS.\r\r\n'
2021-12-22 17:01:52,071 - INFO: b'[schematic_AMD64.exe] This is the schematic 2020.0 Release from 2019-09-25 (change 724524)\r\r\n'
2021-12-22 17:01:52,072 - INFO: b'[schematic_AMD64.exe] \r\r\n'
2021-12-22 17:01:52,072 - INFO: b'[schematic_AMD64.exe] \r\r\n'
2021-12-22 17:01:52,074 - INFO: b'[schematic_AMD64.exe] project name: c:\\users\\ykk\\appdata\\local\\temp\\1\\cstde4\\temp\\de11\\untitled_0.cst\r\r\n'
2021-12-22 17:01:52,076 - INFO: b'[schematic_AMD64.exe] \r\r\n'
2021-12-22 17:01:52,076 - INFO: b'[schematic_AMD64.exe] \r\r\n'
2021-12-22 17:01:52,077 - INFO: b'[schematic_AMD64.exe] myname: C:\\Program Files (x86)\\CST Studio Suite 2020\\AMD64\\schematic_AMD64.exe\r\r\n'
2021-12-22 17:01:52,078 - INFO: b'[schematic_AMD64.exe] \r\r\n'
2021-12-22 17:01:52,078 - INFO: b'FrequencyRange Set As fmin, fmax\r\r\n'
2021-12-22 17:01:52,079 - INFO: b'EigenmodeSolver FrequencyTarget set As 400\r\r\n'
2021-12-22 17:01:52,086 - INFO: b'EigenmodeSolver NumberOfModes set As 10\r\r\n'
2021-12-22 17:01:52,087 - INFO: b'[modeler_AMD64.exe] Skipping template 3D\\Frequency (Multiple Modes):: Template needs to be evaluated first.\r\r\n'
2021-12-22 17:01:52,087 - INFO: b'[modeler_AMD64.exe] Skipping template 3D\\Q-Factor (Perturbation) (Multiple Modes):: Template needs to be evaluated first.\r\r\n'
2021-12-22 17:01:52,088 - INFO: b'[modeler_AMD64.exe] Skipping template 3D\\R over Q beta=1 (Multiple Modes):: Template needs to be evaluated first.\r\r\n'
2021-12-22 17:01:52,088 - INFO: b'[modeler_AMD64.exe] Skipping template 3D\\Shunt Impedance (Pertubation) beta=1 (Multiple Modes):: Template needs to be evaluated first.\r\r\n'
2021-12-22 17:01:52,089 - INFO: b'[modeler_AMD64.exe] Skipping template 3D\\Voltage beta=1 (Multiple Modes):: Template needs to be evaluated first.\r\r\n'
2021-12-22 17:01:52,090 - INFO: b'[modeler_AMD64.exe] Skipping template 3D\\Total Loss (Pert., Aver.) (Multiple Modes):: Template needs to be evaluated first.\r\r\n'
2021-12-22 17:01:52,090 - INFO: b'[modeler_AMD64.exe] Skipping template 3D\\R over Q beta=1 (Multiple Modes)_1:: Template needs to be evaluated first.\r\r\n'
2021-12-22 17:01:55,792 - INFO: b'[modeler_AMD64.exe] Skipping template 3D\\R over Q beta=1 (Multiple Modes)_2:: Template needs to be evaluated first.\r\r\n'
2021-12-22 17:01:55,793 - INFO: b'[modeler_AMD64.exe] Skipping template 3D\\Frequency (Multiple Modes):: Template needs to be evaluated first.\r\r\n'
2021-12-22 17:01:55,798 - INFO: b'[modeler_AMD64.exe] Skipping template 3D\\Q-Factor (Perturbation) (Multiple Modes):: Template needs to be evaluated first.\r\r\n'
2021-12-22 17:01:55,799 - INFO: b'[modeler_AMD64.exe] Skipping template 3D\\R over Q beta=1 (Multiple Modes):: Template needs to be evaluated first.\r\r\n'
2021-12-22 17:01:55,799 - INFO: b'[modeler_AMD64.exe] Skipping template 3D\\Shunt Impedance (Pertubation) beta=1 (Multiple Modes):: Template needs to be evaluated first.\r\r\n'
2021-12-22 17:01:55,800 - INFO: b'[modeler_AMD64.exe] Skipping template 3D\\Voltage beta=1 (Multiple Modes):: Template needs to be evaluated first.\r\r\n'
2021-12-22 17:01:55,801 - INFO: b'[modeler_AMD64.exe] Skipping template 3D\\Total Loss (Pert., Aver.) (Multiple Modes):: Template needs to be evaluated first.\r\r\n'
2021-12-22 17:01:55,801 - INFO: b'[modeler_AMD64.exe] Skipping template 3D\\R over Q beta=1 (Multiple Modes)_1:: Template needs to be evaluated first.\r\r\n'
2021-12-22 17:01:55,802 - INFO: b'[modeler_AMD64.exe] Skipping template 3D\\R over Q beta=1 (Multiple Modes)_2:: Template needs to be evaluated first.\r\r\n'
2021-12-22 17:01:55,802 - INFO: b'Batch run finished successfully\r\r\n'
2021-12-22 17:01:55,803 - INFO: b'[modeler_AMD64.exe] Modeler finished successfully\r\r\n'
2021-12-22 17:01:55,804 - INFO: b'Exiting with exit code 0. Exit code info: (EXITCODE_SUCCESS)\r\r\n'
2021-12-22 17:01:55,806 - INFO: Config内容更新完成
2021-12-22 17:01:55,813 - INFO: 后处理设定已保存至C:\Users\ykk\Desktop\QEXT\pps.json
2021-12-22 17:01:55,813 - INFO: ----------------------------------------------------------
2021-12-22 17:01:55,814 - INFO: 全局信息:
2021-12-22 17:01:55,815 - INFO: data目录:C:\Users\ykk\Desktop\cst_tools\data
2021-12-22 17:01:55,815 - INFO: temp目录:C:\Users\ykk\Desktop\cst_tools\temp
2021-12-22 17:01:55,816 - INFO: log目录:C:\Users\ykk\Desktop\cst_tools\log
2021-12-22 17:01:55,817 - INFO: result目录:C:\Users\ykk\Desktop\cst_tools\result
2021-12-22 17:01:55,817 - INFO: CST版本:2020
2021-12-22 17:01:55,818 - INFO: CSTEXE路径:C:\Program Files (x86)\CST Studio Suite 2020\CST DESIGN ENVIRONMENT.exe
2021-12-22 17:01:55,818 - INFO: superfish版本:
2021-12-22 17:01:55,819 - INFO: superfish路径:
2021-12-22 17:01:55,819 - INFO: ----------------------------------------------------------
2021-12-22 17:01:55,820 - INFO: -----------------------------------
2021-12-22 17:01:55,915 - INFO: created worker type local id:0
2021-12-22 17:01:55,916 - INFO: TempDir:C:\Users\ykk\Desktop\QEXT\temp\worker_0
2021-12-22 17:01:55,918 - INFO: TaskFileDir:C:\Users\ykk\Desktop\QEXT\temp\worker_0
2021-12-22 17:01:55,923 - INFO: "C:\Program Files (x86)\CST Studio Suite 2020\CST DESIGN ENVIRONMENT.exe" -m "C:\Users\ykk\Desktop\QEXT\temp\worker_0\main.bas"
2021-12-22 17:01:55,926 - INFO: <subprocess.Popen object at 0x0000016F32433B50>
2021-12-22 17:01:55,932 - INFO: created worker type local id:1
2021-12-22 17:01:55,933 - INFO: TempDir:C:\Users\ykk\Desktop\QEXT\temp\worker_1
2021-12-22 17:01:55,934 - INFO: TaskFileDir:C:\Users\ykk\Desktop\QEXT\temp\worker_1
2021-12-22 17:01:55,938 - INFO: "C:\Program Files (x86)\CST Studio Suite 2020\CST DESIGN ENVIRONMENT.exe" -m "C:\Users\ykk\Desktop\QEXT\temp\worker_1\main.bas"
2021-12-22 17:01:55,940 - INFO: <subprocess.Popen object at 0x0000016F32433A60>
2021-12-22 17:01:55,942 - INFO: JOB MANAGER 创建完成
2021-12-22 17:01:55,944 - INFO: UI:STARTING WORK
2021-12-22 17:01:55,946 - INFO: PCM:项目状态已设为RUNNING
2021-12-22 17:01:55,979 - INFO: WorkerID:'0' Run:0 Name:'frequency000000_700_800' started.
2021-12-22 17:01:55,981 - INFO: Start Time:'Wed Dec 22 17:01:55 2021'
2021-12-22 17:02:26,999 - INFO: WorkerID:'0' Run:0 Name:'frequency000000_700_800' success.
2021-12-22 17:02:27,001 - INFO: ElapsedTime:31.019663333892822
2021-12-22 17:02:27,003 - INFO: End Time:'Wed Dec 22 17:02:27 2021'
2021-12-22 17:02:27,066 - INFO: WorkerID:'0' Run:1 Name:'frequency000000_768-9_818' started.
2021-12-22 17:02:27,068 - INFO: Start Time:'Wed Dec 22 17:02:27 2021'
2021-12-22 17:02:47,083 - INFO: WorkerID:'0' Run:1 Name:'frequency000000_768-9_818' success.
2021-12-22 17:02:47,084 - INFO: ElapsedTime:20.01677370071411
2021-12-22 17:02:47,088 - INFO: End Time:'Wed Dec 22 17:02:47 2021'
2021-12-22 17:02:47,127 - INFO: WorkerID:'0' Run:2 Name:'frequency000000_792-4_842' started.
2021-12-22 17:02:47,128 - INFO: Start Time:'Wed Dec 22 17:02:47 2021'
