2021-08-11 21:37:50,480 - INFO: 日志已输出到log\base_2021-08-11-21_37_50.log
2021-08-11 21:37:50,482 - INFO: 使用PyQt5图形窗口运行模式
2021-08-11 21:37:51,153 - WARNING: 找到curr_global_cfg:config\current.ini
2021-08-11 21:37:56,081 - INFO: 项目目录已设为C:\Users\ykk\Desktop\cst_tools\project\HOM analysis
2021-08-11 21:37:59,629 - INFO: 检查全局配置开始.
2021-08-11 21:37:59,630 - INFO: 检查CST PATH.
2021-08-11 21:37:59,632 - INFO: 检查CST PATH 成功.
2021-08-11 21:37:59,633 - INFO: 检查CST 版本.
2021-08-11 21:37:59,634 - DEBUG: CST ENV PATH为C:\Program Files (x86)\CST Studio Suite 2020\CST DESIGN ENVIRONMENT.exe
2021-08-11 21:37:59,635 - DEBUG: CST 版本为2020
2021-08-11 21:37:59,636 - INFO: 检查CST 版本 结束.
2021-08-11 21:37:59,637 - INFO: 检查各个路径是否存在.
2021-08-11 21:37:59,639 - INFO: 检查全局配置结束.
2021-08-11 21:37:59,640 - INFO: 通过全局配置检测
2021-08-11 21:37:59,640 - INFO: 使用命令行定义的project目录:C:/Users/ykk/Desktop/cst_tools/project/HOM analysis
2021-08-11 21:37:59,641 - INFO: 检查project开始
2021-08-11 21:37:59,642 - INFO: 找到project目录:C:\Users\ykk\Desktop\cst_tools\project\HOM analysis
2021-08-11 21:37:59,643 - INFO: 检查project结束
2021-08-11 21:37:59,644 - INFO: 已保存全局配置文件于config\current.ini。
2021-08-11 21:37:59,646 - INFO: 开始使用project目录:C:/Users/ykk/Desktop/cst_tools/project/HOM analysis
2021-08-11 21:37:59,647 - INFO: 全局信息:
2021-08-11 21:37:59,648 - INFO: data目录:C:\Users\ykk\Desktop\cst_tools\data
2021-08-11 21:37:59,649 - INFO: temp目录:C:\Users\ykk\Desktop\cst_tools\temp
2021-08-11 21:37:59,650 - INFO: log目录:C:\Users\ykk\Desktop\cst_tools\log
2021-08-11 21:37:59,651 - INFO: result目录:C:\Users\ykk\Desktop\cst_tools\result
2021-08-11 21:37:59,652 - INFO: CST版本:2020
2021-08-11 21:37:59,654 - INFO: CSTEXE路径:C:\Program Files (x86)\CST Studio Suite 2020\CST DESIGN ENVIRONMENT.exe
2021-08-11 21:37:59,655 - INFO: project目录:C:\Users\ykk\Desktop\cst_tools\project\HOM analysis
2021-08-11 21:37:59,657 - INFO: 尝试打开project目录C:\Users\ykk\Desktop\cst_tools\project\HOM analysis。
2021-08-11 21:37:59,671 - INFO: 未找到配置文件project.ini。
2021-08-11 21:37:59,671 - INFO: 尝试从project目录C:\Users\ykk\Desktop\cst_tools\project\HOM analysis创建配置文件。
2021-08-11 21:37:59,672 - INFO: 开始创建配置文件project.ini于C:\Users\ykk\Desktop\cst_tools\project\HOM analysis\project.ini。
2021-08-11 21:37:59,673 - INFO: 未指定project名,使用为默认目录名HOM analysis
2021-08-11 21:37:59,674 - INFO: 找到CST项目文件C:\Users\ykk\Desktop\cst_tools\project\HOM analysis\HOM analysis.cst
2021-08-11 21:37:59,761 - INFO: 正在从CST文件中读取参数列表。
2021-08-11 21:37:59,762 - INFO: tempdir为C:\Users\ykk\Desktop\cst_tools\project\HOM analysis\temp。
2021-08-11 21:37:59,764 - INFO: 临时文件生成成功。
2021-08-11 21:38:19,385 - INFO: b'This is CST DESIGN ENVIRONMENT 2020.0 Release from 2019-09-25 (change 724524)\r\r\n'
2021-08-11 21:38:19,386 - INFO: b'Using install path: C:\\Program Files (x86)\\CST Studio Suite 2020\\\r\r\n'
2021-08-11 21:38:19,386 - INFO: b'Using Qt 5.12.3 (compiled with 5.12.3)\r\r\n'
2021-08-11 21:38:19,386 - INFO: b'\r\r\n'
2021-08-11 21:38:19,387 - INFO: b'Checking license servers...\r\r\n'
2021-08-11 21:38:19,387 - INFO: b'License search path found in CST registry: 11605@whpsgroup.test\r\r\n'
2021-08-11 21:38:19,387 - INFO: b'Checking license at startup successfully passed.\r\r\n'
2021-08-11 21:38:19,388 - INFO: b'Connected to license server: 11605@whpsgroup.test\r\r\n'
2021-08-11 21:38:19,388 - INFO: b'[modeler_AMD64.exe] This is the modeler 2020.0 Release from 2019-09-25 (change 724524)\r\r\n'
2021-08-11 21:38:19,389 - INFO: b'[modeler_AMD64.exe] Startup: 11.08.2021 21:38:08\r\r\n'
2021-08-11 21:38:19,389 - INFO: b'[modeler_AMD64.exe] \r\r\n'
2021-08-11 21:38:19,389 - INFO: b'[modeler_AMD64.exe] Modeler affinity of main thread: 111111111111 111111111111 \r\r\n'
2021-08-11 21:38:19,389 - INFO: b'[modeler_AMD64.exe] \r\r\n'
2021-08-11 21:38:19,390 - INFO: b'[modeler_AMD64.exe] thread setup 1: 12, 24\r\r\n'
2021-08-11 21:38:19,390 - INFO: b'[modeler_AMD64.exe]   sockets         : 1\r\r\n'
2021-08-11 21:38:19,390 - INFO: b'[modeler_AMD64.exe]   cores per socket: 12\r\r\n'
2021-08-11 21:38:19,391 - INFO: b'[modeler_AMD64.exe]   ht units        : 2\r\r\n'
2021-08-11 21:38:19,391 - INFO: b'[modeler_AMD64.exe]   acc. hw         : 24\r\r\n'
2021-08-11 21:38:19,391 - INFO: b'[modeler_AMD64.exe]   acc. OSI        : 24\r\r\n'
2021-08-11 21:38:19,391 - INFO: b'[modeler_AMD64.exe]   aff. available  : yes\r\r\n'
2021-08-11 21:38:19,392 - INFO: b"[modeler_AMD64.exe]   OSI log         : CPUID: selected engine is 'Leaf 0xB detection'\r\r\n"
2021-08-11 21:38:19,392 - INFO: b'[modeler_AMD64.exe] Logical  0: socket  0 core  0\r\r\n'
2021-08-11 21:38:19,393 - INFO: b'[modeler_AMD64.exe] Logical  1: socket  0 core  1\r\r\n'
2021-08-11 21:38:19,393 - INFO: b'[modeler_AMD64.exe] Logical  2: socket  0 core  2\r\r\n'
2021-08-11 21:38:19,393 - INFO: b'[modeler_AMD64.exe] Logical  3: socket  0 core  3\r\r\n'
2021-08-11 21:38:19,394 - INFO: b'[modeler_AMD64.exe] Logical  4: socket  0 core  4\r\r\n'
2021-08-11 21:38:19,394 - INFO: b'[modeler_AMD64.exe] Logical  5: socket  0 core  5\r\r\n'
2021-08-11 21:38:19,394 - INFO: b'[modeler_AMD64.exe] Logical  6: socket  0 core  6\r\r\n'
2021-08-11 21:38:19,394 - INFO: b'[modeler_AMD64.exe] Logical  7: socket  0 core  7\r\r\n'
2021-08-11 21:38:19,395 - INFO: b'[modeler_AMD64.exe] Logical  8: socket  0 core  8\r\r\n'
2021-08-11 21:38:19,395 - INFO: b'[modeler_AMD64.exe] Logical  9: socket  0 core  9\r\r\n'
2021-08-11 21:38:19,395 - INFO: b'[modeler_AMD64.exe] Logical 10: socket  0 core 10\r\r\n'
2021-08-11 21:38:19,395 - INFO: b'[modeler_AMD64.exe] Logical 11: socket  0 core 11\r\r\n'
2021-08-11 21:38:19,396 - INFO: b'[modeler_AMD64.exe] Logical 12: socket  0 core 12\r\r\n'
2021-08-11 21:38:19,396 - INFO: b'[modeler_AMD64.exe] Logical 13: socket  0 core 13\r\r\n'
2021-08-11 21:38:19,396 - INFO: b'[modeler_AMD64.exe] Logical 14: socket  0 core 14\r\r\n'
2021-08-11 21:38:19,397 - INFO: b'[modeler_AMD64.exe] Logical 15: socket  0 core 15\r\r\n'
2021-08-11 21:38:19,397 - INFO: b'[modeler_AMD64.exe] Logical 16: socket  0 core 16\r\r\n'
2021-08-11 21:38:19,397 - INFO: b'[modeler_AMD64.exe] Logical 17: socket  0 core 17\r\r\n'
2021-08-11 21:38:19,398 - INFO: b'[modeler_AMD64.exe] Logical 18: socket  0 core 18\r\r\n'
2021-08-11 21:38:19,398 - INFO: b'[modeler_AMD64.exe] Logical 19: socket  0 core 19\r\r\n'
2021-08-11 21:38:19,398 - INFO: b'[modeler_AMD64.exe] Logical 20: socket  0 core 20\r\r\n'
2021-08-11 21:38:19,398 - INFO: b'[modeler_AMD64.exe] Logical 21: socket  0 core 21\r\r\n'
2021-08-11 21:38:19,399 - INFO: b'[modeler_AMD64.exe] Logical 22: socket  0 core 22\r\r\n'
2021-08-11 21:38:19,399 - INFO: b'[modeler_AMD64.exe] Logical 23: socket  0 core 23\r\r\n'
2021-08-11 21:38:19,399 - INFO: b'[modeler_AMD64.exe] packages: 1\r\r\n'
2021-08-11 21:38:19,400 - INFO: b'[modeler_AMD64.exe] cores   : 12\r\r\n'
2021-08-11 21:38:19,400 - INFO: b'[modeler_AMD64.exe] ht units: 2\r\r\n'
2021-08-11 21:38:19,400 - INFO: b'[modeler_AMD64.exe] \r\r\n'
2021-08-11 21:38:19,401 - INFO: b'[modeler_AMD64.exe] \r\r\n'
2021-08-11 21:38:19,401 - INFO: b'[modeler_AMD64.exe] thread setup 2: 12\r\r\n'
2021-08-11 21:38:19,401 - INFO: b'[modeler_AMD64.exe] thread setup 3: 128 --> 12\r\r\n'
2021-08-11 21:38:19,401 - INFO: b'[modeler_AMD64.exe] Modeler openmp threads: 12\r\r\n'
2021-08-11 21:38:19,402 - INFO: b'[modeler_AMD64.exe] Parallel ACIS is active. Starting 24 worker threads for ACIS.\r\r\n'
2021-08-11 21:38:19,402 - INFO: b'[schematic_AMD64.exe] This is the schematic 2020.0 Release from 2019-09-25 (change 724524)\r\r\n'
2021-08-11 21:38:19,403 - INFO: b'[schematic_AMD64.exe] \r\r\n'
2021-08-11 21:38:19,403 - INFO: b'[schematic_AMD64.exe] \r\r\n'
2021-08-11 21:38:19,403 - INFO: b'[schematic_AMD64.exe] project name: c:\\users\\ykk\\appdata\\local\\temp\\1\\cstde1\\temp\\de5\\untitled_0.cst\r\r\n'
2021-08-11 21:38:19,404 - INFO: b'[schematic_AMD64.exe] \r\r\n'
2021-08-11 21:38:19,404 - INFO: b'[schematic_AMD64.exe] \r\r\n'
2021-08-11 21:38:19,404 - INFO: b'[schematic_AMD64.exe] myname: C:\\Program Files (x86)\\CST Studio Suite 2020\\AMD64\\schematic_AMD64.exe\r\r\n'
2021-08-11 21:38:19,405 - INFO: b'[schematic_AMD64.exe] \r\r\n'
2021-08-11 21:38:19,405 - INFO: b'It seems that the history list contains non ASCII characters. This may cause undesired effects if the CST project is used on computers with a different language setting or operating system.\r\r\n'
2021-08-11 21:38:19,406 - INFO: b'History block 146 contains non ASCII characters either in its name or content.\r\r\n'
2021-08-11 21:38:19,406 - INFO: b'[modeler_AMD64.exe] 2 blocks read in parallel from ACIS file. 2 top level entities in total.\r\r\n'
2021-08-11 21:38:19,407 - INFO: b'Sub-Project import: External reference cannot be found: \r\r\n'
2021-08-11 21:38:19,407 - INFO: b'  "D:\\rain\\1#WHPS2021\\model\\SS+wav\\waveguide absorb(ideal).cst"\r\r\n'
2021-08-11 21:38:19,407 - INFO: b'Some objects were hidden when this project was last saved. These objects are still hidden.\r\r\n'
2021-08-11 21:38:19,408 - INFO: b'Schematic window contains tasks in the navigation tree.\r\r\n'
2021-08-11 21:38:19,408 - INFO: b'[modeler_AMD64.exe] Skipping template 3D\\Frequency (Multiple Modes):: Template needs to be evaluated first.\r\r\n'
2021-08-11 21:38:19,408 - INFO: b'[modeler_AMD64.exe] Skipping template 3D\\Q-Factor (Perturbation) (Multiple Modes):: Template needs to be evaluated first.\r\r\n'
2021-08-11 21:38:19,409 - INFO: b'[modeler_AMD64.exe] Skipping template 3D\\R over Q beta=1 (Multiple Modes):: Template needs to be evaluated first.\r\r\n'
2021-08-11 21:38:28,089 - INFO: b'[modeler_AMD64.exe] Skipping template 3D\\R over Q beta=1 (Multiple Modes)_offset1=5mm (Multiple Modes):: Template needs to be evaluated first.\r\r\n'
2021-08-11 21:38:28,090 - INFO: b'[modeler_AMD64.exe] Skipping template 3D\\R over Q beta=1 (Multiple Modes)_offset2=10mm (Multiple Modes):: Template needs to be evaluated first.\r\r\n'
2021-08-11 21:38:28,090 - INFO: b'[modeler_AMD64.exe] Skipping template 3D\\Frequency (Multiple Modes):: Template needs to be evaluated first.\r\r\n'
2021-08-11 21:38:28,091 - INFO: b'[modeler_AMD64.exe] Skipping template 3D\\Q-Factor (Perturbation) (Multiple Modes):: Template needs to be evaluated first.\r\r\n'
2021-08-11 21:38:28,092 - INFO: b'[modeler_AMD64.exe] Skipping template 3D\\R over Q beta=1 (Multiple Modes):: Template needs to be evaluated first.\r\r\n'
2021-08-11 21:38:28,092 - INFO: b'[modeler_AMD64.exe] Skipping template 3D\\R over Q beta=1 (Multiple Modes)_offset1=5mm (Multiple Modes):: Template needs to be evaluated first.\r\r\n'
2021-08-11 21:38:28,093 - INFO: b'[modeler_AMD64.exe] Skipping template 3D\\R over Q beta=1 (Multiple Modes)_offset2=10mm (Multiple Modes):: Template needs to be evaluated first.\r\r\n'
2021-08-11 21:38:28,093 - INFO: b'Batch run finished successfully\r\r\n'
2021-08-11 21:38:28,094 - INFO: b'[modeler_AMD64.exe] Modeler finished successfully\r\r\n'
2021-08-11 21:38:28,094 - INFO: b'Exiting with exit code 0. Exit code info: (EXITCODE_SUCCESS)\r\r\n'
2021-08-11 21:38:28,101 - INFO: 创建配置文件结束。
2021-08-11 21:38:28,102 - INFO: 检测并更新项目配置文件
2021-08-11 21:38:28,103 - INFO: 测试项目配置文件是否存在
2021-08-11 21:38:28,103 - DEBUG: 推测项目配置文件位于C:\Users\ykk\Desktop\cst_tools\project\HOM analysis\project.ini
2021-08-11 21:38:28,104 - INFO: 测试项目配置文件存在 通过
2021-08-11 21:38:28,111 - INFO: 测试CST模型文件是否存在
2021-08-11 21:38:28,111 - DEBUG: 推测模型文件位于C:\Users\ykk\Desktop\cst_tools\project\HOM analysis\HOM analysis.cst
2021-08-11 21:38:28,112 - INFO: 测试CST模型文件存在 通过
2021-08-11 21:38:28,191 - INFO: 测试保存的参数列表与MD5是否与CST模型文件匹配
2021-08-11 21:38:28,192 - INFO: project.ini检测并更新项目配置文件结束

2021-08-11 21:38:35,379 - INFO: 检查全局配置开始.
2021-08-11 21:38:35,380 - INFO: 检查CST PATH.
2021-08-11 21:38:35,382 - INFO: 检查CST PATH 成功.
2021-08-11 21:38:35,383 - INFO: 检查CST 版本.
2021-08-11 21:38:35,384 - DEBUG: CST ENV PATH为C:\Program Files (x86)\CST Studio Suite 2020\CST DESIGN ENVIRONMENT.exe
2021-08-11 21:38:35,385 - DEBUG: CST 版本为2020
2021-08-11 21:38:35,386 - INFO: 检查CST 版本 结束.
2021-08-11 21:38:35,387 - INFO: 检查各个路径是否存在.
2021-08-11 21:38:35,389 - INFO: 检查全局配置结束.
2021-08-11 21:38:35,390 - INFO: 通过全局配置检测
2021-08-11 21:38:35,391 - INFO: 使用命令行定义的project目录:C:/Users/ykk/Desktop/cst_tools/project/HOM analysis
2021-08-11 21:38:35,392 - INFO: 检查project开始
2021-08-11 21:38:35,394 - INFO: 找到project目录:C:\Users\ykk\Desktop\cst_tools\project\HOM analysis
2021-08-11 21:38:35,395 - INFO: 检查project结束
2021-08-11 21:38:35,397 - INFO: 已保存全局配置文件于config\current.ini。
2021-08-11 21:38:35,398 - INFO: 开始使用project目录:C:/Users/ykk/Desktop/cst_tools/project/HOM analysis
2021-08-11 21:38:35,400 - INFO: 全局信息:
2021-08-11 21:38:35,401 - INFO: data目录:C:\Users\ykk\Desktop\cst_tools\data
2021-08-11 21:38:35,402 - INFO: temp目录:C:\Users\ykk\Desktop\cst_tools\temp
2021-08-11 21:38:35,404 - INFO: log目录:C:\Users\ykk\Desktop\cst_tools\log
2021-08-11 21:38:35,405 - INFO: result目录:C:\Users\ykk\Desktop\cst_tools\result
2021-08-11 21:38:35,406 - INFO: CST版本:2020
2021-08-11 21:38:35,407 - INFO: CSTEXE路径:C:\Program Files (x86)\CST Studio Suite 2020\CST DESIGN ENVIRONMENT.exe
2021-08-11 21:38:35,408 - INFO: project目录:C:\Users\ykk\Desktop\cst_tools\project\HOM analysis
2021-08-11 21:38:35,414 - INFO: 尝试打开project目录C:\Users\ykk\Desktop\cst_tools\project\HOM analysis。
2021-08-11 21:38:35,418 - INFO: 检测项目配置文件正确性
2021-08-11 21:38:35,418 - INFO: 测试项目配置文件是否存在
2021-08-11 21:38:35,419 - DEBUG: 推测项目配置文件位于C:\Users\ykk\Desktop\cst_tools\project\HOM analysis\project.ini
2021-08-11 21:38:35,420 - INFO: 测试项目配置文件 通过
2021-08-11 21:38:35,421 - INFO: 测试CST模型文件是否存在
2021-08-11 21:38:35,421 - DEBUG: 推测模型文件位于C:\Users\ykk\Desktop\cst_tools\project\HOM analysis\HOM analysis.cst
2021-08-11 21:38:35,422 - INFO: 测试CST模型文件 通过
2021-08-11 21:38:35,506 - INFO: 测试保存的MD5是否与CST模型文件匹配
2021-08-11 21:38:35,507 - INFO: 测试MD5 通过
2021-08-11 21:38:35,508 - INFO: project.ini检测项目配置文件结束

2021-08-11 21:38:35,515 - INFO: created worker type local id:0
2021-08-11 21:38:35,516 - INFO: TempDir:C:\Users\ykk\Desktop\cst_tools\project\HOM analysis\temp\worker_0
2021-08-11 21:38:35,516 - INFO: TaskFileDir:C:\Users\ykk\Desktop\cst_tools\project\HOM analysis\temp\worker_0
2021-08-11 21:38:35,544 - INFO: "C:\Program Files (x86)\CST Studio Suite 2020\CST DESIGN ENVIRONMENT.exe" -m "C:\Users\ykk\Desktop\cst_tools\project\HOM analysis\temp\worker_0\main.bas"
2021-08-11 21:38:35,547 - INFO: <subprocess.Popen object at 0x00000293623E7A00>
2021-08-11 21:38:35,548 - INFO: created worker type local id:1
2021-08-11 21:38:35,549 - INFO: TempDir:C:\Users\ykk\Desktop\cst_tools\project\HOM analysis\temp\worker_1
2021-08-11 21:38:35,550 - INFO: TaskFileDir:C:\Users\ykk\Desktop\cst_tools\project\HOM analysis\temp\worker_1
2021-08-11 21:38:35,578 - INFO: "C:\Program Files (x86)\CST Studio Suite 2020\CST DESIGN ENVIRONMENT.exe" -m "C:\Users\ykk\Desktop\cst_tools\project\HOM analysis\temp\worker_1\main.bas"
2021-08-11 21:38:35,581 - INFO: <subprocess.Popen object at 0x00000293623E7A30>
2021-08-11 21:38:35,589 - INFO: WorkerID:'0' Run:0 Name:'frequency000000_700_800' started.
2021-08-11 21:38:35,590 - INFO: Start Time:'Wed Aug 11 21:38:35 2021'
2021-08-11 21:40:56,735 - INFO: WorkerID:'0' Run:0 Name:'frequency000000_700_800' success.
2021-08-11 21:40:56,736 - INFO: ElapsedTime:141.14613270759583
2021-08-11 21:40:56,737 - INFO: End Time:'Wed Aug 11 21:40:56 2021'
