2021-12-06 17:33:45,868 - INFO: 日志已输出到log\base_2021-12-06-17_33_45.log
2021-12-06 17:33:45,869 - INFO: 找到curr_global_cfg:config\current.ini
2021-12-06 17:33:45,871 - INFO: 使用PyQt5图形窗口运行模式
2021-12-06 17:34:01,847 - INFO: PCM:currProjectDir 已设为C:\Users\ykk\Desktop\QEXT
2021-12-06 17:34:11,982 - INFO: PCM:inputCSTFilePath 已设为C:\Users\ykk\Desktop\cst_tools\project\HOM analysis\HOM analysis.cst
2021-12-06 17:34:29,596 - INFO: BASE:SET CTN=False,SAFE=False
2021-12-06 17:34:29,597 - INFO: 检查全局配置开始.
2021-12-06 17:34:29,597 - INFO: 检查CST PATH.
2021-12-06 17:34:29,598 - INFO: 检查CST PATH 成功.
2021-12-06 17:34:29,599 - INFO: 检查CST 版本.
2021-12-06 17:34:29,599 - DEBUG: CST ENV PATH为C:\Program Files (x86)\CST Studio Suite 2020\CST DESIGN ENVIRONMENT.exe
2021-12-06 17:34:29,599 - DEBUG: CST 版本为2020
2021-12-06 17:34:29,599 - INFO: 检查CST 版本 结束.
2021-12-06 17:34:29,600 - INFO: 检查各个路径是否存在.
2021-12-06 17:34:29,600 - INFO: 检查全局配置结束.
2021-12-06 17:34:29,601 - INFO: 通过全局配置检测
2021-12-06 17:34:29,601 - INFO: 已保存全局配置文件于config\current.ini。
2021-12-06 17:34:29,602 - INFO: 开始使用project目录:C:\Users\ykk\Desktop\QEXT
2021-12-06 17:34:29,603 - INFO: 准备项目文件
2021-12-06 17:34:29,604 - INFO: 尝试打开project目录C:\Users\ykk\Desktop\QEXT。
2021-12-06 17:34:29,604 - INFO: 目录C:\Users\ykk\Desktop\QEXT存在已有文件。
2021-12-06 17:34:29,605 - INFO: 目录C:\Users\ykk\Desktop\QEXT有旧文件
2021-12-06 17:34:29,614 - WARNING: 发现异常结束,尝试修复并继续
2021-12-06 17:34:29,615 - INFO: 检测并更新项目配置文件
2021-12-06 17:34:29,615 - INFO: 测试项目配置文件是否存在
2021-12-06 17:34:29,616 - DEBUG: 推测项目配置文件位于C:\Users\ykk\Desktop\QEXT\project.ini
2021-12-06 17:34:29,617 - INFO: 测试项目配置文件存在 通过
2021-12-06 17:34:29,618 - INFO: 测试CST模型文件是否存在
2021-12-06 17:34:29,618 - DEBUG: 推测模型文件位于C:\Users\ykk\Desktop\QEXT\HOM analysis.cst
2021-12-06 17:34:29,619 - INFO: 测试CST模型文件存在 通过
2021-12-06 17:34:29,717 - INFO: 测试保存的参数列表与MD5是否与CST模型文件匹配
2021-12-06 17:34:29,718 - INFO: project.ini检测并更新项目配置文件结束

2021-12-06 17:34:29,720 - INFO: 后处理设定已保存至C:\Users\ykk\Desktop\QEXT\pps.json
2021-12-06 17:34:29,720 - INFO: ----------------------------------------------------------
2021-12-06 17:34:29,720 - INFO: 全局信息:
2021-12-06 17:34:29,721 - INFO: data目录:C:\Users\ykk\Desktop\cst_tools\data
2021-12-06 17:34:29,721 - INFO: temp目录:C:\Users\ykk\Desktop\cst_tools\temp
2021-12-06 17:34:29,722 - INFO: log目录:C:\Users\ykk\Desktop\cst_tools\log
2021-12-06 17:34:29,722 - INFO: result目录:C:\Users\ykk\Desktop\cst_tools\result
2021-12-06 17:34:29,723 - INFO: CST版本:2020
2021-12-06 17:34:29,723 - INFO: CSTEXE路径:C:\Program Files (x86)\CST Studio Suite 2020\CST DESIGN ENVIRONMENT.exe
2021-12-06 17:34:29,723 - INFO: superfish版本:
2021-12-06 17:34:29,724 - INFO: superfish路径:
2021-12-06 17:34:29,724 - INFO: ----------------------------------------------------------
2021-12-06 17:34:29,724 - INFO: -----------------------------------
2021-12-06 17:34:29,731 - INFO: created worker type local id:0
2021-12-06 17:34:29,732 - INFO: TempDir:C:\Users\ykk\Desktop\QEXT\temp\worker_0
2021-12-06 17:34:29,733 - INFO: TaskFileDir:C:\Users\ykk\Desktop\QEXT\temp\worker_0
2021-12-06 17:34:29,922 - WARNING: CstProjectFile is not consistent with the one in temp.
2021-12-06 17:34:30,213 - INFO: Worker_(0):old runfile removed
2021-12-06 17:34:30,240 - INFO: "C:\Program Files (x86)\CST Studio Suite 2020\CST DESIGN ENVIRONMENT.exe" -m "C:\Users\ykk\Desktop\QEXT\temp\worker_0\main.bas"
2021-12-06 17:34:30,244 - INFO: <subprocess.Popen object at 0x0000017AB8B3AEB0>
2021-12-06 17:34:30,247 - INFO: created worker type local id:1
2021-12-06 17:34:30,249 - INFO: TempDir:C:\Users\ykk\Desktop\QEXT\temp\worker_1
2021-12-06 17:34:30,249 - INFO: TaskFileDir:C:\Users\ykk\Desktop\QEXT\temp\worker_1
2021-12-06 17:34:30,442 - INFO: "C:\Program Files (x86)\CST Studio Suite 2020\CST DESIGN ENVIRONMENT.exe" -m "C:\Users\ykk\Desktop\QEXT\temp\worker_1\main.bas"
2021-12-06 17:34:30,450 - INFO: <subprocess.Popen object at 0x0000017AB8B3AFA0>
2021-12-06 17:34:30,451 - INFO: JOB MANAGER 创建完成
2021-12-06 17:34:30,454 - INFO: UI:STARTING WORK
2021-12-06 17:34:30,461 - INFO: PCM:项目状态已设为RUNNING
2021-12-06 17:34:30,474 - INFO: WorkerID:'0' Run:0 Name:'frequency000000_700_800' started.
2021-12-06 17:34:30,476 - INFO: Start Time:'Mon Dec  6 17:34:30 2021'
2021-12-06 17:36:49,571 - INFO: WorkerID:'0' Run:0 Name:'frequency000000_700_800' success.
2021-12-06 17:36:49,572 - INFO: ElapsedTime:139.09712862968445
2021-12-06 17:36:49,572 - INFO: End Time:'Mon Dec  6 17:36:49 2021'
2021-12-06 17:36:49,603 - INFO: WorkerID:'0' Run:1 Name:'frequency000000_766-0_815' started.
2021-12-06 17:36:49,605 - INFO: Start Time:'Mon Dec  6 17:36:49 2021'
2021-12-06 17:37:17,626 - ERROR: CST ENV stopped
2021-12-06 17:37:17,627 - ERROR: WORKER FINISHED
