2021-05-17 13:14:46,668 - WARNING: 找到curr_global_cfg:.\config\current.ini
2021-05-17 13:14:46,669 - INFO: 检查全局配置开始.
2021-05-17 13:14:46,669 - DEBUG: CST ENV PATH为C:\Program Files (x86)\CST Studio Suite 2020\CST DESIGN ENVIRONMENT.exe
2021-05-17 13:14:46,669 - DEBUG: CST 版本为2020
2021-05-17 13:14:46,670 - INFO: 已建立tempdir于./temp。
2021-05-17 13:14:46,670 - INFO: 已建立resultdir于./result。
2021-05-17 13:14:46,670 - INFO: 检查全局配置结束.
2021-05-17 13:14:46,670 - INFO: 使用命令行定义的project目录:.\project\Enlarged
2021-05-17 13:14:46,671 - INFO: 检查project开始
2021-05-17 13:14:46,671 - INFO: 找到project目录:.\project\Enlarged
2021-05-17 13:14:46,671 - INFO: 检查project结束
2021-05-17 13:14:46,671 - INFO: 已保存全局配置文件于.\config\current.ini。
2021-05-17 13:14:46,672 - INFO: 开始使用project目录:.\project\Enlarged
2021-05-17 13:14:46,672 - INFO: 尝试打开project目录.\project\Enlarged。
2021-05-17 13:14:46,707 - INFO: project.ini测试结束

2021-05-17 13:14:46,707 - INFO: 全局信息:
2021-05-17 13:14:46,707 - INFO: data目录:./data
2021-05-17 13:14:46,707 - INFO: temp目录:./temp
2021-05-17 13:14:46,708 - INFO: log目录:./log
2021-05-17 13:14:46,708 - INFO: result目录:./result
2021-05-17 13:14:46,708 - INFO: CST版本:2020
2021-05-17 13:14:46,708 - INFO: CSTEXE路径:C:\Program Files (x86)\CST Studio Suite 2020\CST DESIGN ENVIRONMENT.exe
2021-05-17 13:14:46,708 - INFO: project目录:.\project\Enlarged
2021-05-17 13:14:46,708 - INFO: 项目信息:
2021-05-17 13:14:46,708 - INFO: ProjectName:Enlarged
2021-05-17 13:14:46,708 - INFO: ProjectType:Enlarged
2021-05-17 13:14:46,709 - INFO: ProjectDescription:
2021-05-17 13:14:46,709 - INFO: 项目result目录:..\..\result
2021-05-17 13:14:46,709 - INFO: 项目temp目录:..\..\temp
2021-05-17 13:14:46,710 - INFO: CST文件名:Enlarged.cst
2021-05-17 13:14:46,711 - INFO: CSTFileMD5:5aa59bc518437fa34dd7d0251b5be815
2021-05-17 13:14:46,711 - INFO: 使用MPI:False
2021-05-17 13:14:46,712 - INFO: MPI节点文件:
2021-05-17 13:14:46,712 - INFO: UseRemoteCalculaton:False
2021-05-17 13:14:46,712 - INFO: DCMainControlAddress:
2021-05-17 13:14:46,713 - INFO: 参数列表文件:params.json
2021-05-17 13:14:46,715 - INFO: created worker type local id:0
2021-05-17 13:14:46,716 - INFO: TempDir:C:\Users\ykk\Desktop\cst_tools\temp\worker_0
2021-05-17 13:14:46,720 - INFO: TaskFileDir:C:\Users\ykk\Desktop\cst_tools\temp\worker_0
2021-05-17 13:14:46,733 - INFO: "C:\Program Files (x86)\CST Studio Suite 2020\CST DESIGN ENVIRONMENT.exe" -m "C:\Users\ykk\Desktop\cst_tools\temp\worker_0\main.bas"
2021-05-17 13:14:46,737 - INFO: <subprocess.Popen object at 0x00000220C1579220>
2021-05-17 13:14:46,738 - INFO: created worker type local id:1
2021-05-17 13:14:46,739 - INFO: TempDir:C:\Users\ykk\Desktop\cst_tools\temp\worker_1
2021-05-17 13:14:46,739 - INFO: TaskFileDir:C:\Users\ykk\Desktop\cst_tools\temp\worker_1
2021-05-17 13:14:46,751 - INFO: "C:\Program Files (x86)\CST Studio Suite 2020\CST DESIGN ENVIRONMENT.exe" -m "C:\Users\ykk\Desktop\cst_tools\temp\worker_1\main.bas"
2021-05-17 13:14:46,754 - INFO: <subprocess.Popen object at 0x00000220C1579550>
2021-05-17 13:14:46,758 - INFO: WorkerID:'0' Run:0 Name:'R_230.000000_L_260.000000' started.
2021-05-17 13:14:46,758 - INFO: Start Time:'Mon May 17 13:14:46 2021'
2021-05-17 13:14:48,760 - ERROR: CST ENV stopped
