2021-11-26 17:01:29,375 - INFO: 日志已输出到log\base_2021-11-26-17_01_29.log
2021-11-26 17:01:29,376 - INFO: 找到curr_global_cfg:config\current.ini
2021-11-26 17:01:29,384 - INFO: 使用PyQt5图形窗口运行模式
2021-11-26 17:01:35,782 - INFO: PCM:currProjectDir 已设为C:\Users\ykk\Desktop\QEXT
2021-11-26 17:01:48,755 - INFO: PCM:inputCSTFilePath 已设为C:\Users\ykk\Desktop\cst_tools\model\HOM analysis.cst
2021-11-26 17:01:51,032 - INFO: BASE:SET CTN=False,SAFE=False
2021-11-26 17:01:51,033 - INFO: 检查全局配置开始.
2021-11-26 17:01:51,033 - INFO: 检查CST PATH.
2021-11-26 17:01:51,034 - INFO: 检查CST PATH 成功.
2021-11-26 17:01:51,034 - INFO: 检查CST 版本.
2021-11-26 17:01:51,034 - DEBUG: CST ENV PATH为C:\Program Files (x86)\CST Studio Suite 2020\CST DESIGN ENVIRONMENT.exe
2021-11-26 17:01:51,036 - DEBUG: CST 版本为2020
2021-11-26 17:01:51,036 - INFO: 检查CST 版本 结束.
2021-11-26 17:01:51,036 - INFO: 检查各个路径是否存在.
2021-11-26 17:01:51,037 - INFO: 检查全局配置结束.
2021-11-26 17:01:51,037 - INFO: 通过全局配置检测
2021-11-26 17:01:51,037 - INFO: 已保存全局配置文件于config\current.ini。
2021-11-26 17:01:51,038 - INFO: 开始使用project目录:C:\Users\ykk\Desktop\QEXT
2021-11-26 17:01:51,039 - INFO: 准备项目文件
2021-11-26 17:01:51,040 - INFO: 尝试打开project目录C:\Users\ykk\Desktop\QEXT。
2021-11-26 17:01:51,041 - INFO: 目录C:\Users\ykk\Desktop\QEXT为空。
2021-11-26 17:01:51,048 - INFO: 目录C:\Users\ykk\Desktop\QEXT无旧文件
2021-11-26 17:01:51,049 - INFO: 尝试从project目录C:\Users\ykk\Desktop\QEXT创建空白配置文件。
2021-11-26 17:01:51,049 - INFO: 开始创建配置文件project.ini于C:\Users\ykk\Desktop\QEXT\project.ini。
2021-11-26 17:01:51,051 - INFO: 未指定project名,使用为默认目录名QEXT
2021-11-26 17:01:51,051 - INFO: 创建配置文件结束。
2021-11-26 17:01:51,082 - INFO: 已将输入CST文件C:\Users\ykk\Desktop\cst_tools\model\HOM analysis.cst复制到project目录C:\Users\ykk\Desktop\QEXT\HOM analysis.cst。
2021-11-26 17:01:51,083 - INFO: 根据输入的CST文件更新Config内容
2021-11-26 17:01:51,186 - INFO: 正在从CST文件中读取参数列表。
2021-11-26 17:01:51,187 - INFO: tempdir为C:\Users\ykk\Desktop\QEXT\temp。
2021-11-26 17:01:51,189 - INFO: 临时文件生成成功。
2021-11-26 17:02:02,259 - INFO: b'This is CST DESIGN ENVIRONMENT 2020.0 Release from 2019-09-25 (change 724524)\r\r\n'
2021-11-26 17:02:02,260 - INFO: b'Using install path: C:\\Program Files (x86)\\CST Studio Suite 2020\\\r\r\n'
2021-11-26 17:02:02,262 - INFO: b'Using Qt 5.12.3 (compiled with 5.12.3)\r\r\n'
2021-11-26 17:02:02,263 - INFO: b'\r\r\n'
2021-11-26 17:02:02,263 - INFO: b'Checking license servers...\r\r\n'
2021-11-26 17:02:02,264 - INFO: b'License search path found in CST registry: 11605@whpsgroup.test\r\r\n'
2021-11-26 17:02:02,265 - INFO: b'Checking license at startup successfully passed.\r\r\n'
2021-11-26 17:02:02,265 - INFO: b'Connected to license server: 11605@whpsgroup.test\r\r\n'
2021-11-26 17:02:02,266 - INFO: b'[modeler_AMD64.exe] This is the modeler 2020.0 Release from 2019-09-25 (change 724524)\r\r\n'
2021-11-26 17:02:02,267 - INFO: b'[modeler_AMD64.exe] Startup: 26.11.2021 17:01:53\r\r\n'
2021-11-26 17:02:02,269 - INFO: b'[modeler_AMD64.exe] \r\r\n'
2021-11-26 17:02:02,272 - INFO: b'[modeler_AMD64.exe] Modeler affinity of main thread: 111111111111 111111111111 \r\r\n'
2021-11-26 17:02:02,272 - INFO: b'[modeler_AMD64.exe] \r\r\n'
2021-11-26 17:02:02,273 - INFO: b'[modeler_AMD64.exe] thread setup 1: 12, 24\r\r\n'
2021-11-26 17:02:02,273 - INFO: b'[modeler_AMD64.exe]   sockets         : 1\r\r\n'
2021-11-26 17:02:02,274 - INFO: b'[modeler_AMD64.exe]   cores per socket: 12\r\r\n'
2021-11-26 17:02:02,275 - INFO: b'[modeler_AMD64.exe]   ht units        : 2\r\r\n'
2021-11-26 17:02:02,277 - INFO: b'[modeler_AMD64.exe]   acc. hw         : 24\r\r\n'
2021-11-26 17:02:02,279 - INFO: b'[modeler_AMD64.exe]   acc. OSI        : 24\r\r\n'
2021-11-26 17:02:02,281 - INFO: b'[modeler_AMD64.exe]   aff. available  : yes\r\r\n'
2021-11-26 17:02:02,282 - INFO: b"[modeler_AMD64.exe]   OSI log         : CPUID: selected engine is 'Leaf 0xB detection'\r\r\n"
2021-11-26 17:02:02,283 - INFO: b'[modeler_AMD64.exe] Logical  0: socket  0 core  0\r\r\n'
2021-11-26 17:02:02,284 - INFO: b'[modeler_AMD64.exe] Logical  1: socket  0 core  1\r\r\n'
2021-11-26 17:02:02,284 - INFO: b'[modeler_AMD64.exe] Logical  2: socket  0 core  2\r\r\n'
2021-11-26 17:02:02,285 - INFO: b'[modeler_AMD64.exe] Logical  3: socket  0 core  3\r\r\n'
2021-11-26 17:02:02,286 - INFO: b'[modeler_AMD64.exe] Logical  4: socket  0 core  4\r\r\n'
2021-11-26 17:02:02,287 - INFO: b'[modeler_AMD64.exe] Logical  5: socket  0 core  5\r\r\n'
2021-11-26 17:02:02,287 - INFO: b'[modeler_AMD64.exe] Logical  6: socket  0 core  6\r\r\n'
2021-11-26 17:02:02,288 - INFO: b'[modeler_AMD64.exe] Logical  7: socket  0 core  7\r\r\n'
2021-11-26 17:02:02,289 - INFO: b'[modeler_AMD64.exe] Logical  8: socket  0 core  8\r\r\n'
2021-11-26 17:02:02,290 - INFO: b'[modeler_AMD64.exe] Logical  9: socket  0 core  9\r\r\n'
2021-11-26 17:02:02,292 - INFO: b'[modeler_AMD64.exe] Logical 10: socket  0 core 10\r\r\n'
2021-11-26 17:02:02,293 - INFO: b'[modeler_AMD64.exe] Logical 11: socket  0 core 11\r\r\n'
2021-11-26 17:02:02,294 - INFO: b'[modeler_AMD64.exe] Logical 12: socket  0 core 12\r\r\n'
2021-11-26 17:02:02,295 - INFO: b'[modeler_AMD64.exe] Logical 13: socket  0 core 13\r\r\n'
2021-11-26 17:02:02,296 - INFO: b'[modeler_AMD64.exe] Logical 14: socket  0 core 14\r\r\n'
2021-11-26 17:02:02,297 - INFO: b'[modeler_AMD64.exe] Logical 15: socket  0 core 15\r\r\n'
2021-11-26 17:02:02,297 - INFO: b'[modeler_AMD64.exe] Logical 16: socket  0 core 16\r\r\n'
2021-11-26 17:02:02,298 - INFO: b'[modeler_AMD64.exe] Logical 17: socket  0 core 17\r\r\n'
2021-11-26 17:02:02,299 - INFO: b'[modeler_AMD64.exe] Logical 18: socket  0 core 18\r\r\n'
2021-11-26 17:02:02,300 - INFO: b'[modeler_AMD64.exe] Logical 19: socket  0 core 19\r\r\n'
2021-11-26 17:02:02,301 - INFO: b'[modeler_AMD64.exe] Logical 20: socket  0 core 20\r\r\n'
2021-11-26 17:02:02,303 - INFO: b'[modeler_AMD64.exe] Logical 21: socket  0 core 21\r\r\n'
2021-11-26 17:02:02,304 - INFO: b'[modeler_AMD64.exe] Logical 22: socket  0 core 22\r\r\n'
2021-11-26 17:02:02,304 - INFO: b'[modeler_AMD64.exe] Logical 23: socket  0 core 23\r\r\n'
2021-11-26 17:02:02,305 - INFO: b'[modeler_AMD64.exe] packages: 1\r\r\n'
2021-11-26 17:02:02,305 - INFO: b'[modeler_AMD64.exe] cores   : 12\r\r\n'
2021-11-26 17:02:02,306 - INFO: b'[modeler_AMD64.exe] ht units: 2\r\r\n'
2021-11-26 17:02:02,307 - INFO: b'[modeler_AMD64.exe] \r\r\n'
2021-11-26 17:02:02,308 - INFO: b'[modeler_AMD64.exe] \r\r\n'
2021-11-26 17:02:02,309 - INFO: b'[modeler_AMD64.exe] thread setup 2: 12\r\r\n'
2021-11-26 17:02:02,309 - INFO: b'[modeler_AMD64.exe] thread setup 3: 128 --> 12\r\r\n'
2021-11-26 17:02:02,310 - INFO: b'[modeler_AMD64.exe] Modeler openmp threads: 12\r\r\n'
2021-11-26 17:02:02,310 - INFO: b'[modeler_AMD64.exe] Parallel ACIS is active. Starting 24 worker threads for ACIS.\r\r\n'
2021-11-26 17:02:02,311 - INFO: b'[schematic_AMD64.exe] This is the schematic 2020.0 Release from 2019-09-25 (change 724524)\r\r\n'
2021-11-26 17:02:02,312 - INFO: b'[schematic_AMD64.exe] \r\r\n'
2021-11-26 17:02:02,315 - INFO: b'[schematic_AMD64.exe] \r\r\n'
2021-11-26 17:02:02,315 - INFO: b'[schematic_AMD64.exe] project name: c:\\users\\ykk\\appdata\\local\\temp\\1\\cstde1\\temp\\de3\\untitled_0.cst\r\r\n'
2021-11-26 17:02:02,316 - INFO: b'[schematic_AMD64.exe] \r\r\n'
2021-11-26 17:02:02,316 - INFO: b'[schematic_AMD64.exe] \r\r\n'
2021-11-26 17:02:02,316 - INFO: b'[schematic_AMD64.exe] myname: C:\\Program Files (x86)\\CST Studio Suite 2020\\AMD64\\schematic_AMD64.exe\r\r\n'
2021-11-26 17:02:02,317 - INFO: b'[schematic_AMD64.exe] \r\r\n'
2021-11-26 17:02:02,317 - INFO: b'It seems that the history list contains non ASCII characters. This may cause undesired effects if the CST project is used on computers with a different language setting or operating system.\r\r\n'
2021-11-26 17:02:02,318 - INFO: b'The following history blocks contain non ASCII characters either in their name or content:\r\r\n'
2021-11-26 17:02:02,318 - INFO: b'114, 115, 116, 123.\r\r\n'
2021-11-26 17:02:02,318 - INFO: b'[modeler_AMD64.exe] 2 blocks read in parallel from ACIS file. 2 top level entities in total.\r\r\n'
2021-11-26 17:02:02,319 - INFO: b'[modeler_AMD64.exe] 2 blocks read in parallel from ACIS file. 2 top level entities in total.\r\r\n'
2021-11-26 17:02:02,319 - INFO: b'[modeler_AMD64.exe] 2 blocks read in parallel from ACIS file. 2 top level entities in total.\r\r\n'
2021-11-26 17:02:02,319 - INFO: b'[modeler_AMD64.exe] 2 blocks read in parallel from ACIS file. 2 top level entities in total.\r\r\n'
2021-11-26 17:02:02,320 - INFO: b'Sub-Project import: External reference cannot be found: \r\r\n'
2021-11-26 17:02:02,320 - INFO: b'  "D:\\x.r.hao\\2#WHPS2021\\500MHz cavity\\model2020\\absorb\\\xa6\xb5140absorb(ideal).cst"\r\r\n'
2021-11-26 17:02:02,321 - INFO: b'  "D:\\x.r.hao\\2#WHPS2021\\500MHz cavity\\model2020\\absorb\\waveguide absorb(ideal).cst"\r\r\n'
2021-11-26 17:02:02,321 - INFO: b'  "D:\\x.r.hao\\2#WHPS2021\\500MHz cavity\\model2020\\coupler\\FPC_loop.cst"\r\r\n'
2021-11-26 17:02:02,322 - INFO: b'  "D:\\x.r.hao\\2#WHPS2021\\500MHz cavity\\model2020\\taper\\taper_Left.cst"\r\r\n'
2021-11-26 17:02:13,342 - INFO: b'  "D:\\x.r.hao\\2#WHPS2021\\500MHz cavity\\model2020\\taper\\taper_right.cst"\r\r\n'
2021-11-26 17:02:13,343 - INFO: b'Some objects were hidden when this project was last saved. These objects are still hidden.\r\r\n'
2021-11-26 17:02:13,346 - INFO: b'Schematic window contains tasks in the navigation tree.\r\r\n'
2021-11-26 17:02:13,347 - INFO: b'[modeler_AMD64.exe] Skipping template 3D\\Frequency (Multiple Modes):: Template needs to be evaluated first.\r\r\n'
2021-11-26 17:02:13,347 - INFO: b'[modeler_AMD64.exe] Skipping template 3D\\R over Q beta=1 (Multiple Modes):: Template needs to be evaluated first.\r\r\n'
2021-11-26 17:02:13,348 - INFO: b'[modeler_AMD64.exe] Skipping template 3D\\R over Q beta=1 (Multiple Modes)_offset=5mm (Multiple Modes):: Template needs to be evaluated first.\r\r\n'
2021-11-26 17:02:13,348 - INFO: b'[modeler_AMD64.exe] Skipping template 3D\\R over Q beta=1 (Multiple Modes)_1:: Template needs to be evaluated first.\r\r\n'
2021-11-26 17:02:13,349 - INFO: b'[modeler_AMD64.exe] Skipping template 3D\\Q-Factor (Perturbation) (Multiple Modes):: Template needs to be evaluated first.\r\r\n'
2021-11-26 17:02:13,349 - INFO: b'[modeler_AMD64.exe] Skipping template 3D\\Total Loss (Pert., Aver.) (Multiple Modes):: Template needs to be evaluated first.\r\r\n'
2021-11-26 17:02:13,349 - INFO: b'[modeler_AMD64.exe] Skipping template 3D\\Shunt Impedance (Pertubation) (Multiple Modes):: Template needs to be evaluated first.\r\r\n'
2021-11-26 17:02:13,350 - INFO: b'[modeler_AMD64.exe] Skipping template 3D\\Voltage beta=1 (Multiple Modes):: Template needs to be evaluated first.\r\r\n'
2021-11-26 17:02:13,350 - INFO: b'[modeler_AMD64.exe] Skipping template 3D\\Frequency (Multiple Modes):: Template needs to be evaluated first.\r\r\n'
2021-11-26 17:02:13,351 - INFO: b'[modeler_AMD64.exe] Skipping template 3D\\R over Q beta=1 (Multiple Modes):: Template needs to be evaluated first.\r\r\n'
2021-11-26 17:02:13,351 - INFO: b'[modeler_AMD64.exe] Skipping template 3D\\R over Q beta=1 (Multiple Modes)_offset=5mm (Multiple Modes):: Template needs to be evaluated first.\r\r\n'
2021-11-26 17:02:13,352 - INFO: b'[modeler_AMD64.exe] Skipping template 3D\\R over Q beta=1 (Multiple Modes)_1:: Template needs to be evaluated first.\r\r\n'
2021-11-26 17:02:13,352 - INFO: b'[modeler_AMD64.exe] Skipping template 3D\\Q-Factor (Perturbation) (Multiple Modes):: Template needs to be evaluated first.\r\r\n'
2021-11-26 17:02:13,353 - INFO: b'[modeler_AMD64.exe] Skipping template 3D\\Total Loss (Pert., Aver.) (Multiple Modes):: Template needs to be evaluated first.\r\r\n'
2021-11-26 17:02:13,357 - INFO: b'[modeler_AMD64.exe] Skipping template 3D\\Shunt Impedance (Pertubation) (Multiple Modes):: Template needs to be evaluated first.\r\r\n'
2021-11-26 17:02:13,358 - INFO: b'[modeler_AMD64.exe] Skipping template 3D\\Voltage beta=1 (Multiple Modes):: Template needs to be evaluated first.\r\r\n'
2021-11-26 17:02:13,358 - INFO: b'Batch run finished successfully\r\r\n'
2021-11-26 17:02:13,358 - INFO: b'[modeler_AMD64.exe] Modeler finished successfully\r\r\n'
2021-11-26 17:02:13,359 - INFO: b'Exiting with exit code 0. Exit code info: (EXITCODE_SUCCESS)\r\r\n'
2021-11-26 17:02:13,365 - INFO: Config内容更新完成
2021-11-26 17:02:13,366 - INFO: 后处理设定已保存至C:\Users\ykk\Desktop\QEXT\pps.json
2021-11-26 17:02:13,368 - INFO: ----------------------------------------------------------
2021-11-26 17:02:13,368 - INFO: 全局信息:
2021-11-26 17:02:13,368 - INFO: data目录:C:\Users\ykk\Desktop\cst_tools\data
2021-11-26 17:02:13,369 - INFO: temp目录:C:\Users\ykk\Desktop\cst_tools\temp
2021-11-26 17:02:13,369 - INFO: log目录:C:\Users\ykk\Desktop\cst_tools\log
2021-11-26 17:02:13,370 - INFO: result目录:C:\Users\ykk\Desktop\cst_tools\result
2021-11-26 17:02:13,370 - INFO: CST版本:2020
2021-11-26 17:02:13,371 - INFO: CSTEXE路径:C:\Program Files (x86)\CST Studio Suite 2020\CST DESIGN ENVIRONMENT.exe
2021-11-26 17:02:13,371 - INFO: superfish版本:
2021-11-26 17:02:13,372 - INFO: superfish路径:
2021-11-26 17:02:13,372 - INFO: ----------------------------------------------------------
2021-11-26 17:02:13,372 - INFO: -----------------------------------
2021-11-26 17:02:13,375 - INFO: created worker type local id:0
2021-11-26 17:02:13,376 - INFO: TempDir:C:\Users\ykk\Desktop\QEXT\temp\worker_0
2021-11-26 17:02:13,379 - INFO: TaskFileDir:C:\Users\ykk\Desktop\QEXT\temp\worker_0
2021-11-26 17:02:13,409 - INFO: "C:\Program Files (x86)\CST Studio Suite 2020\CST DESIGN ENVIRONMENT.exe" -m "C:\Users\ykk\Desktop\QEXT\temp\worker_0\main.bas"
2021-11-26 17:02:13,413 - INFO: <subprocess.Popen object at 0x000001D4D760C880>
2021-11-26 17:02:13,414 - INFO: created worker type local id:1
2021-11-26 17:02:13,415 - INFO: TempDir:C:\Users\ykk\Desktop\QEXT\temp\worker_1
2021-11-26 17:02:13,416 - INFO: TaskFileDir:C:\Users\ykk\Desktop\QEXT\temp\worker_1
2021-11-26 17:02:13,451 - INFO: "C:\Program Files (x86)\CST Studio Suite 2020\CST DESIGN ENVIRONMENT.exe" -m "C:\Users\ykk\Desktop\QEXT\temp\worker_1\main.bas"
2021-11-26 17:02:13,454 - INFO: <subprocess.Popen object at 0x000001D4D760CAC0>
2021-11-26 17:02:13,455 - INFO: JOB MANAGER 创建完成
2021-11-26 17:02:13,457 - INFO: UI:STARTING WORK
2021-11-26 17:02:13,459 - INFO: PCM:项目状态已设为RUNNING
2021-11-26 17:02:13,470 - INFO: WorkerID:'0' Run:0 Name:'frequency000000_700_800' started.
2021-11-26 17:02:13,472 - INFO: Start Time:'Fri Nov 26 17:02:13 2021'
2021-11-26 17:04:26,562 - ERROR: CST ENV stopped
