2021-04-30 12:05:59,402 - WARNING: 找到curr_global_cfg:.\config\current.ini
2021-04-30 12:05:59,414 - INFO: 检查全局配置开始.
2021-04-30 12:05:59,415 - DEBUG: CST ENV PATH为C:\Program Files (x86)\CST Studio Suite 2020\CST DESIGN ENVIRONMENT.exe
2021-04-30 12:05:59,416 - DEBUG: CST 版本为2020
2021-04-30 12:05:59,418 - INFO: 检查全局配置结束.
2021-04-30 12:05:59,418 - INFO: 使用命令行定义的project目录:.\project\Enlarged
2021-04-30 12:05:59,418 - INFO: 检查project开始
2021-04-30 12:05:59,419 - INFO: 找到project目录:.\project\Enlarged
2021-04-30 12:05:59,419 - INFO: 检查project结束
2021-04-30 12:05:59,420 - INFO: 已保存全局配置文件于.\config\current.ini。
2021-04-30 12:05:59,420 - INFO: 开始使用project目录:.\project\Enlarged
2021-04-30 12:05:59,421 - INFO: 尝试打开project目录.\project\Enlarged。
2021-04-30 12:05:59,421 - ERROR: 未找到配置文件project.ini。
2021-04-30 12:05:59,421 - INFO: 尝试从project目录.\project\Enlarged创建配置文件。
2021-04-30 12:05:59,422 - INFO: 创建配置文件project.ini。
2021-04-30 12:05:59,422 - INFO: 未指定project名,使用为默认目录名Enlarged
2021-04-30 12:05:59,423 - INFO: 找到CST项目文件Enlarged.cst
2021-04-30 12:05:59,460 - INFO: 正在从CST文件中读取参数列表。
2021-04-30 12:06:13,393 - INFO: b'This is CST DESIGN ENVIRONMENT 2020.0 Release from 2019-09-25 (change 724524)\r\r\n'
2021-04-30 12:06:13,393 - INFO: b'Using install path: C:\\Program Files (x86)\\CST Studio Suite 2020\\\r\r\n'
2021-04-30 12:06:13,395 - INFO: b'Using Qt 5.12.3 (compiled with 5.12.3)\r\r\n'
2021-04-30 12:06:13,395 - INFO: b'\r\r\n'
2021-04-30 12:06:13,395 - INFO: b'Checking license servers...\r\r\n'
2021-04-30 12:06:13,396 - INFO: b'License search path found in CST registry: 11605@whpsgroup.test\r\r\n'
2021-04-30 12:06:13,396 - INFO: b'Checking license at startup successfully passed.\r\r\n'
2021-04-30 12:06:13,397 - INFO: b'Connected to license server: 11605@whpsgroup.test\r\r\n'
2021-04-30 12:06:13,397 - INFO: b'[modeler_AMD64.exe] This is the modeler 2020.0 Release from 2019-09-25 (change 724524)\r\r\n'
2021-04-30 12:06:13,397 - INFO: b'[modeler_AMD64.exe] Startup: 30.04.2021 12:06:02\r\r\n'
2021-04-30 12:06:13,398 - INFO: b'[modeler_AMD64.exe] \r\r\n'
2021-04-30 12:06:13,398 - INFO: b'[modeler_AMD64.exe] Modeler affinity of main thread: 111111111111 111111111111 \r\r\n'
2021-04-30 12:06:13,398 - INFO: b'[modeler_AMD64.exe] \r\r\n'
2021-04-30 12:06:13,400 - INFO: b'[modeler_AMD64.exe] thread setup 1: 12, 24\r\r\n'
2021-04-30 12:06:13,400 - INFO: b'[modeler_AMD64.exe]   sockets         : 1\r\r\n'
2021-04-30 12:06:13,400 - INFO: b'[modeler_AMD64.exe]   cores per socket: 12\r\r\n'
2021-04-30 12:06:13,401 - INFO: b'[modeler_AMD64.exe]   ht units        : 2\r\r\n'
2021-04-30 12:06:13,401 - INFO: b'[modeler_AMD64.exe]   acc. hw         : 24\r\r\n'
2021-04-30 12:06:13,410 - INFO: b'[modeler_AMD64.exe]   acc. OSI        : 24\r\r\n'
2021-04-30 12:06:13,416 - INFO: b'[modeler_AMD64.exe]   aff. available  : yes\r\r\n'
2021-04-30 12:06:13,423 - INFO: b"[modeler_AMD64.exe]   OSI log         : CPUID: selected engine is 'Leaf 0xB detection'\r\r\n"
2021-04-30 12:06:13,431 - INFO: b'[modeler_AMD64.exe] Logical  0: socket  0 core  0\r\r\n'
2021-04-30 12:06:13,434 - INFO: b'[modeler_AMD64.exe] Logical  1: socket  0 core  1\r\r\n'
2021-04-30 12:06:13,440 - INFO: b'[modeler_AMD64.exe] Logical  2: socket  0 core  2\r\r\n'
2021-04-30 12:06:13,441 - INFO: b'[modeler_AMD64.exe] Logical  3: socket  0 core  3\r\r\n'
2021-04-30 12:06:13,447 - INFO: b'[modeler_AMD64.exe] Logical  4: socket  0 core  4\r\r\n'
2021-04-30 12:06:13,451 - INFO: b'[modeler_AMD64.exe] Logical  5: socket  0 core  5\r\r\n'
2021-04-30 12:06:13,458 - INFO: b'[modeler_AMD64.exe] Logical  6: socket  0 core  6\r\r\n'
2021-04-30 12:06:13,464 - INFO: b'[modeler_AMD64.exe] Logical  7: socket  0 core  7\r\r\n'
2021-04-30 12:06:13,467 - INFO: b'[modeler_AMD64.exe] Logical  8: socket  0 core  8\r\r\n'
2021-04-30 12:06:13,473 - INFO: b'[modeler_AMD64.exe] Logical  9: socket  0 core  9\r\r\n'
2021-04-30 12:06:13,474 - INFO: b'[modeler_AMD64.exe] Logical 10: socket  0 core 10\r\r\n'
2021-04-30 12:06:13,480 - INFO: b'[modeler_AMD64.exe] Logical 11: socket  0 core 11\r\r\n'
2021-04-30 12:06:13,483 - INFO: b'[modeler_AMD64.exe] Logical 12: socket  0 core 12\r\r\n'
2021-04-30 12:06:13,488 - INFO: b'[modeler_AMD64.exe] Logical 13: socket  0 core 13\r\r\n'
2021-04-30 12:06:13,494 - INFO: b'[modeler_AMD64.exe] Logical 14: socket  0 core 14\r\r\n'
2021-04-30 12:06:13,501 - INFO: b'[modeler_AMD64.exe] Logical 15: socket  0 core 15\r\r\n'
2021-04-30 12:06:13,507 - INFO: b'[modeler_AMD64.exe] Logical 16: socket  0 core 16\r\r\n'
2021-04-30 12:06:13,516 - INFO: b'[modeler_AMD64.exe] Logical 17: socket  0 core 17\r\r\n'
2021-04-30 12:06:13,522 - INFO: b'[modeler_AMD64.exe] Logical 18: socket  0 core 18\r\r\n'
2021-04-30 12:06:13,525 - INFO: b'[modeler_AMD64.exe] Logical 19: socket  0 core 19\r\r\n'
2021-04-30 12:06:13,532 - INFO: b'[modeler_AMD64.exe] Logical 20: socket  0 core 20\r\r\n'
2021-04-30 12:06:13,533 - INFO: b'[modeler_AMD64.exe] Logical 21: socket  0 core 21\r\r\n'
2021-04-30 12:06:13,544 - INFO: b'[modeler_AMD64.exe] Logical 22: socket  0 core 22\r\r\n'
2021-04-30 12:06:13,544 - INFO: b'[modeler_AMD64.exe] Logical 23: socket  0 core 23\r\r\n'
2021-04-30 12:06:13,552 - INFO: b'[modeler_AMD64.exe] packages: 1\r\r\n'
2021-04-30 12:06:13,555 - INFO: b'[modeler_AMD64.exe] cores   : 12\r\r\n'
2021-04-30 12:06:13,560 - INFO: b'[modeler_AMD64.exe] ht units: 2\r\r\n'
2021-04-30 12:06:13,561 - INFO: b'[modeler_AMD64.exe] \r\r\n'
2021-04-30 12:06:13,568 - INFO: b'[modeler_AMD64.exe] \r\r\n'
2021-04-30 12:06:13,572 - INFO: b'[modeler_AMD64.exe] thread setup 2: 12\r\r\n'
2021-04-30 12:06:13,580 - INFO: b'[modeler_AMD64.exe] thread setup 3: 24 --> 12\r\r\n'
2021-04-30 12:06:13,582 - INFO: b'[modeler_AMD64.exe] Modeler openmp threads: 12\r\r\n'
2021-04-30 12:06:13,589 - INFO: b'[modeler_AMD64.exe] Parallel ACIS is active. Starting 24 worker threads for ACIS.\r\r\n'
2021-04-30 12:06:13,590 - INFO: b'[schematic_AMD64.exe] This is the schematic 2020.0 Release from 2019-09-25 (change 724524)\r\r\n'
2021-04-30 12:06:13,596 - INFO: b'[schematic_AMD64.exe] \r\r\n'
2021-04-30 12:06:13,599 - INFO: b'[schematic_AMD64.exe] \r\r\n'
2021-04-30 12:06:13,605 - INFO: b'[schematic_AMD64.exe] project name: c:\\users\\ykk\\appdata\\local\\temp\\1\\cstde1\\temp\\de1\\untitled_0.cst\r\r\n'
2021-04-30 12:06:13,612 - INFO: b'[schematic_AMD64.exe] \r\r\n'
2021-04-30 12:06:13,621 - INFO: b'[schematic_AMD64.exe] \r\r\n'
2021-04-30 12:06:13,626 - INFO: b'[schematic_AMD64.exe] myname: C:\\Program Files (x86)\\CST Studio Suite 2020\\AMD64\\schematic_AMD64.exe\r\r\n'
2021-04-30 12:06:13,635 - INFO: b'[schematic_AMD64.exe] \r\r\n'
2021-04-30 12:06:13,640 - INFO: b'It seems that the history list contains non ASCII characters. This may cause undesired effects if the CST project is used on computers with a different language setting or operating system.\r\r\n'
2021-04-30 12:06:13,644 - INFO: b'The following history blocks contain non ASCII characters either in their name or content:\r\r\n'
2021-04-30 12:06:13,650 - INFO: b'46, 47, 49.\r\r\n'
2021-04-30 12:06:13,650 - INFO: b'[modeler_AMD64.exe] 2 blocks read in parallel from ACIS file. 2 top level entities in total.\r\r\n'
2021-04-30 12:06:13,657 - INFO: b'[modeler_AMD64.exe] 2 blocks read in parallel from ACIS file. 2 top level entities in total.\r\r\n'
2021-04-30 12:06:13,666 - INFO: b'Sub-Project import: External reference cannot be found: \r\r\n'
2021-04-30 12:06:13,674 - INFO: b'  "D:\\x.r.hao\\2#WHPS2021\\500MHz cavity\\model2020\\absorb\\\xa6\xb5140absorb(ideal).cst"\r\r\n'
2021-04-30 12:06:13,684 - INFO: b'  "D:\\x.r.hao\\2#WHPS2021\\500MHz cavity\\model2020\\taper\\taper_Left.cst"\r\r\n'
2021-04-30 12:06:13,690 - INFO: b'  "D:\\x.r.hao\\2#WHPS2021\\500MHz cavity\\model2020\\taper\\taper_right.cst"\r\r\n'
2021-04-30 12:06:13,693 - INFO: b'Some objects were hidden when this project was last saved. These objects are still hidden.\r\r\n'
2021-04-30 12:06:13,700 - INFO: b'Schematic window contains tasks in the navigation tree.\r\r\n'
2021-04-30 12:06:13,707 - INFO: b'[modeler_AMD64.exe] Skipping template 3D\\Frequency (Multiple Modes):: Template needs to be evaluated first.\r\r\n'
2021-04-30 12:06:19,172 - INFO: b'[modeler_AMD64.exe] Skipping template 3D\\R over Q beta=1 (Multiple Modes):: Template needs to be evaluated first.\r\r\n'
2021-04-30 12:06:19,174 - INFO: b'[modeler_AMD64.exe] Skipping template 3D\\R over Q beta=1 (Multiple Modes)offset1=5mm (Multiple Modes):: Template needs to be evaluated first.\r\r\n'
2021-04-30 12:06:19,180 - INFO: b'[modeler_AMD64.exe] Skipping template 3D\\R over Q beta=1 (Multiple Modes)offset2=10mm (Multiple Modes):: Template needs to be evaluated first.\r\r\n'
2021-04-30 12:06:19,182 - INFO: b'[modeler_AMD64.exe] Skipping template 3D\\Q-Factor (Perturbation) (Multiple Modes):: Template needs to be evaluated first.\r\r\n'
2021-04-30 12:06:19,184 - INFO: b'[modeler_AMD64.exe] Skipping template 3D\\Shunt Impedance (Pertubation) beta=1 (Multiple Modes):: Template needs to be evaluated first.\r\r\n'
2021-04-30 12:06:19,186 - INFO: b'[modeler_AMD64.exe] Skipping template 3D\\Voltage (Multiple Modes):: Template needs to be evaluated first.\r\r\n'
2021-04-30 12:06:19,197 - INFO: b'[modeler_AMD64.exe] Skipping template 3D\\Total Loss (Pert., Aver.) (Multiple Modes):: Template needs to be evaluated first.\r\r\n'
2021-04-30 12:06:19,198 - INFO: b'Batch run finished successfully\r\r\n'
2021-04-30 12:06:19,199 - INFO: b'[modeler_AMD64.exe] Modeler finished successfully\r\r\n'
2021-04-30 12:06:19,200 - INFO: b'Exiting with exit code 0. Exit code info: (EXITCODE_SUCCESS)\r\r\n'
2021-04-30 12:06:19,204 - INFO: 创建配置文件结束。
2021-04-30 12:06:19,245 - INFO: project.ini测试结束

2021-04-30 12:06:19,272 - INFO: project.ini测试结束

2021-04-30 12:06:19,273 - INFO: 全局信息:
2021-04-30 12:06:19,276 - INFO: data目录:./data
2021-04-30 12:06:19,278 - INFO: temp目录:./temp
2021-04-30 12:06:19,279 - INFO: log目录:./log
2021-04-30 12:06:19,284 - INFO: result目录:./result
2021-04-30 12:06:19,288 - INFO: CST版本:2020
2021-04-30 12:06:19,290 - INFO: CSTEXE路径:C:\Program Files (x86)\CST Studio Suite 2020\CST DESIGN ENVIRONMENT.exe
2021-04-30 12:06:19,291 - INFO: project目录:.\project\Enlarged
2021-04-30 12:06:19,292 - INFO: 项目信息:
2021-04-30 12:06:19,293 - INFO: ProjectName:Enlarged
2021-04-30 12:06:19,294 - INFO: ProjectType:Enlarged
2021-04-30 12:06:19,295 - INFO: ProjectDescription:
2021-04-30 12:06:19,296 - INFO: 项目result目录:..\..\result
2021-04-30 12:06:19,300 - INFO: 项目temp目录:..\..\temp
2021-04-30 12:06:19,302 - INFO: CST文件名:Enlarged.cst
2021-04-30 12:06:19,303 - INFO: CSTFileMD5:340a54ff82ef16c99958a6f38bd733af
2021-04-30 12:06:19,304 - INFO: 使用MPI:False
2021-04-30 12:06:19,305 - INFO: MPI节点文件:
2021-04-30 12:06:19,306 - INFO: UseRemoteCalculaton:False
2021-04-30 12:06:19,307 - INFO: DCMainControlAddress:
2021-04-30 12:06:19,308 - INFO: 参数列表文件:params.json
2021-04-30 12:06:19,335 - INFO: created worker type local id:0
2021-04-30 12:06:19,335 - INFO: TempDir:C:\Users\ykk\Desktop\cst_tools\temp\worker_0
2021-04-30 12:06:19,336 - INFO: TaskFileDir:C:\Users\ykk\Desktop\cst_tools\temp\worker_0
2021-04-30 12:06:19,393 - WARNING: CstProjectFile is not consistent with the one in temp.
2021-04-30 12:06:19,460 - INFO: Worker_(0):old runfile removed
2021-04-30 12:06:19,464 - INFO: "C:\Program Files (x86)\CST Studio Suite 2020\CST DESIGN ENVIRONMENT.exe" -m "C:\Users\ykk\Desktop\cst_tools\temp\worker_0\main.bas"
2021-04-30 12:06:19,470 - INFO: <subprocess.Popen object at 0x0000028A53226D00>
2021-04-30 12:06:19,476 - INFO: created worker type local id:1
2021-04-30 12:06:19,480 - INFO: TempDir:C:\Users\ykk\Desktop\cst_tools\temp\worker_1
2021-04-30 12:06:19,480 - INFO: TaskFileDir:C:\Users\ykk\Desktop\cst_tools\temp\worker_1
2021-04-30 12:06:19,541 - WARNING: CstProjectFile is not consistent with the one in temp.
2021-04-30 12:06:19,595 - INFO: Worker_(1):old runfile removed
2021-04-30 12:06:19,598 - INFO: "C:\Program Files (x86)\CST Studio Suite 2020\CST DESIGN ENVIRONMENT.exe" -m "C:\Users\ykk\Desktop\cst_tools\temp\worker_1\main.bas"
2021-04-30 12:06:19,602 - INFO: <subprocess.Popen object at 0x0000028A5323F460>
2021-04-30 12:06:19,631 - INFO: WorkerID:'0' Run:0 Name:'R_230.000000_L_260.000000' started.
2021-04-30 12:06:19,631 - INFO: Start Time:'Fri Apr 30 12:06:19 2021'
