2021-05-17 13:15:13,476 - WARNING: 找到curr_global_cfg:.\config\current.ini
2021-05-17 13:15:13,478 - INFO: 检查全局配置开始.
2021-05-17 13:15:13,478 - DEBUG: CST ENV PATH为C:\Program Files (x86)\CST Studio Suite 2020\CST DESIGN ENVIRONMENT.exe
2021-05-17 13:15:13,479 - DEBUG: CST 版本为2020
2021-05-17 13:15:13,479 - INFO: 检查全局配置结束.
2021-05-17 13:15:13,479 - INFO: 使用命令行定义的project目录:.\project\Enlarged_Mode
2021-05-17 13:15:13,480 - INFO: 检查project开始
2021-05-17 13:15:13,480 - INFO: 找到project目录:.\project\Enlarged_Mode
2021-05-17 13:15:13,481 - INFO: 检查project结束
2021-05-17 13:15:13,483 - INFO: 已保存全局配置文件于.\config\current.ini。
2021-05-17 13:15:13,483 - INFO: 开始使用project目录:.\project\Enlarged_Mode
2021-05-17 13:15:13,484 - INFO: 尝试打开project目录.\project\Enlarged_Mode。
2021-05-17 13:15:13,531 - INFO: project.ini测试结束

2021-05-17 13:15:13,531 - INFO: 全局信息:
2021-05-17 13:15:13,533 - INFO: data目录:./data
2021-05-17 13:15:13,537 - INFO: temp目录:./temp
2021-05-17 13:15:13,538 - INFO: log目录:./log
2021-05-17 13:15:13,538 - INFO: result目录:./result
2021-05-17 13:15:13,539 - INFO: CST版本:2020
2021-05-17 13:15:13,543 - INFO: CSTEXE路径:C:\Program Files (x86)\CST Studio Suite 2020\CST DESIGN ENVIRONMENT.exe
2021-05-17 13:15:13,546 - INFO: project目录:.\project\Enlarged_Mode
2021-05-17 13:15:13,550 - INFO: 项目信息:
2021-05-17 13:15:13,550 - INFO: ProjectName:Enlarged
2021-05-17 13:15:13,551 - INFO: ProjectType:Enlarged_Mode
2021-05-17 13:15:13,551 - INFO: ProjectDescription:
2021-05-17 13:15:13,556 - INFO: 项目result目录:..\..\result
2021-05-17 13:15:13,558 - INFO: 项目temp目录:..\..\temp
2021-05-17 13:15:13,563 - INFO: CST文件名:Enlarged.cst
2021-05-17 13:15:13,563 - INFO: CSTFileMD5:5aa59bc518437fa34dd7d0251b5be815
2021-05-17 13:15:13,564 - INFO: 使用MPI:False
2021-05-17 13:15:13,564 - INFO: MPI节点文件:
2021-05-17 13:15:13,565 - INFO: UseRemoteCalculaton:False
2021-05-17 13:15:13,569 - INFO: DCMainControlAddress:
2021-05-17 13:15:13,571 - INFO: 参数列表文件:params.json
2021-05-17 13:15:13,578 - INFO: created worker type local id:0
2021-05-17 13:15:13,578 - INFO: TempDir:C:\Users\ykk\Desktop\cst_tools\temp\worker_0
2021-05-17 13:15:13,583 - INFO: TaskFileDir:C:\Users\ykk\Desktop\cst_tools\temp\worker_0
2021-05-17 13:15:13,670 - INFO: "C:\Program Files (x86)\CST Studio Suite 2020\CST DESIGN ENVIRONMENT.exe" -m "C:\Users\ykk\Desktop\cst_tools\temp\worker_0\main.bas"
2021-05-17 13:15:13,673 - INFO: <subprocess.Popen object at 0x0000017156C83310>
2021-05-17 13:15:13,678 - INFO: created worker type local id:1
2021-05-17 13:15:13,679 - INFO: TempDir:C:\Users\ykk\Desktop\cst_tools\temp\worker_1
2021-05-17 13:15:13,679 - INFO: TaskFileDir:C:\Users\ykk\Desktop\cst_tools\temp\worker_1
2021-05-17 13:15:13,744 - INFO: "C:\Program Files (x86)\CST Studio Suite 2020\CST DESIGN ENVIRONMENT.exe" -m "C:\Users\ykk\Desktop\cst_tools\temp\worker_1\main.bas"
2021-05-17 13:15:13,747 - INFO: <subprocess.Popen object at 0x0000017156C83280>
2021-05-17 13:15:13,754 - INFO: WorkerID:'0' Run:0 Name:'R_230.000000_L_260.000000' started.
2021-05-17 13:15:13,760 - INFO: Start Time:'Mon May 17 13:15:13 2021'
2021-05-17 13:15:39,776 - ERROR: CST ENV stopped
