2021-11-26 17:06:10,359 - INFO: 日志已输出到log\base_2021-11-26-17_06_10.log
2021-11-26 17:06:10,360 - INFO: 找到curr_global_cfg:config\current.ini
2021-11-26 17:06:10,368 - INFO: 使用PyQt5图形窗口运行模式
2021-11-26 17:06:20,805 - INFO: PCM:currProjectDir 已设为C:\Users\ykk\Desktop\QEXT
2021-11-26 17:06:36,249 - INFO: PCM:inputCSTFilePath 已设为C:\Users\ykk\Desktop\cst_tools\project\Enlarged\Enlarged.cst
2021-11-26 17:06:37,289 - INFO: BASE:SET CTN=False,SAFE=False
2021-11-26 17:06:37,290 - INFO: 检查全局配置开始.
2021-11-26 17:06:37,291 - INFO: 检查CST PATH.
2021-11-26 17:06:37,292 - INFO: 检查CST PATH 成功.
2021-11-26 17:06:37,292 - INFO: 检查CST 版本.
2021-11-26 17:06:37,292 - DEBUG: CST ENV PATH为C:\Program Files (x86)\CST Studio Suite 2020\CST DESIGN ENVIRONMENT.exe
2021-11-26 17:06:37,293 - DEBUG: CST 版本为2020
2021-11-26 17:06:37,293 - INFO: 检查CST 版本 结束.
2021-11-26 17:06:37,293 - INFO: 检查各个路径是否存在.
2021-11-26 17:06:37,294 - INFO: 检查全局配置结束.
2021-11-26 17:06:37,294 - INFO: 通过全局配置检测
2021-11-26 17:06:37,295 - INFO: 已保存全局配置文件于config\current.ini。
2021-11-26 17:06:37,296 - INFO: 开始使用project目录:C:\Users\ykk\Desktop\QEXT
2021-11-26 17:06:37,296 - INFO: 准备项目文件
2021-11-26 17:06:37,297 - INFO: 尝试打开project目录C:\Users\ykk\Desktop\QEXT。
2021-11-26 17:06:37,298 - INFO: 目录C:\Users\ykk\Desktop\QEXT为空。
2021-11-26 17:06:37,299 - INFO: 目录C:\Users\ykk\Desktop\QEXT无旧文件
2021-11-26 17:06:37,302 - INFO: 尝试从project目录C:\Users\ykk\Desktop\QEXT创建空白配置文件。
2021-11-26 17:06:37,302 - INFO: 开始创建配置文件project.ini于C:\Users\ykk\Desktop\QEXT\project.ini。
2021-11-26 17:06:37,303 - INFO: 未指定project名,使用为默认目录名QEXT
2021-11-26 17:06:37,303 - INFO: 创建配置文件结束。
2021-11-26 17:06:37,316 - INFO: 已将输入CST文件C:\Users\ykk\Desktop\cst_tools\project\Enlarged\Enlarged.cst复制到project目录C:\Users\ykk\Desktop\QEXT\Enlarged.cst。
2021-11-26 17:06:37,317 - INFO: 根据输入的CST文件更新Config内容
2021-11-26 17:06:37,361 - INFO: 正在从CST文件中读取参数列表。
2021-11-26 17:06:37,362 - INFO: tempdir为C:\Users\ykk\Desktop\QEXT\temp。
2021-11-26 17:06:37,364 - INFO: 临时文件生成成功。
2021-11-26 17:06:47,769 - INFO: b'This is CST DESIGN ENVIRONMENT 2020.0 Release from 2019-09-25 (change 724524)\r\r\n'
2021-11-26 17:06:47,770 - INFO: b'Using install path: C:\\Program Files (x86)\\CST Studio Suite 2020\\\r\r\n'
2021-11-26 17:06:47,772 - INFO: b'Using Qt 5.12.3 (compiled with 5.12.3)\r\r\n'
2021-11-26 17:06:47,772 - INFO: b'\r\r\n'
2021-11-26 17:06:47,772 - INFO: b'Checking license servers...\r\r\n'
2021-11-26 17:06:47,773 - INFO: b'License search path found in CST registry: 11605@whpsgroup.test\r\r\n'
2021-11-26 17:06:47,773 - INFO: b'Checking license at startup successfully passed.\r\r\n'
2021-11-26 17:06:47,774 - INFO: b'Connected to license server: 11605@whpsgroup.test\r\r\n'
2021-11-26 17:06:47,774 - INFO: b'[modeler_AMD64.exe] This is the modeler 2020.0 Release from 2019-09-25 (change 724524)\r\r\n'
2021-11-26 17:06:47,775 - INFO: b'[modeler_AMD64.exe] Startup: 26.11.2021 17:06:39\r\r\n'
2021-11-26 17:06:47,775 - INFO: b'[modeler_AMD64.exe] \r\r\n'
2021-11-26 17:06:47,775 - INFO: b'[modeler_AMD64.exe] Modeler affinity of main thread: 111111111111 111111111111 \r\r\n'
2021-11-26 17:06:47,776 - INFO: b'[modeler_AMD64.exe] \r\r\n'
2021-11-26 17:06:47,776 - INFO: b'[modeler_AMD64.exe] thread setup 1: 12, 24\r\r\n'
2021-11-26 17:06:47,777 - INFO: b'[modeler_AMD64.exe]   sockets         : 1\r\r\n'
2021-11-26 17:06:47,777 - INFO: b'[modeler_AMD64.exe]   cores per socket: 12\r\r\n'
2021-11-26 17:06:47,778 - INFO: b'[modeler_AMD64.exe]   ht units        : 2\r\r\n'
2021-11-26 17:06:47,778 - INFO: b'[modeler_AMD64.exe]   acc. hw         : 24\r\r\n'
2021-11-26 17:06:47,779 - INFO: b'[modeler_AMD64.exe]   acc. OSI        : 24\r\r\n'
2021-11-26 17:06:47,782 - INFO: b'[modeler_AMD64.exe]   aff. available  : yes\r\r\n'
2021-11-26 17:06:47,783 - INFO: b"[modeler_AMD64.exe]   OSI log         : CPUID: selected engine is 'Leaf 0xB detection'\r\r\n"
2021-11-26 17:06:47,784 - INFO: b'[modeler_AMD64.exe] Logical  0: socket  0 core  0\r\r\n'
2021-11-26 17:06:47,784 - INFO: b'[modeler_AMD64.exe] Logical  1: socket  0 core  1\r\r\n'
2021-11-26 17:06:47,785 - INFO: b'[modeler_AMD64.exe] Logical  2: socket  0 core  2\r\r\n'
2021-11-26 17:06:47,785 - INFO: b'[modeler_AMD64.exe] Logical  3: socket  0 core  3\r\r\n'
2021-11-26 17:06:47,786 - INFO: b'[modeler_AMD64.exe] Logical  4: socket  0 core  4\r\r\n'
2021-11-26 17:06:47,786 - INFO: b'[modeler_AMD64.exe] Logical  5: socket  0 core  5\r\r\n'
2021-11-26 17:06:47,787 - INFO: b'[modeler_AMD64.exe] Logical  6: socket  0 core  6\r\r\n'
2021-11-26 17:06:47,787 - INFO: b'[modeler_AMD64.exe] Logical  7: socket  0 core  7\r\r\n'
2021-11-26 17:06:47,787 - INFO: b'[modeler_AMD64.exe] Logical  8: socket  0 core  8\r\r\n'
2021-11-26 17:06:47,788 - INFO: b'[modeler_AMD64.exe] Logical  9: socket  0 core  9\r\r\n'
2021-11-26 17:06:47,788 - INFO: b'[modeler_AMD64.exe] Logical 10: socket  0 core 10\r\r\n'
2021-11-26 17:06:47,789 - INFO: b'[modeler_AMD64.exe] Logical 11: socket  0 core 11\r\r\n'
2021-11-26 17:06:47,790 - INFO: b'[modeler_AMD64.exe] Logical 12: socket  0 core 12\r\r\n'
2021-11-26 17:06:47,790 - INFO: b'[modeler_AMD64.exe] Logical 13: socket  0 core 13\r\r\n'
2021-11-26 17:06:47,791 - INFO: b'[modeler_AMD64.exe] Logical 14: socket  0 core 14\r\r\n'
2021-11-26 17:06:47,794 - INFO: b'[modeler_AMD64.exe] Logical 15: socket  0 core 15\r\r\n'
2021-11-26 17:06:47,795 - INFO: b'[modeler_AMD64.exe] Logical 16: socket  0 core 16\r\r\n'
2021-11-26 17:06:47,795 - INFO: b'[modeler_AMD64.exe] Logical 17: socket  0 core 17\r\r\n'
2021-11-26 17:06:47,795 - INFO: b'[modeler_AMD64.exe] Logical 18: socket  0 core 18\r\r\n'
2021-11-26 17:06:47,796 - INFO: b'[modeler_AMD64.exe] Logical 19: socket  0 core 19\r\r\n'
2021-11-26 17:06:47,796 - INFO: b'[modeler_AMD64.exe] Logical 20: socket  0 core 20\r\r\n'
2021-11-26 17:06:47,796 - INFO: b'[modeler_AMD64.exe] Logical 21: socket  0 core 21\r\r\n'
2021-11-26 17:06:47,797 - INFO: b'[modeler_AMD64.exe] Logical 22: socket  0 core 22\r\r\n'
2021-11-26 17:06:47,797 - INFO: b'[modeler_AMD64.exe] Logical 23: socket  0 core 23\r\r\n'
2021-11-26 17:06:47,797 - INFO: b'[modeler_AMD64.exe] packages: 1\r\r\n'
2021-11-26 17:06:47,798 - INFO: b'[modeler_AMD64.exe] cores   : 12\r\r\n'
2021-11-26 17:06:47,798 - INFO: b'[modeler_AMD64.exe] ht units: 2\r\r\n'
2021-11-26 17:06:47,799 - INFO: b'[modeler_AMD64.exe] \r\r\n'
2021-11-26 17:06:47,799 - INFO: b'[modeler_AMD64.exe] \r\r\n'
2021-11-26 17:06:47,800 - INFO: b'[modeler_AMD64.exe] thread setup 2: 12\r\r\n'
2021-11-26 17:06:47,800 - INFO: b'[modeler_AMD64.exe] thread setup 3: 128 --> 12\r\r\n'
2021-11-26 17:06:47,801 - INFO: b'[modeler_AMD64.exe] Modeler openmp threads: 12\r\r\n'
2021-11-26 17:06:47,801 - INFO: b'[modeler_AMD64.exe] Parallel ACIS is active. Starting 24 worker threads for ACIS.\r\r\n'
2021-11-26 17:06:47,801 - INFO: b'[schematic_AMD64.exe] This is the schematic 2020.0 Release from 2019-09-25 (change 724524)\r\r\n'
2021-11-26 17:06:47,802 - INFO: b'[schematic_AMD64.exe] \r\r\n'
2021-11-26 17:06:47,802 - INFO: b'[schematic_AMD64.exe] \r\r\n'
2021-11-26 17:06:47,803 - INFO: b'[schematic_AMD64.exe] project name: c:\\users\\ykk\\appdata\\local\\temp\\1\\cstde1\\temp\\de5\\untitled_0.cst\r\r\n'
2021-11-26 17:06:47,808 - INFO: b'[schematic_AMD64.exe] \r\r\n'
2021-11-26 17:06:47,808 - INFO: b'[schematic_AMD64.exe] \r\r\n'
2021-11-26 17:06:47,809 - INFO: b'[schematic_AMD64.exe] myname: C:\\Program Files (x86)\\CST Studio Suite 2020\\AMD64\\schematic_AMD64.exe\r\r\n'
2021-11-26 17:06:47,809 - INFO: b'[schematic_AMD64.exe] \r\r\n'
2021-11-26 17:06:47,809 - INFO: b'It seems that the history list contains non ASCII characters. This may cause undesired effects if the CST project is used on computers with a different language setting or operating system.\r\r\n'
2021-11-26 17:06:47,810 - INFO: b'The following history blocks contain non ASCII characters either in their name or content:\r\r\n'
2021-11-26 17:06:47,811 - INFO: b'46, 47, 49.\r\r\n'
2021-11-26 17:06:47,811 - INFO: b'[modeler_AMD64.exe] 2 blocks read in parallel from ACIS file. 2 top level entities in total.\r\r\n'
2021-11-26 17:06:47,812 - INFO: b'[modeler_AMD64.exe] 2 blocks read in parallel from ACIS file. 2 top level entities in total.\r\r\n'
2021-11-26 17:06:47,812 - INFO: b'Sub-Project import: External reference cannot be found: \r\r\n'
2021-11-26 17:06:47,813 - INFO: b'  "D:\\x.r.hao\\2#WHPS2021\\500MHz cavity\\model2020\\absorb\\\xa6\xb5140absorb(ideal).cst"\r\r\n'
2021-11-26 17:06:47,813 - INFO: b'  "D:\\x.r.hao\\2#WHPS2021\\500MHz cavity\\model2020\\taper\\taper_Left.cst"\r\r\n'
2021-11-26 17:06:47,814 - INFO: b'  "D:\\x.r.hao\\2#WHPS2021\\500MHz cavity\\model2020\\taper\\taper_right.cst"\r\r\n'
2021-11-26 17:06:47,814 - INFO: b'Some objects were hidden when this project was last saved. These objects are still hidden.\r\r\n'
2021-11-26 17:06:47,815 - INFO: b'Schematic window contains tasks in the navigation tree.\r\r\n'
2021-11-26 17:06:47,820 - INFO: b'[modeler_AMD64.exe] Skipping template 3D\\Frequency (Multiple Modes):: Template needs to be evaluated first.\r\r\n'
2021-11-26 17:06:56,292 - INFO: b'[modeler_AMD64.exe] Skipping template 3D\\R over Q beta=1 (Multiple Modes):: Template needs to be evaluated first.\r\r\n'
2021-11-26 17:06:56,293 - INFO: b'[modeler_AMD64.exe] Skipping template 3D\\R over Q beta=1 (Multiple Modes)offset1=5mm (Multiple Modes):: Template needs to be evaluated first.\r\r\n'
2021-11-26 17:06:56,295 - INFO: b'[modeler_AMD64.exe] Skipping template 3D\\R over Q beta=1 (Multiple Modes)offset2=10mm (Multiple Modes):: Template needs to be evaluated first.\r\r\n'
2021-11-26 17:06:56,296 - INFO: b'[modeler_AMD64.exe] Skipping template 3D\\Q-Factor (Perturbation) (Multiple Modes):: Template needs to be evaluated first.\r\r\n'
2021-11-26 17:06:56,296 - INFO: b'[modeler_AMD64.exe] Skipping template 3D\\Shunt Impedance (Pertubation) beta=1 (Multiple Modes):: Template needs to be evaluated first.\r\r\n'
2021-11-26 17:06:56,297 - INFO: b'[modeler_AMD64.exe] Skipping template 3D\\Voltage (Multiple Modes):: Template needs to be evaluated first.\r\r\n'
2021-11-26 17:06:56,298 - INFO: b'[modeler_AMD64.exe] Skipping template 3D\\Total Loss (Pert., Aver.) (Multiple Modes):: Template needs to be evaluated first.\r\r\n'
2021-11-26 17:06:56,298 - INFO: b'[modeler_AMD64.exe] Skipping template 3D\\Frequency (Multiple Modes):: Template needs to be evaluated first.\r\r\n'
2021-11-26 17:06:56,299 - INFO: b'[modeler_AMD64.exe] Skipping template 3D\\R over Q beta=1 (Multiple Modes):: Template needs to be evaluated first.\r\r\n'
2021-11-26 17:06:56,299 - INFO: b'[modeler_AMD64.exe] Skipping template 3D\\R over Q beta=1 (Multiple Modes)offset1=5mm (Multiple Modes):: Template needs to be evaluated first.\r\r\n'
2021-11-26 17:06:56,300 - INFO: b'[modeler_AMD64.exe] Skipping template 3D\\R over Q beta=1 (Multiple Modes)offset2=10mm (Multiple Modes):: Template needs to be evaluated first.\r\r\n'
2021-11-26 17:06:56,301 - INFO: b'[modeler_AMD64.exe] Skipping template 3D\\Q-Factor (Perturbation) (Multiple Modes):: Template needs to be evaluated first.\r\r\n'
2021-11-26 17:06:56,301 - INFO: b'[modeler_AMD64.exe] Skipping template 3D\\Shunt Impedance (Pertubation) beta=1 (Multiple Modes):: Template needs to be evaluated first.\r\r\n'
2021-11-26 17:06:56,302 - INFO: b'[modeler_AMD64.exe] Skipping template 3D\\Voltage (Multiple Modes):: Template needs to be evaluated first.\r\r\n'
2021-11-26 17:06:56,302 - INFO: b'[modeler_AMD64.exe] Skipping template 3D\\Total Loss (Pert., Aver.) (Multiple Modes):: Template needs to be evaluated first.\r\r\n'
2021-11-26 17:06:56,303 - INFO: b'Batch run finished successfully\r\r\n'
2021-11-26 17:06:56,303 - INFO: b'[modeler_AMD64.exe] Modeler finished successfully\r\r\n'
2021-11-26 17:06:56,303 - INFO: b'Exiting with exit code 0. Exit code info: (EXITCODE_SUCCESS)\r\r\n'
2021-11-26 17:06:56,310 - INFO: Config内容更新完成
2021-11-26 17:06:56,311 - INFO: 后处理设定已保存至C:\Users\ykk\Desktop\QEXT\pps.json
2021-11-26 17:06:56,311 - INFO: ----------------------------------------------------------
2021-11-26 17:06:56,311 - INFO: 全局信息:
2021-11-26 17:06:56,312 - INFO: data目录:C:\Users\ykk\Desktop\cst_tools\data
2021-11-26 17:06:56,312 - INFO: temp目录:C:\Users\ykk\Desktop\cst_tools\temp
2021-11-26 17:06:56,313 - INFO: log目录:C:\Users\ykk\Desktop\cst_tools\log
2021-11-26 17:06:56,313 - INFO: result目录:C:\Users\ykk\Desktop\cst_tools\result
2021-11-26 17:06:56,314 - INFO: CST版本:2020
2021-11-26 17:06:56,314 - INFO: CSTEXE路径:C:\Program Files (x86)\CST Studio Suite 2020\CST DESIGN ENVIRONMENT.exe
2021-11-26 17:06:56,314 - INFO: superfish版本:
2021-11-26 17:06:56,316 - INFO: superfish路径:
2021-11-26 17:06:56,319 - INFO: ----------------------------------------------------------
2021-11-26 17:06:56,319 - INFO: -----------------------------------
2021-11-26 17:06:56,327 - INFO: created worker type local id:0
2021-11-26 17:06:56,328 - INFO: TempDir:C:\Users\ykk\Desktop\QEXT\temp\worker_0
2021-11-26 17:06:56,328 - INFO: TaskFileDir:C:\Users\ykk\Desktop\QEXT\temp\worker_0
2021-11-26 17:06:56,342 - INFO: "C:\Program Files (x86)\CST Studio Suite 2020\CST DESIGN ENVIRONMENT.exe" -m "C:\Users\ykk\Desktop\QEXT\temp\worker_0\main.bas"
2021-11-26 17:06:56,346 - INFO: <subprocess.Popen object at 0x00000208E32AA880>
2021-11-26 17:06:56,347 - INFO: created worker type local id:1
2021-11-26 17:06:56,348 - INFO: TempDir:C:\Users\ykk\Desktop\QEXT\temp\worker_1
2021-11-26 17:06:56,349 - INFO: TaskFileDir:C:\Users\ykk\Desktop\QEXT\temp\worker_1
2021-11-26 17:06:56,362 - INFO: "C:\Program Files (x86)\CST Studio Suite 2020\CST DESIGN ENVIRONMENT.exe" -m "C:\Users\ykk\Desktop\QEXT\temp\worker_1\main.bas"
2021-11-26 17:06:56,365 - INFO: <subprocess.Popen object at 0x00000208E32AAAC0>
2021-11-26 17:06:56,366 - INFO: JOB MANAGER 创建完成
2021-11-26 17:06:56,367 - INFO: UI:STARTING WORK
2021-11-26 17:06:56,369 - INFO: PCM:项目状态已设为RUNNING
2021-11-26 17:06:56,378 - INFO: WorkerID:'0' Run:0 Name:'frequency000000_700_800' started.
2021-11-26 17:06:56,380 - INFO: Start Time:'Fri Nov 26 17:06:56 2021'
2021-11-26 17:07:34,406 - ERROR: CST ENV stopped
