2021-11-24 16:50:51,005 - INFO: 日志已输出到log\base_2021-11-24-16_50_51.log
2021-11-24 16:50:51,006 - INFO: 找到curr_global_cfg:config\current.ini
2021-11-24 16:50:51,009 - INFO: 使用PyQt5图形窗口运行模式
2021-11-24 16:50:59,474 - INFO: PCM:currProjectDir 已设为C:\Users\ykk\Desktop\QEXT
2021-11-24 16:51:02,749 - INFO: PCM:inputCSTFilePath 已设为C:\Users\ykk\Desktop\QEXT\Enlarged.cst
2021-11-24 16:51:03,417 - INFO: BASE:SET CTN=False,SAFE=False
2021-11-24 16:51:03,417 - INFO: 检查全局配置开始.
2021-11-24 16:51:03,418 - INFO: 检查CST PATH.
2021-11-24 16:51:03,419 - INFO: 检查CST PATH 成功.
2021-11-24 16:51:03,419 - INFO: 检查CST 版本.
2021-11-24 16:51:03,419 - DEBUG: CST ENV PATH为C:\Program Files (x86)\CST Studio Suite 2020\CST DESIGN ENVIRONMENT.exe
2021-11-24 16:51:03,420 - DEBUG: CST 版本为2020
2021-11-24 16:51:03,420 - INFO: 检查CST 版本 结束.
2021-11-24 16:51:03,420 - INFO: 检查各个路径是否存在.
2021-11-24 16:51:03,421 - INFO: 检查全局配置结束.
2021-11-24 16:51:03,421 - INFO: 通过全局配置检测
2021-11-24 16:51:03,422 - INFO: 已保存全局配置文件于config\current.ini。
2021-11-24 16:51:03,423 - INFO: 开始使用project目录:C:\Users\ykk\Desktop\QEXT
2021-11-24 16:51:03,423 - INFO: 准备项目文件
2021-11-24 16:51:03,424 - INFO: 尝试打开project目录C:\Users\ykk\Desktop\QEXT。
2021-11-24 16:51:03,425 - INFO: 目录C:\Users\ykk\Desktop\QEXT存在已有文件。
2021-11-24 16:51:03,425 - INFO: 目录C:\Users\ykk\Desktop\QEXT有旧文件
2021-11-24 16:51:03,434 - WARNING: 发现异常结束,尝试修复并继续
2021-11-24 16:51:03,435 - INFO: 检测并更新项目配置文件
2021-11-24 16:51:03,436 - INFO: 测试项目配置文件是否存在
2021-11-24 16:51:03,436 - DEBUG: 推测项目配置文件位于C:\Users\ykk\Desktop\QEXT\project.ini
2021-11-24 16:51:03,437 - INFO: 测试项目配置文件存在 通过
2021-11-24 16:51:03,438 - INFO: 测试CST模型文件是否存在
2021-11-24 16:51:03,440 - DEBUG: 推测模型文件位于C:\Users\ykk\Desktop\QEXT\Enlarged.cst
2021-11-24 16:51:03,440 - INFO: 测试CST模型文件存在 通过
2021-11-24 16:51:03,476 - INFO: 测试保存的参数列表与MD5是否与CST模型文件匹配
2021-11-24 16:51:03,477 - INFO: project.ini检测并更新项目配置文件结束

2021-11-24 16:51:03,479 - INFO: 后处理设定已保存至C:\Users\ykk\Desktop\QEXT\pps.json
2021-11-24 16:51:03,479 - INFO: ----------------------------------------------------------
2021-11-24 16:51:03,480 - INFO: 全局信息:
2021-11-24 16:51:03,480 - INFO: data目录:C:\Users\ykk\Desktop\cst_tools\data
2021-11-24 16:51:03,481 - INFO: temp目录:C:\Users\ykk\Desktop\cst_tools\temp
2021-11-24 16:51:03,481 - INFO: log目录:C:\Users\ykk\Desktop\cst_tools\log
2021-11-24 16:51:03,482 - INFO: result目录:C:\Users\ykk\Desktop\cst_tools\result
2021-11-24 16:51:03,482 - INFO: CST版本:2020
2021-11-24 16:51:03,483 - INFO: CSTEXE路径:C:\Program Files (x86)\CST Studio Suite 2020\CST DESIGN ENVIRONMENT.exe
2021-11-24 16:51:03,483 - INFO: superfish版本:
2021-11-24 16:51:03,483 - INFO: superfish路径:
2021-11-24 16:51:03,484 - INFO: ----------------------------------------------------------
2021-11-24 16:51:03,484 - INFO: -----------------------------------
2021-11-24 16:51:03,488 - INFO: created worker type local id:0
2021-11-24 16:51:03,489 - INFO: TempDir:C:\Users\ykk\Desktop\QEXT\temp\worker_0
2021-11-24 16:51:03,489 - INFO: TaskFileDir:C:\Users\ykk\Desktop\QEXT\temp\worker_0
2021-11-24 16:51:03,558 - INFO: "C:\Program Files (x86)\CST Studio Suite 2020\CST DESIGN ENVIRONMENT.exe" -m "C:\Users\ykk\Desktop\QEXT\temp\worker_0\main.bas"
2021-11-24 16:51:03,563 - INFO: <subprocess.Popen object at 0x00000188C4579130>
2021-11-24 16:51:03,564 - INFO: created worker type local id:1
2021-11-24 16:51:03,565 - INFO: TempDir:C:\Users\ykk\Desktop\QEXT\temp\worker_1
2021-11-24 16:51:03,565 - INFO: TaskFileDir:C:\Users\ykk\Desktop\QEXT\temp\worker_1
2021-11-24 16:51:03,641 - INFO: "C:\Program Files (x86)\CST Studio Suite 2020\CST DESIGN ENVIRONMENT.exe" -m "C:\Users\ykk\Desktop\QEXT\temp\worker_1\main.bas"
2021-11-24 16:51:03,648 - INFO: <subprocess.Popen object at 0x00000188C4579340>
2021-11-24 16:51:03,648 - INFO: JOB MANAGER 创建完成
2021-11-24 16:51:03,650 - INFO: UI:STARTING WORK
2021-11-24 16:51:03,652 - INFO: PCM:项目状态已设为RUNNING
2021-11-24 16:51:03,660 - INFO: WorkerID:'0' Run:0 Name:'frequency000000_700_800' started.
2021-11-24 16:51:03,662 - INFO: Start Time:'Wed Nov 24 16:51:03 2021'
2021-11-24 16:51:49,696 - ERROR: CST ENV stopped
