2021-12-06 13:23:32,842 - INFO: 日志已输出到log\base_2021-12-06-13_23_32.log
2021-12-06 13:23:32,843 - INFO: 找到curr_global_cfg:config\current.ini
2021-12-06 13:23:32,844 - INFO: 使用PyQt5图形窗口运行模式
2021-12-06 13:23:43,059 - INFO: PCM:currProjectDir 已设为C:\Users\ykk\Desktop\cst_tools
2021-12-06 13:23:52,156 - INFO: PCM:currProjectDir 已设为C:\Users\ykk\Desktop\QEXT
2021-12-06 13:24:04,221 - INFO: PCM:inputCSTFilePath 已设为C:\Users\ykk\Desktop\cst_tools\project\HOM analysis\HOM analysis.cst
2021-12-06 13:24:44,167 - INFO: BASE:SET CTN=False,SAFE=False
2021-12-06 13:24:44,168 - INFO: 检查全局配置开始.
2021-12-06 13:24:44,169 - INFO: 检查CST PATH.
2021-12-06 13:24:44,169 - INFO: 检查CST PATH 成功.
2021-12-06 13:24:44,170 - INFO: 检查CST 版本.
2021-12-06 13:24:44,171 - DEBUG: CST ENV PATH为C:\Program Files (x86)\CST Studio Suite 2020\CST DESIGN ENVIRONMENT.exe
2021-12-06 13:24:44,172 - DEBUG: CST 版本为2020
2021-12-06 13:24:44,172 - INFO: 检查CST 版本 结束.
2021-12-06 13:24:44,173 - INFO: 检查各个路径是否存在.
2021-12-06 13:24:44,174 - INFO: 检查全局配置结束.
2021-12-06 13:24:44,175 - INFO: 通过全局配置检测
2021-12-06 13:24:44,176 - INFO: 已保存全局配置文件于config\current.ini。
2021-12-06 13:24:44,177 - INFO: 开始使用project目录:C:\Users\ykk\Desktop\QEXT
2021-12-06 13:24:44,183 - INFO: 准备项目文件
2021-12-06 13:24:44,183 - INFO: 尝试打开project目录C:\Users\ykk\Desktop\QEXT。
2021-12-06 13:24:44,184 - INFO: 目录C:\Users\ykk\Desktop\QEXT存在已有文件。
2021-12-06 13:24:44,185 - INFO: 目录C:\Users\ykk\Desktop\QEXT有旧文件
2021-12-06 13:24:44,193 - WARNING: 发现异常结束,尝试修复并继续
2021-12-06 13:24:44,194 - INFO: 检测并更新项目配置文件
2021-12-06 13:24:44,195 - INFO: 测试项目配置文件是否存在
2021-12-06 13:24:44,196 - DEBUG: 推测项目配置文件位于C:\Users\ykk\Desktop\QEXT\project.ini
2021-12-06 13:24:44,197 - INFO: 测试项目配置文件存在 通过
2021-12-06 13:24:44,198 - INFO: 测试CST模型文件是否存在
2021-12-06 13:24:44,198 - DEBUG: 推测模型文件位于C:\Users\ykk\Desktop\QEXT\HOM analysis.cst
2021-12-06 13:24:44,199 - INFO: 测试CST模型文件存在 通过
2021-12-06 13:24:44,285 - INFO: 测试保存的参数列表与MD5是否与CST模型文件匹配
2021-12-06 13:24:44,286 - INFO: project.ini检测并更新项目配置文件结束

2021-12-06 13:24:44,288 - INFO: 后处理设定已保存至C:\Users\ykk\Desktop\QEXT\pps.json
2021-12-06 13:24:44,288 - INFO: ----------------------------------------------------------
2021-12-06 13:24:44,289 - INFO: 全局信息:
2021-12-06 13:24:44,289 - INFO: data目录:C:\Users\ykk\Desktop\cst_tools\data
2021-12-06 13:24:44,290 - INFO: temp目录:C:\Users\ykk\Desktop\cst_tools\temp
2021-12-06 13:24:44,290 - INFO: log目录:C:\Users\ykk\Desktop\cst_tools\log
2021-12-06 13:24:44,291 - INFO: result目录:C:\Users\ykk\Desktop\cst_tools\result
2021-12-06 13:24:44,291 - INFO: CST版本:2020
2021-12-06 13:24:44,292 - INFO: CSTEXE路径:C:\Program Files (x86)\CST Studio Suite 2020\CST DESIGN ENVIRONMENT.exe
2021-12-06 13:24:44,292 - INFO: superfish版本:
2021-12-06 13:24:44,293 - INFO: superfish路径:
2021-12-06 13:24:44,293 - INFO: ----------------------------------------------------------
2021-12-06 13:24:44,293 - INFO: -----------------------------------
2021-12-06 13:24:44,300 - INFO: created worker type local id:0
2021-12-06 13:24:44,302 - INFO: TempDir:C:\Users\ykk\Desktop\QEXT\temp\worker_0
2021-12-06 13:24:44,303 - INFO: TaskFileDir:C:\Users\ykk\Desktop\QEXT\temp\worker_0
2021-12-06 13:24:44,457 - WARNING: CstProjectFile is not consistent with the one in temp.
2021-12-06 13:24:44,755 - INFO: Worker_(0):old runfile removed
2021-12-06 13:24:44,803 - INFO: "C:\Program Files (x86)\CST Studio Suite 2020\CST DESIGN ENVIRONMENT.exe" -m "C:\Users\ykk\Desktop\QEXT\temp\worker_0\main.bas"
2021-12-06 13:24:44,807 - INFO: <subprocess.Popen object at 0x0000023D88634BE0>
2021-12-06 13:24:44,811 - INFO: created worker type local id:1
2021-12-06 13:24:44,812 - INFO: TempDir:C:\Users\ykk\Desktop\QEXT\temp\worker_1
2021-12-06 13:24:44,813 - INFO: TaskFileDir:C:\Users\ykk\Desktop\QEXT\temp\worker_1
2021-12-06 13:24:44,971 - INFO: "C:\Program Files (x86)\CST Studio Suite 2020\CST DESIGN ENVIRONMENT.exe" -m "C:\Users\ykk\Desktop\QEXT\temp\worker_1\main.bas"
2021-12-06 13:24:44,974 - INFO: <subprocess.Popen object at 0x0000023D88634A60>
2021-12-06 13:24:44,975 - INFO: JOB MANAGER 创建完成
2021-12-06 13:24:44,977 - INFO: UI:STARTING WORK
2021-12-06 13:24:44,979 - INFO: PCM:项目状态已设为RUNNING
2021-12-06 13:24:44,989 - INFO: WorkerID:'0' Run:0 Name:'frequency000000_700_800' started.
2021-12-06 13:24:44,991 - INFO: Start Time:'Mon Dec  6 13:24:44 2021'
2021-12-06 13:27:10,119 - INFO: WorkerID:'0' Run:0 Name:'frequency000000_700_800' success.
2021-12-06 13:27:10,120 - INFO: ElapsedTime:145.1297333240509
2021-12-06 13:27:10,120 - INFO: End Time:'Mon Dec  6 13:27:10 2021'
2021-12-06 13:27:10,151 - INFO: WorkerID:'0' Run:1 Name:'frequency000000_766-0_815' started.
2021-12-06 13:27:10,153 - INFO: Start Time:'Mon Dec  6 13:27:10 2021'
2021-12-06 13:29:00,237 - ERROR: CST ENV stopped
