2021-09-03 16:20:43,974 - INFO: 日志已输出到log\base_2021-09-03-16_20_43.log
2021-09-03 16:20:43,975 - WARNING: 找到curr_global_cfg:config\current.ini
2021-09-03 16:20:43,980 - INFO: 使用PyQt5图形窗口运行模式
2021-09-03 16:20:54,593 - INFO: PCM:currProjectDir 已设为C:\Users\ykk\Desktop\cst_tools\project\HOM analysis
2021-09-03 16:20:58,710 - INFO: ALG参数设置完毕
2021-09-03 16:20:59,792 - INFO: BASE:SET CTN=True,SAFE=False
2021-09-03 16:20:59,793 - INFO: 检查全局配置开始.
2021-09-03 16:20:59,793 - INFO: 检查CST PATH.
2021-09-03 16:20:59,794 - INFO: 检查CST PATH 成功.
2021-09-03 16:20:59,795 - INFO: 检查CST 版本.
2021-09-03 16:20:59,795 - DEBUG: CST ENV PATH为C:\Program Files (x86)\CST Studio Suite 2020\CST DESIGN ENVIRONMENT.exe
2021-09-03 16:20:59,796 - DEBUG: CST 版本为2020
2021-09-03 16:20:59,796 - INFO: 检查CST 版本 结束.
2021-09-03 16:20:59,797 - INFO: 检查各个路径是否存在.
2021-09-03 16:20:59,797 - INFO: 检查全局配置结束.
2021-09-03 16:20:59,798 - INFO: 通过全局配置检测
2021-09-03 16:20:59,799 - INFO: 已保存全局配置文件于config\current.ini。
2021-09-03 16:20:59,800 - INFO: 开始使用project目录:C:\Users\ykk\Desktop\cst_tools\project\HOM analysis
2021-09-03 16:20:59,801 - INFO: 准备项目文件
2021-09-03 16:20:59,802 - INFO: 尝试打开project目录C:\Users\ykk\Desktop\cst_tools\project\HOM analysis。
2021-09-03 16:20:59,802 - INFO: 目录C:\Users\ykk\Desktop\cst_tools\project\HOM analysis存在已有文件。
2021-09-03 16:20:59,803 - INFO: 目录C:\Users\ykk\Desktop\cst_tools\project\HOM analysis有旧文件
2021-09-03 16:20:59,812 - WARNING: 发现异常结束,尝试修复并继续
2021-09-03 16:20:59,813 - INFO: 检测并更新项目配置文件
2021-09-03 16:20:59,813 - INFO: 测试项目配置文件是否存在
2021-09-03 16:20:59,814 - DEBUG: 推测项目配置文件位于C:\Users\ykk\Desktop\cst_tools\project\HOM analysis\project.ini
2021-09-03 16:20:59,815 - INFO: 测试项目配置文件存在 通过
2021-09-03 16:20:59,816 - INFO: 测试CST模型文件是否存在
2021-09-03 16:20:59,817 - DEBUG: 推测模型文件位于C:\Users\ykk\Desktop\cst_tools\project\HOM analysis\HOM analysis_dst.cst
2021-09-03 16:20:59,818 - INFO: 测试CST模型文件存在 通过
2021-09-03 16:20:59,901 - INFO: 测试保存的参数列表与MD5是否与CST模型文件匹配
2021-09-03 16:20:59,902 - INFO: project.ini检测并更新项目配置文件结束

2021-09-03 16:20:59,903 - INFO: 全局信息:
2021-09-03 16:20:59,903 - INFO: data目录:C:\Users\ykk\Desktop\cst_tools\data
2021-09-03 16:20:59,904 - INFO: temp目录:C:\Users\ykk\Desktop\cst_tools\temp
2021-09-03 16:20:59,904 - INFO: log目录:C:\Users\ykk\Desktop\cst_tools\log
2021-09-03 16:20:59,905 - INFO: result目录:C:\Users\ykk\Desktop\cst_tools\result
2021-09-03 16:20:59,905 - INFO: CST版本:2020
2021-09-03 16:20:59,905 - INFO: CSTEXE路径:C:\Program Files (x86)\CST Studio Suite 2020\CST DESIGN ENVIRONMENT.exe
2021-09-03 16:20:59,906 - INFO: -----------------------------------
2021-09-03 16:20:59,907 - INFO: created worker type local id:0
2021-09-03 16:20:59,907 - INFO: TempDir:C:\Users\ykk\Desktop\cst_tools\project\HOM analysis\temp\worker_0
2021-09-03 16:20:59,908 - INFO: TaskFileDir:C:\Users\ykk\Desktop\cst_tools\project\HOM analysis\temp\worker_0
2021-09-03 16:21:00,068 - INFO: "C:\Program Files (x86)\CST Studio Suite 2020\CST DESIGN ENVIRONMENT.exe" -m "C:\Users\ykk\Desktop\cst_tools\project\HOM analysis\temp\worker_0\main.bas"
2021-09-03 16:21:00,072 - INFO: <subprocess.Popen object at 0x0000021D8C7BB940>
2021-09-03 16:21:00,073 - INFO: created worker type local id:1
2021-09-03 16:21:00,074 - INFO: TempDir:C:\Users\ykk\Desktop\cst_tools\project\HOM analysis\temp\worker_1
2021-09-03 16:21:00,075 - INFO: TaskFileDir:C:\Users\ykk\Desktop\cst_tools\project\HOM analysis\temp\worker_1
2021-09-03 16:21:00,235 - INFO: "C:\Program Files (x86)\CST Studio Suite 2020\CST DESIGN ENVIRONMENT.exe" -m "C:\Users\ykk\Desktop\cst_tools\project\HOM analysis\temp\worker_1\main.bas"
2021-09-03 16:21:00,241 - INFO: <subprocess.Popen object at 0x0000021D8C7BB970>
2021-09-03 16:21:00,242 - INFO: JOB MANAGER 创建完成
2021-09-03 16:21:00,243 - INFO: UI:STARTING WORK
2021-09-03 16:21:00,246 - INFO: PCM:项目状态已设为RUNNING
2021-09-03 16:21:00,257 - INFO: WorkerID:'0' Run:0 Name:'frequency000000_750-0_800.0' started.
2021-09-03 16:21:00,258 - INFO: Start Time:'Fri Sep  3 16:21:00 2021'
2021-09-03 16:23:02,344 - INFO: WorkerID:'0' Run:0 Name:'frequency000000_750-0_800.0' success.
2021-09-03 16:23:02,344 - INFO: ElapsedTime:122.0867977142334
2021-09-03 16:23:02,345 - INFO: End Time:'Fri Sep  3 16:23:02 2021'
2021-09-03 16:23:02,381 - INFO: WorkerID:'0' Run:1 Name:'frequency000000_765-95861_815' started.
2021-09-03 16:23:02,385 - INFO: Start Time:'Fri Sep  3 16:23:02 2021'
2021-09-03 16:24:43,467 - INFO: WorkerID:'0' Run:1 Name:'frequency000000_765-95861_815' success.
2021-09-03 16:24:43,467 - INFO: ElapsedTime:101.08642554283142
2021-09-03 16:24:43,468 - INFO: End Time:'Fri Sep  3 16:24:43 2021'
2021-09-03 16:24:43,498 - INFO: WorkerID:'0' Run:2 Name:'frequency000000_771-85649_821' started.
2021-09-03 16:24:43,499 - INFO: Start Time:'Fri Sep  3 16:24:43 2021'
2021-09-03 16:26:51,615 - INFO: WorkerID:'0' Run:2 Name:'frequency000000_771-85649_821' success.
2021-09-03 16:26:51,615 - INFO: ElapsedTime:128.1170792579651
2021-09-03 16:26:51,616 - INFO: End Time:'Fri Sep  3 16:26:51 2021'
2021-09-03 16:26:51,646 - INFO: WorkerID:'0' Run:3 Name:'frequency000000_786-29254_836' started.
2021-09-03 16:26:51,647 - INFO: Start Time:'Fri Sep  3 16:26:51 2021'
2021-09-03 16:29:19,760 - INFO: WorkerID:'0' Run:3 Name:'frequency000000_786-29254_836' success.
2021-09-03 16:29:19,760 - INFO: ElapsedTime:148.1138093471527
2021-09-03 16:29:19,761 - INFO: End Time:'Fri Sep  3 16:29:19 2021'
2021-09-03 16:29:19,790 - INFO: WorkerID:'0' Run:4 Name:'frequency000000_786-8402_836' started.
2021-09-03 16:29:19,792 - INFO: Start Time:'Fri Sep  3 16:29:19 2021'
