2021-08-11 21:47:50,045 - INFO: 日志已输出到log\base_2021-08-11-21_47_50.log
2021-08-11 21:47:50,046 - INFO: 使用PyQt5图形窗口运行模式
2021-08-11 21:47:50,822 - WARNING: 找到curr_global_cfg:config\current.ini
2021-08-11 21:47:55,381 - INFO: 项目目录已设为C:\Users\ykk\Desktop\cst_tools\project\HOM analysis
2021-08-11 21:48:00,920 - INFO: 检查全局配置开始.
2021-08-11 21:48:00,921 - INFO: 检查CST PATH.
2021-08-11 21:48:00,922 - INFO: 检查CST PATH 成功.
2021-08-11 21:48:00,923 - INFO: 检查CST 版本.
2021-08-11 21:48:00,923 - DEBUG: CST ENV PATH为C:\Program Files (x86)\CST Studio Suite 2020\CST DESIGN ENVIRONMENT.exe
2021-08-11 21:48:00,924 - DEBUG: CST 版本为2020
2021-08-11 21:48:00,925 - INFO: 检查CST 版本 结束.
2021-08-11 21:48:00,926 - INFO: 检查各个路径是否存在.
2021-08-11 21:48:00,927 - INFO: 检查全局配置结束.
2021-08-11 21:48:00,927 - INFO: 通过全局配置检测
2021-08-11 21:48:00,928 - INFO: 使用命令行定义的project目录:C:/Users/ykk/Desktop/cst_tools/project/HOM analysis
2021-08-11 21:48:00,928 - INFO: 检查project开始
2021-08-11 21:48:00,929 - INFO: 找到project目录:C:\Users\ykk\Desktop\cst_tools\project\HOM analysis
2021-08-11 21:48:00,930 - INFO: 检查project结束
2021-08-11 21:48:00,935 - INFO: 已保存全局配置文件于config\current.ini。
2021-08-11 21:48:00,936 - INFO: 开始使用project目录:C:/Users/ykk/Desktop/cst_tools/project/HOM analysis
2021-08-11 21:48:00,937 - INFO: 全局信息:
2021-08-11 21:48:00,938 - INFO: data目录:C:\Users\ykk\Desktop\cst_tools\data
2021-08-11 21:48:00,938 - INFO: temp目录:C:\Users\ykk\Desktop\cst_tools\temp
2021-08-11 21:48:00,939 - INFO: log目录:C:\Users\ykk\Desktop\cst_tools\log
2021-08-11 21:48:00,940 - INFO: result目录:C:\Users\ykk\Desktop\cst_tools\result
2021-08-11 21:48:00,941 - INFO: CST版本:2020
2021-08-11 21:48:00,941 - INFO: CSTEXE路径:C:\Program Files (x86)\CST Studio Suite 2020\CST DESIGN ENVIRONMENT.exe
2021-08-11 21:48:00,945 - INFO: project目录:C:\Users\ykk\Desktop\cst_tools\project\HOM analysis
2021-08-11 21:48:00,949 - INFO: 尝试打开project目录C:\Users\ykk\Desktop\cst_tools\project\HOM analysis。
2021-08-11 21:48:00,953 - INFO: 检测项目配置文件正确性
2021-08-11 21:48:00,956 - INFO: 测试项目配置文件是否存在
2021-08-11 21:48:00,957 - DEBUG: 推测项目配置文件位于C:\Users\ykk\Desktop\cst_tools\project\HOM analysis\project.ini
2021-08-11 21:48:00,959 - INFO: 测试项目配置文件 通过
2021-08-11 21:48:00,960 - INFO: 测试CST模型文件是否存在
2021-08-11 21:48:00,961 - DEBUG: 推测模型文件位于C:\Users\ykk\Desktop\cst_tools\project\HOM analysis\HOM analysis.cst
2021-08-11 21:48:00,962 - INFO: 测试CST模型文件 通过
2021-08-11 21:48:01,063 - INFO: 测试保存的MD5是否与CST模型文件匹配
2021-08-11 21:48:01,064 - INFO: 测试MD5 通过
2021-08-11 21:48:01,065 - INFO: project.ini检测项目配置文件结束

2021-08-11 21:48:01,068 - INFO: created worker type local id:0
2021-08-11 21:48:01,069 - INFO: TempDir:C:\Users\ykk\Desktop\cst_tools\project\HOM analysis\temp\worker_0
2021-08-11 21:48:01,069 - INFO: TaskFileDir:C:\Users\ykk\Desktop\cst_tools\project\HOM analysis\temp\worker_0
2021-08-11 21:48:01,257 - WARNING: CstProjectFile is not consistent with the one in temp.
2021-08-11 21:48:01,437 - INFO: Worker_(0):old runfile removed
2021-08-11 21:48:01,466 - INFO: "C:\Program Files (x86)\CST Studio Suite 2020\CST DESIGN ENVIRONMENT.exe" -m "C:\Users\ykk\Desktop\cst_tools\project\HOM analysis\temp\worker_0\main.bas"
2021-08-11 21:48:01,469 - INFO: <subprocess.Popen object at 0x000002AF7D2A7E50>
2021-08-11 21:48:01,474 - INFO: created worker type local id:1
2021-08-11 21:48:01,475 - INFO: TempDir:C:\Users\ykk\Desktop\cst_tools\project\HOM analysis\temp\worker_1
2021-08-11 21:48:01,475 - INFO: TaskFileDir:C:\Users\ykk\Desktop\cst_tools\project\HOM analysis\temp\worker_1
2021-08-11 21:48:01,666 - INFO: "C:\Program Files (x86)\CST Studio Suite 2020\CST DESIGN ENVIRONMENT.exe" -m "C:\Users\ykk\Desktop\cst_tools\project\HOM analysis\temp\worker_1\main.bas"
2021-08-11 21:48:01,670 - INFO: <subprocess.Popen object at 0x000002AF7D2A7E80>
2021-08-11 21:48:01,680 - INFO: WorkerID:'0' Run:0 Name:'frequency000000_700_800' started.
2021-08-11 21:48:01,682 - INFO: Start Time:'Wed Aug 11 21:48:01 2021'
2021-08-11 21:50:23,810 - INFO: WorkerID:'0' Run:0 Name:'frequency000000_700_800' success.
2021-08-11 21:50:23,811 - INFO: ElapsedTime:142.12995743751526
2021-08-11 21:50:23,813 - INFO: End Time:'Wed Aug 11 21:50:23 2021'
2021-08-11 21:50:23,860 - INFO: WorkerID:'0' Run:1 Name:'frequency000000_765-98029_815' started.
2021-08-11 21:50:23,861 - INFO: Start Time:'Wed Aug 11 21:50:23 2021'
2021-08-11 21:52:10,969 - INFO: WorkerID:'0' Run:1 Name:'frequency000000_765-98029_815' success.
2021-08-11 21:52:10,970 - INFO: ElapsedTime:107.10980081558228
2021-08-11 21:52:10,971 - INFO: End Time:'Wed Aug 11 21:52:10 2021'
2021-08-11 21:52:11,010 - INFO: WorkerID:'0' Run:2 Name:'frequency000000_771-85648_821' started.
2021-08-11 21:52:11,011 - INFO: Start Time:'Wed Aug 11 21:52:11 2021'
2021-08-11 21:54:25,124 - INFO: WorkerID:'0' Run:2 Name:'frequency000000_771-85648_821' success.
2021-08-11 21:54:25,125 - INFO: ElapsedTime:134.1137499809265
2021-08-11 21:54:25,126 - INFO: End Time:'Wed Aug 11 21:54:25 2021'
2021-08-11 21:54:25,170 - INFO: WorkerID:'0' Run:3 Name:'frequency000000_786-29254_836' started.
2021-08-11 21:54:25,171 - INFO: Start Time:'Wed Aug 11 21:54:25 2021'
