2021-02-18 09:47:46,008 - WARNING: 找到curr_global_cfg:.\config\current.ini
2021-02-18 09:47:46,010 - INFO: 检查全局配置开始.
2021-02-18 09:47:46,011 - DEBUG: CST ENV PATH为C:\Program Files (x86)\CST Studio Suite 2020\CST DESIGN ENVIRONMENT.exe
2021-02-18 09:47:46,011 - DEBUG: CST 版本为2020
2021-02-18 09:47:46,012 - INFO: 检查全局配置结束.
2021-02-18 09:47:46,012 - INFO: 使用命令行定义的project目录:.\project\copper
2021-02-18 09:47:46,012 - INFO: 检查project开始
2021-02-18 09:47:46,013 - INFO: 找到project目录:.\project\copper
2021-02-18 09:47:46,013 - INFO: 检查project结束
2021-02-18 09:47:46,015 - INFO: 已保存全局配置文件于.\config\current.ini。
2021-02-18 09:47:46,015 - INFO: 开始使用project目录:.\project\copper
2021-02-18 09:47:46,015 - INFO: 尝试打开project目录.\project\copper。
2021-02-18 09:47:46,021 - INFO: project.ini测试结束

2021-02-18 09:47:46,022 - INFO: 全局信息:
2021-02-18 09:47:46,022 - INFO: data目录:./data
2021-02-18 09:47:46,022 - INFO: temp目录:./temp
2021-02-18 09:47:46,022 - INFO: log目录:./log
2021-02-18 09:47:46,023 - INFO: result目录:./result
2021-02-18 09:47:46,023 - INFO: CST版本:2020
2021-02-18 09:47:46,023 - INFO: CSTEXE路径:C:\Program Files (x86)\CST Studio Suite 2020\CST DESIGN ENVIRONMENT.exe
2021-02-18 09:47:46,023 - INFO: project目录:.\project\copper
2021-02-18 09:47:46,023 - INFO: 项目信息:
2021-02-18 09:47:46,024 - INFO: ProjectName:copper
2021-02-18 09:47:46,024 - INFO: ProjectType:default
2021-02-18 09:47:46,024 - INFO: ProjectDescription:
2021-02-18 09:47:46,024 - INFO: 项目result目录:..\..\result
2021-02-18 09:47:46,024 - INFO: 项目temp目录:..\..\temp
2021-02-18 09:47:46,024 - INFO: CST文件名:copper_cavity_new.cst
2021-02-18 09:47:46,025 - INFO: CSTFileMD5:258340b3a21969331402d2f31dd4fddc
2021-02-18 09:47:46,025 - INFO: 使用MPI:False
2021-02-18 09:47:46,025 - INFO: MPI节点文件:
2021-02-18 09:47:46,025 - INFO: UseRemoteCalculaton:False
2021-02-18 09:47:46,025 - INFO: DCMainControlAddress:
2021-02-18 09:47:46,026 - INFO: 参数列表文件:params.json
2021-02-18 09:47:46,038 - INFO: created worker type local id:0
2021-02-18 09:47:46,039 - INFO: TempDir:C:\Users\ykk48\Documents\cst_new\temp\worker_0
2021-02-18 09:47:46,041 - INFO: TaskFileDir:C:\Users\ykk48\Documents\cst_new\temp\worker_0
2021-02-18 09:47:46,051 - WARNING: CstProjectFile is not consistent with the one in temp.
