2021-12-06 17:42:20,538 - INFO: 日志已输出到log\base_2021-12-06-17_42_20.log
2021-12-06 17:42:20,540 - INFO: 找到curr_global_cfg:config\current.ini
2021-12-06 17:42:20,546 - INFO: 使用PyQt5图形窗口运行模式
2021-12-06 17:42:27,282 - INFO: PCM:inputCSTFilePath 已设为C:\Users\ykk\Desktop\cst_tools\project\HOM analysis\HOM analysis.cst
2021-12-06 17:42:32,969 - INFO: PCM:currProjectDir 已设为C:\Users\ykk\Desktop\QEXT
2021-12-06 17:42:33,541 - INFO: BASE:SET CTN=False,SAFE=False
2021-12-06 17:42:33,542 - INFO: 检查全局配置开始.
2021-12-06 17:42:33,542 - INFO: 检查CST PATH.
2021-12-06 17:42:33,543 - INFO: 检查CST PATH 成功.
2021-12-06 17:42:33,544 - INFO: 检查CST 版本.
2021-12-06 17:42:33,544 - DEBUG: CST ENV PATH为C:\Program Files (x86)\CST Studio Suite 2020\CST DESIGN ENVIRONMENT.exe
2021-12-06 17:42:33,544 - DEBUG: CST 版本为2020
2021-12-06 17:42:33,545 - INFO: 检查CST 版本 结束.
2021-12-06 17:42:33,545 - INFO: 检查各个路径是否存在.
2021-12-06 17:42:33,546 - INFO: 检查全局配置结束.
2021-12-06 17:42:33,546 - INFO: 通过全局配置检测
2021-12-06 17:42:33,547 - INFO: 已保存全局配置文件于config\current.ini。
2021-12-06 17:42:33,547 - INFO: 开始使用project目录:C:\Users\ykk\Desktop\QEXT
2021-12-06 17:42:33,548 - INFO: 准备项目文件
2021-12-06 17:42:33,548 - INFO: 尝试打开project目录C:\Users\ykk\Desktop\QEXT。
2021-12-06 17:42:33,549 - INFO: 目录C:\Users\ykk\Desktop\QEXT存在已有文件。
2021-12-06 17:42:33,550 - INFO: 目录C:\Users\ykk\Desktop\QEXT有旧文件
2021-12-06 17:42:33,551 - WARNING: 发现异常结束,尝试修复并继续
2021-12-06 17:42:33,554 - INFO: 检测并更新项目配置文件
2021-12-06 17:42:33,554 - INFO: 测试项目配置文件是否存在
2021-12-06 17:42:33,555 - DEBUG: 推测项目配置文件位于C:\Users\ykk\Desktop\QEXT\project.ini
2021-12-06 17:42:33,555 - INFO: 测试项目配置文件存在 通过
2021-12-06 17:42:33,556 - INFO: 测试CST模型文件是否存在
2021-12-06 17:42:33,557 - DEBUG: 推测模型文件位于C:\Users\ykk\Desktop\QEXT\HOM analysis.cst
2021-12-06 17:42:33,557 - INFO: 测试CST模型文件存在 通过
2021-12-06 17:42:33,656 - INFO: 测试保存的参数列表与MD5是否与CST模型文件匹配
2021-12-06 17:42:33,657 - INFO: project.ini检测并更新项目配置文件结束

2021-12-06 17:42:33,658 - INFO: 后处理设定已保存至C:\Users\ykk\Desktop\QEXT\pps.json
2021-12-06 17:42:33,658 - INFO: ----------------------------------------------------------
2021-12-06 17:42:33,659 - INFO: 全局信息:
2021-12-06 17:42:33,659 - INFO: data目录:C:\Users\ykk\Desktop\cst_tools\data
2021-12-06 17:42:33,660 - INFO: temp目录:C:\Users\ykk\Desktop\cst_tools\temp
2021-12-06 17:42:33,660 - INFO: log目录:C:\Users\ykk\Desktop\cst_tools\log
2021-12-06 17:42:33,661 - INFO: result目录:C:\Users\ykk\Desktop\cst_tools\result
2021-12-06 17:42:33,661 - INFO: CST版本:2020
2021-12-06 17:42:33,661 - INFO: CSTEXE路径:C:\Program Files (x86)\CST Studio Suite 2020\CST DESIGN ENVIRONMENT.exe
2021-12-06 17:42:33,662 - INFO: superfish版本:
2021-12-06 17:42:33,662 - INFO: superfish路径:
2021-12-06 17:42:33,663 - INFO: ----------------------------------------------------------
2021-12-06 17:42:33,663 - INFO: -----------------------------------
2021-12-06 17:42:33,664 - INFO: created worker type local id:0
2021-12-06 17:42:33,665 - INFO: TempDir:C:\Users\ykk\Desktop\QEXT\temp\worker_0
2021-12-06 17:42:33,665 - INFO: TaskFileDir:C:\Users\ykk\Desktop\QEXT\temp\worker_0
2021-12-06 17:42:33,848 - WARNING: CstProjectFile is not consistent with the one in temp.
2021-12-06 17:42:34,006 - INFO: Worker_(0):old runfile removed
2021-12-06 17:42:34,033 - INFO: "C:\Program Files (x86)\CST Studio Suite 2020\CST DESIGN ENVIRONMENT.exe" -m "C:\Users\ykk\Desktop\QEXT\temp\worker_0\main.bas"
2021-12-06 17:42:34,036 - INFO: <subprocess.Popen object at 0x0000020FA9208E50>
2021-12-06 17:42:34,038 - INFO: created worker type local id:1
2021-12-06 17:42:34,039 - INFO: TempDir:C:\Users\ykk\Desktop\QEXT\temp\worker_1
2021-12-06 17:42:34,040 - INFO: TaskFileDir:C:\Users\ykk\Desktop\QEXT\temp\worker_1
2021-12-06 17:42:34,231 - INFO: "C:\Program Files (x86)\CST Studio Suite 2020\CST DESIGN ENVIRONMENT.exe" -m "C:\Users\ykk\Desktop\QEXT\temp\worker_1\main.bas"
2021-12-06 17:42:34,235 - INFO: <subprocess.Popen object at 0x0000020FA9208D30>
2021-12-06 17:42:34,236 - INFO: JOB MANAGER 创建完成
2021-12-06 17:42:34,237 - INFO: UI:STARTING WORK
2021-12-06 17:42:34,239 - INFO: PCM:项目状态已设为RUNNING
2021-12-06 17:42:34,248 - INFO: WorkerID:'0' Run:0 Name:'frequency000000_700_800' started.
2021-12-06 17:42:34,251 - INFO: Start Time:'Mon Dec  6 17:42:34 2021'
2021-12-06 17:45:06,373 - INFO: WorkerID:'0' Run:0 Name:'frequency000000_700_800' success.
2021-12-06 17:45:06,374 - INFO: ElapsedTime:152.12529516220093
2021-12-06 17:45:06,376 - INFO: End Time:'Mon Dec  6 17:45:06 2021'
2021-12-06 17:45:06,415 - INFO: WorkerID:'0' Run:1 Name:'frequency000000_766-0_815' started.
2021-12-06 17:45:06,418 - INFO: Start Time:'Mon Dec  6 17:45:06 2021'
2021-12-06 17:45:21,428 - ERROR: CST ENV stopped
2021-12-06 17:45:21,429 - ERROR: WORKER FINISHED
2021-12-06 17:45:21,430 - WARNING: WORKER ID:0 FAILED. RESTARTING CST ENV.
