2024-05-21 21:51:21,559 - INFO: 日志已输出到log\base_2024-05-21-21_51_21.log
2024-05-21 21:51:21,559 - INFO: 数据路径F:\programs\cst_tools
2024-05-21 21:51:21,559 - INFO: 找到curr_global_cfg:config\current.ini
2024-05-21 21:51:21,559 - INFO: PCM:currProjectDir 已设为F:\programs\cst_tools\project\pillbox
2024-05-21 21:51:21,559 - INFO: PCM:inputCSTFilePath 已设为F:\programs\cst_tools\project\pillbox\Pillbox.cst
2024-05-21 21:51:21,559 - INFO: 检查全局配置开始.
2024-05-21 21:51:21,559 - INFO: 检查CST PATH.
2024-05-21 21:51:21,559 - WARNING: 定义的cstexepath:C:\Program Files (x86)\CST Studio Suite 2020\CST DESIGN ENVIRONMENT.exe不存在。
2024-05-21 21:51:21,559 - WARNING: 尝试寻找cstexepath。
2024-05-21 21:51:21,595 - INFO: 寻找CSTenv开始
2024-05-21 21:51:21,595 - INFO: FOUND CST VERSION 2022 at D:\Program Files (x86)\CST Studio Suite 2022\CST DESIGN ENVIRONMENT.exe
2024-05-21 21:51:21,595 - INFO: 寻找CSTenv结束
2024-05-21 21:51:21,595 - INFO: 检查CST PATH 失败, 已使用自动寻找到的有效cst path作为代替.
2024-05-21 21:51:21,595 - INFO: 检查CST 版本.
2024-05-21 21:51:21,595 - WARNING: 定义的cstver不正确(req:cstver>2015&&<2021)。
2024-05-21 21:51:21,595 - WARNING: 尝试从cstexepath寻找cstver。
2024-05-21 21:51:21,595 - ERROR: 功能未实现，请手动指定。
2024-05-21 21:51:21,595 - DEBUG: CST ENV PATH为D:\Program Files (x86)\CST Studio Suite 2022\CST DESIGN ENVIRONMENT.exe
2024-05-21 21:51:21,595 - DEBUG: CST 版本为2022
2024-05-21 21:51:21,595 - INFO: 检查CST 版本 结束.
2024-05-21 21:51:21,595 - INFO: 检查各个路径是否存在.
2024-05-21 21:51:21,595 - INFO: 检查全局配置结束.
2024-05-21 21:51:21,595 - INFO: 未通过全局配置检测
