2021-02-18 09:18:44,921 - WARNING: 找到curr_global_cfg:.\config\current.ini
2021-02-18 09:18:44,924 - INFO: 检查全局配置开始.
2021-02-18 09:18:44,936 - DEBUG: CST ENV PATH为C:\Program Files (x86)\CST Studio Suite 2020\CST DESIGN ENVIRONMENT.exe
2021-02-18 09:18:44,937 - DEBUG: CST 版本为2020
2021-02-18 09:18:44,939 - INFO: 检查全局配置结束.
2021-02-18 09:18:44,940 - INFO: 使用命令行定义的project目录:.\project\copper
2021-02-18 09:18:44,941 - INFO: 检查project开始
2021-02-18 09:18:44,942 - INFO: 找到project目录:.\project\copper
2021-02-18 09:18:44,942 - INFO: 检查project结束
2021-02-18 09:18:44,944 - INFO: 已保存全局配置文件于.\config\current.ini。
2021-02-18 09:18:44,945 - INFO: 开始使用project目录:.\project\copper
2021-02-18 09:18:44,946 - INFO: 尝试打开project目录.\project\copper。
2021-02-18 09:18:44,947 - INFO: 未找到配置文件project.ini，尝试重新创建。
2021-02-18 09:18:44,947 - INFO: 创建配置文件project.ini。
2021-02-18 09:18:44,952 - INFO: 未指定project名,使用为默认目录名copper
2021-02-18 09:18:44,959 - INFO: 找到CST项目文件copper_cavity_new.cst
2021-02-18 09:18:44,991 - INFO: 正在从CST文件中读取参数列表。
2021-02-18 09:19:27,809 - INFO: b'This is CST DESIGN ENVIRONMENT 2020.0 Release from 2019-09-25 (change 724524)\r\r\n'
2021-02-18 09:19:27,811 - INFO: b'Using install path: C:\\Program Files (x86)\\CST Studio Suite 2020\\\r\r\n'
2021-02-18 09:19:27,815 - INFO: b'Using Qt 5.12.3 (compiled with 5.12.3)\r\r\n'
2021-02-18 09:19:27,816 - INFO: b'\r\r\n'
2021-02-18 09:19:27,816 - INFO: b'Checking license servers...\r\r\n'
2021-02-18 09:19:27,817 - INFO: b'No license search path found in CST registry.\r\r\n'
2021-02-18 09:19:27,817 - INFO: b'Checking license at startup successfully passed.\r\r\n'
2021-02-18 09:19:27,818 - INFO: b'Connected to license server: 11605@LAPTOP-1M7HQML5\r\r\n'
2021-02-18 09:19:27,818 - INFO: b'[modeler_AMD64.exe] This is the modeler 2020.0 Release from 2019-09-25 (change 724524)\r\r\n'
2021-02-18 09:19:27,818 - INFO: b'[modeler_AMD64.exe] Startup: 18.02.2021 09:18:53\r\r\n'
2021-02-18 09:19:27,819 - INFO: b'[modeler_AMD64.exe] \r\r\n'
2021-02-18 09:19:27,819 - INFO: b'[modeler_AMD64.exe] Modeler affinity of main thread: 1111 1111 \r\r\n'
2021-02-18 09:19:27,819 - INFO: b'[modeler_AMD64.exe] \r\r\n'
2021-02-18 09:19:27,820 - INFO: b'[modeler_AMD64.exe] thread setup 1: 4, 8\r\r\n'
2021-02-18 09:19:27,820 - INFO: b'[modeler_AMD64.exe]   sockets         : 1\r\r\n'
2021-02-18 09:19:27,821 - INFO: b'[modeler_AMD64.exe]   cores per socket: 4\r\r\n'
2021-02-18 09:19:27,821 - INFO: b'[modeler_AMD64.exe]   ht units        : 2\r\r\n'
2021-02-18 09:19:27,821 - INFO: b'[modeler_AMD64.exe]   acc. hw         : 8\r\r\n'
2021-02-18 09:19:27,821 - INFO: b'[modeler_AMD64.exe]   acc. OSI        : 8\r\r\n'
2021-02-18 09:19:27,822 - INFO: b'[modeler_AMD64.exe]   aff. available  : yes\r\r\n'
2021-02-18 09:19:27,822 - INFO: b"[modeler_AMD64.exe]   OSI log         : CPUID: selected engine is 'Leaf 0xB detection'\r\r\n"
2021-02-18 09:19:27,822 - INFO: b'[modeler_AMD64.exe] Logical  0: socket  0 core  0\r\r\n'
2021-02-18 09:19:27,823 - INFO: b'[modeler_AMD64.exe] Logical  1: socket  0 core  1\r\r\n'
2021-02-18 09:19:27,823 - INFO: b'[modeler_AMD64.exe] Logical  2: socket  0 core  2\r\r\n'
2021-02-18 09:19:27,823 - INFO: b'[modeler_AMD64.exe] Logical  3: socket  0 core  3\r\r\n'
2021-02-18 09:19:27,824 - INFO: b'[modeler_AMD64.exe] Logical  4: socket  0 core  4\r\r\n'
2021-02-18 09:19:27,824 - INFO: b'[modeler_AMD64.exe] Logical  5: socket  0 core  5\r\r\n'
2021-02-18 09:19:27,824 - INFO: b'[modeler_AMD64.exe] Logical  6: socket  0 core  6\r\r\n'
2021-02-18 09:19:27,825 - INFO: b'[modeler_AMD64.exe] Logical  7: socket  0 core  7\r\r\n'
2021-02-18 09:19:27,825 - INFO: b'[modeler_AMD64.exe] packages: 1\r\r\n'
2021-02-18 09:19:27,825 - INFO: b'[modeler_AMD64.exe] cores   : 4\r\r\n'
2021-02-18 09:19:27,826 - INFO: b'[modeler_AMD64.exe] ht units: 2\r\r\n'
2021-02-18 09:19:27,826 - INFO: b'[modeler_AMD64.exe] \r\r\n'
2021-02-18 09:19:27,826 - INFO: b'[modeler_AMD64.exe] \r\r\n'
2021-02-18 09:19:27,827 - INFO: b'[modeler_AMD64.exe] thread setup 2: 4\r\r\n'
2021-02-18 09:19:27,828 - INFO: b'[modeler_AMD64.exe] thread setup 3: 128 --> 4\r\r\n'
2021-02-18 09:19:27,829 - INFO: b'[modeler_AMD64.exe] Modeler openmp threads: 4\r\r\n'
2021-02-18 09:19:27,829 - INFO: b'[modeler_AMD64.exe] Parallel ACIS is active. Starting 8 worker threads for ACIS.\r\r\n'
2021-02-18 09:19:27,830 - INFO: b'[schematic_AMD64.exe] This is the schematic 2020.0 Release from 2019-09-25 (change 724524)\r\r\n'
2021-02-18 09:19:27,831 - INFO: b'[schematic_AMD64.exe] \r\r\n'
2021-02-18 09:19:27,833 - INFO: b'[schematic_AMD64.exe] \r\r\n'
2021-02-18 09:19:27,834 - INFO: b'[schematic_AMD64.exe] project name: c:\\users\\ykk48\\appdata\\local\\temp\\cstde1\\temp\\de94\\untitled_0.cst\r\r\n'
2021-02-18 09:19:27,834 - INFO: b'[schematic_AMD64.exe] \r\r\n'
2021-02-18 09:19:27,835 - INFO: b'[schematic_AMD64.exe] \r\r\n'
2021-02-18 09:19:27,835 - INFO: b'[schematic_AMD64.exe] myname: C:\\Program Files (x86)\\CST Studio Suite 2020\\AMD64\\schematic_AMD64.exe\r\r\n'
2021-02-18 09:19:27,836 - INFO: b'[schematic_AMD64.exe] \r\r\n'
2021-02-18 09:19:27,836 - INFO: b'It seems that the history list contains non ASCII characters. This may cause undesired effects if the CST project is used on computers with a different language setting or operating system.\r\r\n'
2021-02-18 09:19:27,837 - INFO: b'The following history blocks contain non ASCII characters either in their name or content:\r\r\n'
2021-02-18 09:19:27,837 - INFO: b'171, 172, 174, 175, 176, 201, 202, 203, 204, 207, 209, 210, 211, 212, 213, 215, 217.\r\r\n'
2021-02-18 09:19:27,838 - INFO: b'[modeler_AMD64.exe] 2 blocks read in parallel from ACIS file. 2 top level entities in total.\r\r\n'
2021-02-18 09:19:27,838 - INFO: b'[modeler_AMD64.exe] 15 blocks read in parallel from ACIS file. 15 top level entities in total.\r\r\n'
2021-02-18 09:19:27,839 - INFO: b'Sub-Project import: External reference cannot be found: \r\r\n'
2021-02-18 09:19:27,839 - INFO: b'  "D:\\x.r.hao\\2#WHPS2021\\500MHz cavity\\model\\\xbe\xd8\xd0\xce\xb2\xa8\xb5\xbc\xce\xfc\xca\xd5\xc6\xf7.cst"\r\r\n'
2021-02-18 09:19:27,840 - INFO: b'  "D:\\x.r.hao\\2#WHPS2021\\500MHz cavity\\model\\140\xce\xfc\xca\xd5\xc6\xf7.cst"\r\r\n'
2021-02-18 09:19:27,840 - INFO: b'[modeler_AMD64.exe] Skipping template 3D\\Frequency (Multiple Modes):: Template needs to be evaluated first.\r\r\n'
2021-02-18 09:19:27,841 - INFO: b'[modeler_AMD64.exe] Skipping template 3D\\Q-Factor (Perturbation) (Multiple Modes):: Template needs to be evaluated first.\r\r\n'
2021-02-18 09:19:27,842 - INFO: b'[modeler_AMD64.exe] Skipping template 3D\\R over Q beta=1 (Multiple Modes):: Template needs to be evaluated first.\r\r\n'
2021-02-18 09:19:27,843 - INFO: b'[modeler_AMD64.exe] Skipping template 3D\\Q-Factor (Perturbation) (Multiple Modes)_1:: Template needs to be evaluated first.\r\r\n'
2021-02-18 09:19:27,844 - INFO: b'[modeler_AMD64.exe] Skipping template 3D\\Shunt Impedance (Pertubation) beta=1 (Multiple Modes):: Template needs to be evaluated first.\r\r\n'
2021-02-18 09:19:27,845 - INFO: b'[modeler_AMD64.exe] Skipping template 3D\\Voltage beta=1 (Multiple Modes):: Template needs to be evaluated first.\r\r\n'
2021-02-18 09:19:27,847 - INFO: b'Batch run finished successfully\r\r\n'
2021-02-18 09:19:27,852 - INFO: b'[modeler_AMD64.exe] Modeler finished successfully\r\r\n'
2021-02-18 09:19:27,853 - INFO: b'Exiting with exit code 0. Exit code info: (EXITCODE_SUCCESS)\r\r\n'
2021-02-18 09:19:27,862 - INFO: 创建配置文件结束。
2021-02-18 09:19:27,888 - INFO: project.ini测试结束

2021-02-18 09:19:27,889 - INFO: 全局信息:
2021-02-18 09:19:27,889 - INFO: data目录:./data
2021-02-18 09:19:27,890 - INFO: temp目录:./temp
2021-02-18 09:19:27,890 - INFO: log目录:./log
2021-02-18 09:19:27,891 - INFO: result目录:./result
2021-02-18 09:19:27,891 - INFO: CST版本:2020
2021-02-18 09:19:27,892 - INFO: CSTEXE路径:C:\Program Files (x86)\CST Studio Suite 2020\CST DESIGN ENVIRONMENT.exe
2021-02-18 09:19:27,893 - INFO: project目录:.\project\copper
2021-02-18 09:19:27,893 - INFO: 项目信息:
2021-02-18 09:19:27,894 - INFO: ProjectName:copper
2021-02-18 09:19:27,896 - INFO: ProjectType:copper
2021-02-18 09:19:27,897 - INFO: ProjectDescription:
2021-02-18 09:19:27,899 - INFO: 项目result目录:..\..\result
2021-02-18 09:19:27,900 - INFO: 项目temp目录:..\..\temp
2021-02-18 09:19:27,901 - INFO: CST文件名:copper_cavity_new.cst
2021-02-18 09:19:27,901 - INFO: CSTFileMD5:679ab7289ee38f722f32700d8c2033f6
2021-02-18 09:19:27,901 - INFO: 使用MPI:False
2021-02-18 09:19:27,902 - INFO: MPI节点文件:
2021-02-18 09:19:27,902 - INFO: UseRemoteCalculaton:False
2021-02-18 09:19:27,903 - INFO: DCMainControlAddress:
2021-02-18 09:19:27,903 - INFO: 参数列表文件:params.json
2021-02-18 09:19:27,924 - INFO: created worker type local id:0
2021-02-18 09:19:27,926 - INFO: TempDir:C:\Users\ykk48\Documents\cst_new\temp\worker_0
2021-02-18 09:19:27,926 - INFO: TaskFileDir:C:\Users\ykk48\Documents\cst_new\temp\worker_0
2021-02-18 09:19:27,927 - ERROR: pattern not found for copper
