2021-08-11 21:05:43,748 - INFO: 日志已输出到log\base_2021-08-11-21_05_43.log
2021-08-11 21:05:43,749 - INFO: 使用PyQt5图形窗口运行模式
2021-08-11 21:05:44,810 - WARNING: 找到curr_global_cfg:config\current.ini
2021-08-11 21:06:34,147 - INFO: 项目目录已设为C:\Users\ykk\Desktop\cst_tools\project\pillbox_ay
2021-08-11 21:06:36,672 - INFO: 检查全局配置开始.
2021-08-11 21:06:36,673 - INFO: 检查CST PATH.
2021-08-11 21:06:36,675 - INFO: 检查CST PATH 成功.
2021-08-11 21:06:36,675 - INFO: 检查CST 版本.
2021-08-11 21:06:36,675 - DEBUG: CST ENV PATH为C:\Program Files (x86)\CST Studio Suite 2020\CST DESIGN ENVIRONMENT.exe
2021-08-11 21:06:36,676 - DEBUG: CST 版本为2020
2021-08-11 21:06:36,676 - INFO: 检查CST 版本 结束.
2021-08-11 21:06:36,676 - INFO: 检查各个路径是否存在.
2021-08-11 21:06:36,677 - INFO: 检查全局配置结束.
2021-08-11 21:06:36,677 - INFO: 通过全局配置检测
2021-08-11 21:06:36,677 - INFO: 使用命令行定义的project目录:C:/Users/ykk/Desktop/cst_tools/project/pillbox_ay
2021-08-11 21:06:36,678 - INFO: 检查project开始
2021-08-11 21:06:36,678 - INFO: 找到project目录:C:\Users\ykk\Desktop\cst_tools\project\pillbox_ay
2021-08-11 21:06:36,678 - INFO: 检查project结束
2021-08-11 21:06:36,679 - INFO: 已保存全局配置文件于config\current.ini。
2021-08-11 21:06:36,680 - INFO: 开始使用project目录:C:/Users/ykk/Desktop/cst_tools/project/pillbox_ay
2021-08-11 21:06:36,680 - INFO: 全局信息:
2021-08-11 21:06:36,681 - INFO: data目录:C:\Users\ykk\Desktop\cst_tools\data
2021-08-11 21:06:36,681 - INFO: temp目录:C:\Users\ykk\Desktop\cst_tools\temp
2021-08-11 21:06:36,681 - INFO: log目录:C:\Users\ykk\Desktop\cst_tools\log
2021-08-11 21:06:36,681 - INFO: result目录:C:\Users\ykk\Desktop\cst_tools\result
2021-08-11 21:06:36,682 - INFO: CST版本:2020
2021-08-11 21:06:36,682 - INFO: CSTEXE路径:C:\Program Files (x86)\CST Studio Suite 2020\CST DESIGN ENVIRONMENT.exe
2021-08-11 21:06:36,690 - INFO: project目录:C:\Users\ykk\Desktop\cst_tools\project\pillbox_ay
2021-08-11 21:06:36,693 - INFO: 尝试打开project目录C:\Users\ykk\Desktop\cst_tools\project\pillbox_ay。
2021-08-11 21:06:36,696 - INFO: 检测并更新项目配置文件
2021-08-11 21:06:36,697 - INFO: 测试项目配置文件是否存在
2021-08-11 21:06:36,698 - DEBUG: 推测项目配置文件位于C:\Users\ykk\Desktop\cst_tools\project\pillbox_ay\project.ini
2021-08-11 21:06:36,699 - INFO: 测试项目配置文件存在 通过
2021-08-11 21:06:36,708 - INFO: 测试CST模型文件是否存在
2021-08-11 21:06:36,709 - DEBUG: 推测模型文件位于C:\Users\ykk\Desktop\cst_tools\project\pillbox_ay\Pillbox_ay.cst
2021-08-11 21:06:36,710 - INFO: 测试CST模型文件存在 通过
2021-08-11 21:06:36,711 - INFO: 测试保存的参数列表与MD5是否与CST模型文件匹配
2021-08-11 21:06:36,712 - INFO: project.ini检测并更新项目配置文件结束

2021-08-11 21:06:36,716 - INFO: created worker type local id:0
2021-08-11 21:06:36,718 - INFO: TempDir:C:\Users\ykk\Desktop\cst_tools\project\pillbox_ay\temp\worker_0
2021-08-11 21:06:36,718 - INFO: TaskFileDir:C:\Users\ykk\Desktop\cst_tools\project\pillbox_ay\temp\worker_0
2021-08-11 21:06:36,723 - INFO: "C:\Program Files (x86)\CST Studio Suite 2020\CST DESIGN ENVIRONMENT.exe" -m "C:\Users\ykk\Desktop\cst_tools\project\pillbox_ay\temp\worker_0\main.bas"
2021-08-11 21:06:36,728 - INFO: <subprocess.Popen object at 0x000001F6A5B44220>
2021-08-11 21:06:36,732 - INFO: created worker type local id:1
2021-08-11 21:06:36,734 - INFO: TempDir:C:\Users\ykk\Desktop\cst_tools\project\pillbox_ay\temp\worker_1
2021-08-11 21:06:36,737 - INFO: TaskFileDir:C:\Users\ykk\Desktop\cst_tools\project\pillbox_ay\temp\worker_1
2021-08-11 21:06:36,743 - INFO: "C:\Program Files (x86)\CST Studio Suite 2020\CST DESIGN ENVIRONMENT.exe" -m "C:\Users\ykk\Desktop\cst_tools\project\pillbox_ay\temp\worker_1\main.bas"
2021-08-11 21:06:36,746 - INFO: <subprocess.Popen object at 0x000001F6A5B441F0>
2021-08-11 21:06:36,751 - INFO: WorkerID:'0' Run:0 Name:'R_230.000000_L_260.000000' started.
2021-08-11 21:06:36,753 - INFO: Start Time:'Wed Aug 11 21:06:36 2021'
2021-08-11 21:08:49,941 - INFO: WorkerID:'0' Run:0 Name:'R_230.000000_L_260.000000' success.
2021-08-11 21:08:49,942 - INFO: ElapsedTime:133.18966960906982
2021-08-11 21:08:49,943 - INFO: End Time:'Wed Aug 11 21:08:49 2021'
2021-08-11 21:08:49,945 - INFO: RUN:0
2021-08-11 21:08:49,946 - INFO: Stopping CST, Please Wait
2021-08-11 21:08:49,947 - INFO: Stopping CST, Please Wait
2021-08-11 21:08:50,949 - INFO: 1 secs
2021-08-11 21:08:50,951 - INFO: 1 secs
2021-08-11 21:08:51,952 - INFO: 2 secs
2021-08-11 21:08:51,954 - INFO: 2 secs
2021-08-11 21:08:52,953 - INFO: 3 secs
2021-08-11 21:08:52,955 - INFO: 3 secs
2021-08-11 21:08:53,955 - INFO: 4 secs
2021-08-11 21:08:53,959 - INFO: 4 secs
2021-08-11 21:08:54,956 - INFO: 5 secs
2021-08-11 21:08:54,959 - INFO: 5 secs
2021-08-11 21:08:55,958 - INFO: 6 secs
2021-08-11 21:08:55,961 - INFO: 6 secs
2021-08-11 21:08:56,959 - INFO: 7 secs
2021-08-11 21:08:56,961 - INFO: Stop success
2021-08-11 21:08:56,961 - INFO: 7 secs
2021-08-11 21:08:56,965 - INFO: Stop success
