2021-02-18 09:25:17,235 - WARNING: 找到curr_global_cfg:.\config\current.ini
2021-02-18 09:25:17,238 - INFO: 检查全局配置开始.
2021-02-18 09:25:17,238 - DEBUG: CST ENV PATH为C:\Program Files (x86)\CST Studio Suite 2020\CST DESIGN ENVIRONMENT.exe
2021-02-18 09:25:17,254 - DEBUG: CST 版本为2020
2021-02-18 09:25:17,255 - INFO: 检查全局配置结束.
2021-02-18 09:25:17,265 - INFO: 使用命令行定义的project目录:.\project\copper
2021-02-18 09:25:17,266 - INFO: 检查project开始
2021-02-18 09:25:17,266 - INFO: 找到project目录:.\project\copper
2021-02-18 09:25:17,267 - INFO: 检查project结束
2021-02-18 09:25:17,268 - INFO: 已保存全局配置文件于.\config\current.ini。
2021-02-18 09:25:17,269 - INFO: 开始使用project目录:.\project\copper
2021-02-18 09:25:17,269 - INFO: 尝试打开project目录.\project\copper。
2021-02-18 09:25:17,279 - WARNING: 记录的CST文件MD5679ab7289ee38f722f32700d8c2033f6与实际的258340b3a21969331402d2f31dd4fddc不一致，已被修改
2021-02-18 09:25:17,279 - WARNING: 是否重新生成参数列表n/y
2021-02-18 09:25:19,447 - WARNING: 是否更新MD5n/y
2021-02-18 09:25:21,297 - WARNING: 已更新保存的MD5
2021-02-18 09:25:21,301 - INFO: project.ini测试结束

2021-02-18 09:25:21,301 - INFO: 全局信息:
2021-02-18 09:25:21,310 - INFO: data目录:./data
2021-02-18 09:25:21,311 - INFO: temp目录:./temp
2021-02-18 09:25:21,311 - INFO: log目录:./log
2021-02-18 09:25:21,312 - INFO: result目录:./result
2021-02-18 09:25:21,312 - INFO: CST版本:2020
2021-02-18 09:25:21,313 - INFO: CSTEXE路径:C:\Program Files (x86)\CST Studio Suite 2020\CST DESIGN ENVIRONMENT.exe
2021-02-18 09:25:21,314 - INFO: project目录:.\project\copper
2021-02-18 09:25:21,314 - INFO: 项目信息:
2021-02-18 09:25:21,315 - INFO: ProjectName:copper
2021-02-18 09:25:21,326 - INFO: ProjectType:pillbox
2021-02-18 09:25:21,327 - INFO: ProjectDescription:
2021-02-18 09:25:21,327 - INFO: 项目result目录:..\..\result
2021-02-18 09:25:21,328 - INFO: 项目temp目录:..\..\temp
2021-02-18 09:25:21,329 - INFO: CST文件名:copper_cavity_new.cst
2021-02-18 09:25:21,329 - INFO: CSTFileMD5:258340b3a21969331402d2f31dd4fddc
2021-02-18 09:25:21,330 - INFO: 使用MPI:False
2021-02-18 09:25:21,335 - INFO: MPI节点文件:
2021-02-18 09:25:21,343 - INFO: UseRemoteCalculaton:False
2021-02-18 09:25:21,344 - INFO: DCMainControlAddress:
2021-02-18 09:25:21,344 - INFO: 参数列表文件:params.json
2021-02-18 09:25:21,360 - INFO: created worker type local id:0
2021-02-18 09:25:21,375 - INFO: TempDir:C:\Users\ykk48\Documents\cst_new\temp\worker_0
2021-02-18 09:25:21,375 - INFO: TaskFileDir:C:\Users\ykk48\Documents\cst_new\temp\worker_0
2021-02-18 09:25:21,379 - INFO: Found useless cstProject related files.
2021-02-18 09:25:21,469 - INFO: C:\Users\ykk48\Documents\cst_new\project\copper\copper_cavity_new
2021-02-18 09:25:21,469 - INFO: files removed.
2021-02-18 09:25:21,485 - INFO: "C:\Program Files (x86)\CST Studio Suite 2020\CST DESIGN ENVIRONMENT.exe" -m "C:\Users\ykk48\Documents\cst_new\temp\worker_0\main.bas"
2021-02-18 09:25:21,490 - INFO: <subprocess.Popen object at 0x000001DA6F923280>
2021-02-18 09:25:21,498 - INFO: created worker type local id:1
2021-02-18 09:25:21,501 - INFO: TempDir:C:\Users\ykk48\Documents\cst_new\temp\worker_1
2021-02-18 09:25:21,501 - INFO: TaskFileDir:C:\Users\ykk48\Documents\cst_new\temp\worker_1
2021-02-18 09:25:21,514 - INFO: "C:\Program Files (x86)\CST Studio Suite 2020\CST DESIGN ENVIRONMENT.exe" -m "C:\Users\ykk48\Documents\cst_new\temp\worker_1\main.bas"
2021-02-18 09:25:21,522 - INFO: <subprocess.Popen object at 0x000001DA6F9233A0>
2021-02-18 09:25:21,540 - INFO: WorkerID:'0' Run:0 Name:'normal_result' started.
2021-02-18 09:25:21,541 - INFO: Start Time:'Thu Feb 18 09:25:21 2021'
2021-02-18 09:25:54,855 - ERROR: CST ENV stopped
