2021-04-30 12:20:58,200 - WARNING: 找到curr_global_cfg:.\config\current.ini
2021-04-30 12:20:58,206 - INFO: 检查全局配置开始.
2021-04-30 12:20:58,206 - DEBUG: CST ENV PATH为C:\Program Files (x86)\CST Studio Suite 2020\CST DESIGN ENVIRONMENT.exe
2021-04-30 12:20:58,207 - DEBUG: CST 版本为2020
2021-04-30 12:20:58,207 - INFO: 检查全局配置结束.
2021-04-30 12:20:58,208 - INFO: 使用命令行定义的project目录:.\project\Enlarged
2021-04-30 12:20:58,208 - INFO: 检查project开始
2021-04-30 12:20:58,208 - INFO: 找到project目录:.\project\Enlarged
2021-04-30 12:20:58,209 - INFO: 检查project结束
2021-04-30 12:20:58,209 - INFO: 已保存全局配置文件于.\config\current.ini。
2021-04-30 12:20:58,209 - INFO: 开始使用project目录:.\project\Enlarged
2021-04-30 12:20:58,210 - INFO: 尝试打开project目录.\project\Enlarged。
2021-04-30 12:20:58,210 - ERROR: 未找到配置文件project.ini。
2021-04-30 12:20:58,210 - INFO: 尝试从project目录.\project\Enlarged创建配置文件。
2021-04-30 12:20:58,211 - INFO: 创建配置文件project.ini。
2021-04-30 12:20:58,219 - INFO: 未指定project名,使用为默认目录名Enlarged
2021-04-30 12:20:58,219 - INFO: 找到CST项目文件Enlarged.cst
2021-04-30 12:20:58,255 - INFO: 正在从CST文件中读取参数列表。
2021-04-30 12:21:11,378 - INFO: b'This is CST DESIGN ENVIRONMENT 2020.0 Release from 2019-09-25 (change 724524)\r\r\n'
2021-04-30 12:21:11,379 - INFO: b'Using install path: C:\\Program Files (x86)\\CST Studio Suite 2020\\\r\r\n'
2021-04-30 12:21:11,380 - INFO: b'Using Qt 5.12.3 (compiled with 5.12.3)\r\r\n'
2021-04-30 12:21:11,380 - INFO: b'\r\r\n'
2021-04-30 12:21:11,380 - INFO: b'Checking license servers...\r\r\n'
2021-04-30 12:21:11,380 - INFO: b'License search path found in CST registry: 11605@whpsgroup.test\r\r\n'
2021-04-30 12:21:11,381 - INFO: b'Checking license at startup successfully passed.\r\r\n'
2021-04-30 12:21:11,381 - INFO: b'Connected to license server: 11605@whpsgroup.test\r\r\n'
2021-04-30 12:21:11,381 - INFO: b'[modeler_AMD64.exe] This is the modeler 2020.0 Release from 2019-09-25 (change 724524)\r\r\n'
2021-04-30 12:21:11,381 - INFO: b'[modeler_AMD64.exe] Startup: 30.04.2021 12:21:01\r\r\n'
2021-04-30 12:21:11,382 - INFO: b'[modeler_AMD64.exe] \r\r\n'
2021-04-30 12:21:11,382 - INFO: b'[modeler_AMD64.exe] Modeler affinity of main thread: 111111111111 111111111111 \r\r\n'
2021-04-30 12:21:11,382 - INFO: b'[modeler_AMD64.exe] \r\r\n'
2021-04-30 12:21:11,383 - INFO: b'[modeler_AMD64.exe] thread setup 1: 12, 24\r\r\n'
2021-04-30 12:21:11,384 - INFO: b'[modeler_AMD64.exe]   sockets         : 1\r\r\n'
2021-04-30 12:21:11,385 - INFO: b'[modeler_AMD64.exe]   cores per socket: 12\r\r\n'
2021-04-30 12:21:11,386 - INFO: b'[modeler_AMD64.exe]   ht units        : 2\r\r\n'
2021-04-30 12:21:11,388 - INFO: b'[modeler_AMD64.exe]   acc. hw         : 24\r\r\n'
2021-04-30 12:21:11,395 - INFO: b'[modeler_AMD64.exe]   acc. OSI        : 24\r\r\n'
2021-04-30 12:21:11,396 - INFO: b'[modeler_AMD64.exe]   aff. available  : yes\r\r\n'
2021-04-30 12:21:11,397 - INFO: b"[modeler_AMD64.exe]   OSI log         : CPUID: selected engine is 'Leaf 0xB detection'\r\r\n"
2021-04-30 12:21:11,398 - INFO: b'[modeler_AMD64.exe] Logical  0: socket  0 core  0\r\r\n'
2021-04-30 12:21:11,399 - INFO: b'[modeler_AMD64.exe] Logical  1: socket  0 core  1\r\r\n'
2021-04-30 12:21:11,400 - INFO: b'[modeler_AMD64.exe] Logical  2: socket  0 core  2\r\r\n'
2021-04-30 12:21:11,401 - INFO: b'[modeler_AMD64.exe] Logical  3: socket  0 core  3\r\r\n'
2021-04-30 12:21:11,402 - INFO: b'[modeler_AMD64.exe] Logical  4: socket  0 core  4\r\r\n'
2021-04-30 12:21:11,403 - INFO: b'[modeler_AMD64.exe] Logical  5: socket  0 core  5\r\r\n'
2021-04-30 12:21:11,407 - INFO: b'[modeler_AMD64.exe] Logical  6: socket  0 core  6\r\r\n'
2021-04-30 12:21:11,408 - INFO: b'[modeler_AMD64.exe] Logical  7: socket  0 core  7\r\r\n'
2021-04-30 12:21:11,409 - INFO: b'[modeler_AMD64.exe] Logical  8: socket  0 core  8\r\r\n'
2021-04-30 12:21:11,410 - INFO: b'[modeler_AMD64.exe] Logical  9: socket  0 core  9\r\r\n'
2021-04-30 12:21:11,411 - INFO: b'[modeler_AMD64.exe] Logical 10: socket  0 core 10\r\r\n'
2021-04-30 12:21:11,412 - INFO: b'[modeler_AMD64.exe] Logical 11: socket  0 core 11\r\r\n'
2021-04-30 12:21:11,412 - INFO: b'[modeler_AMD64.exe] Logical 12: socket  0 core 12\r\r\n'
2021-04-30 12:21:11,413 - INFO: b'[modeler_AMD64.exe] Logical 13: socket  0 core 13\r\r\n'
2021-04-30 12:21:11,414 - INFO: b'[modeler_AMD64.exe] Logical 14: socket  0 core 14\r\r\n'
2021-04-30 12:21:11,415 - INFO: b'[modeler_AMD64.exe] Logical 15: socket  0 core 15\r\r\n'
2021-04-30 12:21:11,419 - INFO: b'[modeler_AMD64.exe] Logical 16: socket  0 core 16\r\r\n'
2021-04-30 12:21:11,420 - INFO: b'[modeler_AMD64.exe] Logical 17: socket  0 core 17\r\r\n'
2021-04-30 12:21:11,421 - INFO: b'[modeler_AMD64.exe] Logical 18: socket  0 core 18\r\r\n'
2021-04-30 12:21:11,422 - INFO: b'[modeler_AMD64.exe] Logical 19: socket  0 core 19\r\r\n'
2021-04-30 12:21:11,423 - INFO: b'[modeler_AMD64.exe] Logical 20: socket  0 core 20\r\r\n'
2021-04-30 12:21:11,424 - INFO: b'[modeler_AMD64.exe] Logical 21: socket  0 core 21\r\r\n'
2021-04-30 12:21:11,425 - INFO: b'[modeler_AMD64.exe] Logical 22: socket  0 core 22\r\r\n'
2021-04-30 12:21:11,426 - INFO: b'[modeler_AMD64.exe] Logical 23: socket  0 core 23\r\r\n'
2021-04-30 12:21:11,426 - INFO: b'[modeler_AMD64.exe] packages: 1\r\r\n'
2021-04-30 12:21:11,427 - INFO: b'[modeler_AMD64.exe] cores   : 12\r\r\n'
2021-04-30 12:21:11,431 - INFO: b'[modeler_AMD64.exe] ht units: 2\r\r\n'
2021-04-30 12:21:11,432 - INFO: b'[modeler_AMD64.exe] \r\r\n'
2021-04-30 12:21:11,433 - INFO: b'[modeler_AMD64.exe] \r\r\n'
2021-04-30 12:21:11,434 - INFO: b'[modeler_AMD64.exe] thread setup 2: 12\r\r\n'
2021-04-30 12:21:11,435 - INFO: b'[modeler_AMD64.exe] thread setup 3: 24 --> 12\r\r\n'
2021-04-30 12:21:11,436 - INFO: b'[modeler_AMD64.exe] Modeler openmp threads: 12\r\r\n'
2021-04-30 12:21:11,436 - INFO: b'[modeler_AMD64.exe] Parallel ACIS is active. Starting 24 worker threads for ACIS.\r\r\n'
2021-04-30 12:21:11,438 - INFO: b'[schematic_AMD64.exe] This is the schematic 2020.0 Release from 2019-09-25 (change 724524)\r\r\n'
2021-04-30 12:21:11,439 - INFO: b'[schematic_AMD64.exe] \r\r\n'
2021-04-30 12:21:11,443 - INFO: b'[schematic_AMD64.exe] \r\r\n'
2021-04-30 12:21:11,444 - INFO: b'[schematic_AMD64.exe] project name: c:\\users\\ykk\\appdata\\local\\temp\\1\\cstde1\\temp\\de4\\untitled_0.cst\r\r\n'
2021-04-30 12:21:11,445 - INFO: b'[schematic_AMD64.exe] \r\r\n'
2021-04-30 12:21:11,446 - INFO: b'[schematic_AMD64.exe] \r\r\n'
2021-04-30 12:21:11,447 - INFO: b'[schematic_AMD64.exe] myname: C:\\Program Files (x86)\\CST Studio Suite 2020\\AMD64\\schematic_AMD64.exe\r\r\n'
2021-04-30 12:21:11,448 - INFO: b'[schematic_AMD64.exe] \r\r\n'
2021-04-30 12:21:11,449 - INFO: b'It seems that the history list contains non ASCII characters. This may cause undesired effects if the CST project is used on computers with a different language setting or operating system.\r\r\n'
2021-04-30 12:21:11,450 - INFO: b'The following history blocks contain non ASCII characters either in their name or content:\r\r\n'
2021-04-30 12:21:11,451 - INFO: b'46, 47, 49.\r\r\n'
2021-04-30 12:21:11,456 - INFO: b'[modeler_AMD64.exe] 2 blocks read in parallel from ACIS file. 2 top level entities in total.\r\r\n'
2021-04-30 12:21:11,457 - INFO: b'[modeler_AMD64.exe] 2 blocks read in parallel from ACIS file. 2 top level entities in total.\r\r\n'
2021-04-30 12:21:11,458 - INFO: b'Sub-Project import: External reference cannot be found: \r\r\n'
2021-04-30 12:21:11,459 - INFO: b'  "D:\\x.r.hao\\2#WHPS2021\\500MHz cavity\\model2020\\absorb\\\xa6\xb5140absorb(ideal).cst"\r\r\n'
2021-04-30 12:21:11,460 - INFO: b'  "D:\\x.r.hao\\2#WHPS2021\\500MHz cavity\\model2020\\taper\\taper_Left.cst"\r\r\n'
2021-04-30 12:21:11,461 - INFO: b'  "D:\\x.r.hao\\2#WHPS2021\\500MHz cavity\\model2020\\taper\\taper_right.cst"\r\r\n'
2021-04-30 12:21:11,462 - INFO: b'Some objects were hidden when this project was last saved. These objects are still hidden.\r\r\n'
2021-04-30 12:21:11,462 - INFO: b'Schematic window contains tasks in the navigation tree.\r\r\n'
2021-04-30 12:21:11,463 - INFO: b'[modeler_AMD64.exe] Skipping template 3D\\Frequency (Multiple Modes):: Template needs to be evaluated first.\r\r\n'
2021-04-30 12:21:18,213 - INFO: b'[modeler_AMD64.exe] Skipping template 3D\\R over Q beta=1 (Multiple Modes):: Template needs to be evaluated first.\r\r\n'
2021-04-30 12:21:18,215 - INFO: b'[modeler_AMD64.exe] Skipping template 3D\\R over Q beta=1 (Multiple Modes)offset1=5mm (Multiple Modes):: Template needs to be evaluated first.\r\r\n'
2021-04-30 12:21:18,222 - INFO: b'[modeler_AMD64.exe] Skipping template 3D\\R over Q beta=1 (Multiple Modes)offset2=10mm (Multiple Modes):: Template needs to be evaluated first.\r\r\n'
2021-04-30 12:21:18,224 - INFO: b'[modeler_AMD64.exe] Skipping template 3D\\Q-Factor (Perturbation) (Multiple Modes):: Template needs to be evaluated first.\r\r\n'
2021-04-30 12:21:18,226 - INFO: b'[modeler_AMD64.exe] Skipping template 3D\\Shunt Impedance (Pertubation) beta=1 (Multiple Modes):: Template needs to be evaluated first.\r\r\n'
2021-04-30 12:21:18,228 - INFO: b'[modeler_AMD64.exe] Skipping template 3D\\Voltage (Multiple Modes):: Template needs to be evaluated first.\r\r\n'
2021-04-30 12:21:18,233 - INFO: b'[modeler_AMD64.exe] Skipping template 3D\\Total Loss (Pert., Aver.) (Multiple Modes):: Template needs to be evaluated first.\r\r\n'
2021-04-30 12:21:18,235 - INFO: b'Batch run finished successfully\r\r\n'
2021-04-30 12:21:18,236 - INFO: b'[modeler_AMD64.exe] Modeler finished successfully\r\r\n'
2021-04-30 12:21:18,238 - INFO: b'Exiting with exit code 0. Exit code info: (EXITCODE_SUCCESS)\r\r\n'
2021-04-30 12:21:18,243 - INFO: 创建配置文件结束。
2021-04-30 12:21:18,285 - INFO: project.ini测试结束

2021-04-30 12:21:18,315 - INFO: project.ini测试结束

2021-04-30 12:21:18,316 - INFO: 全局信息:
2021-04-30 12:21:18,320 - INFO: data目录:./data
2021-04-30 12:21:18,322 - INFO: temp目录:./temp
2021-04-30 12:21:18,323 - INFO: log目录:./log
2021-04-30 12:21:18,324 - INFO: result目录:./result
2021-04-30 12:21:18,325 - INFO: CST版本:2020
2021-04-30 12:21:18,326 - INFO: CSTEXE路径:C:\Program Files (x86)\CST Studio Suite 2020\CST DESIGN ENVIRONMENT.exe
2021-04-30 12:21:18,327 - INFO: project目录:.\project\Enlarged
2021-04-30 12:21:18,334 - INFO: 项目信息:
2021-04-30 12:21:18,335 - INFO: ProjectName:Enlarged
2021-04-30 12:21:18,335 - INFO: ProjectType:Enlarged
2021-04-30 12:21:18,336 - INFO: ProjectDescription:
2021-04-30 12:21:18,337 - INFO: 项目result目录:..\..\result
2021-04-30 12:21:18,338 - INFO: 项目temp目录:..\..\temp
2021-04-30 12:21:18,339 - INFO: CST文件名:Enlarged.cst
2021-04-30 12:21:18,345 - INFO: CSTFileMD5:5aa59bc518437fa34dd7d0251b5be815
2021-04-30 12:21:18,345 - INFO: 使用MPI:False
2021-04-30 12:21:18,346 - INFO: MPI节点文件:
2021-04-30 12:21:18,347 - INFO: UseRemoteCalculaton:False
2021-04-30 12:21:18,348 - INFO: DCMainControlAddress:
2021-04-30 12:21:18,349 - INFO: 参数列表文件:params.json
2021-04-30 12:21:18,367 - INFO: created worker type local id:0
2021-04-30 12:21:18,370 - INFO: TempDir:C:\Users\ykk\Desktop\cst_tools\temp\worker_0
2021-04-30 12:21:18,370 - INFO: TaskFileDir:C:\Users\ykk\Desktop\cst_tools\temp\worker_0
2021-04-30 12:21:18,384 - INFO: "C:\Program Files (x86)\CST Studio Suite 2020\CST DESIGN ENVIRONMENT.exe" -m "C:\Users\ykk\Desktop\cst_tools\temp\worker_0\main.bas"
2021-04-30 12:21:18,388 - INFO: <subprocess.Popen object at 0x000001D2CDFC6EB0>
2021-04-30 12:21:18,393 - INFO: created worker type local id:1
2021-04-30 12:21:18,395 - INFO: TempDir:C:\Users\ykk\Desktop\cst_tools\temp\worker_1
2021-04-30 12:21:18,395 - INFO: TaskFileDir:C:\Users\ykk\Desktop\cst_tools\temp\worker_1
2021-04-30 12:21:18,409 - INFO: "C:\Program Files (x86)\CST Studio Suite 2020\CST DESIGN ENVIRONMENT.exe" -m "C:\Users\ykk\Desktop\cst_tools\temp\worker_1\main.bas"
2021-04-30 12:21:18,413 - INFO: <subprocess.Popen object at 0x000001D2CDFDF430>
2021-04-30 12:21:18,434 - INFO: WorkerID:'0' Run:0 Name:'R_230.000000_L_260.000000' started.
2021-04-30 12:21:18,434 - INFO: Start Time:'Fri Apr 30 12:21:18 2021'
2021-04-30 12:24:26,614 - ERROR: CST ENV stopped
