2021-12-21 18:26:50,181 - INFO: 日志已输出到log\base_2021-12-21-18_26_50.log
2021-12-21 18:26:50,182 - INFO: 找到curr_global_cfg:config\current.ini
2021-12-21 18:26:50,185 - INFO: 使用PyQt5图形窗口运行模式
2021-12-21 18:26:53,430 - INFO: PCM:currProjectDir 已设为C:\Users\ykk\Desktop\QEXT
2021-12-21 18:27:04,056 - INFO: PCM:inputCSTFilePath 已设为C:\Users\ykk\Desktop\cst_tools\project\pillbox\Pillbox.cst
2021-12-21 18:27:05,343 - INFO: BASE:SET CTN=False,SAFE=False
2021-12-21 18:27:05,344 - INFO: 检查全局配置开始.
2021-12-21 18:27:05,344 - INFO: 检查CST PATH.
2021-12-21 18:27:05,345 - INFO: 检查CST PATH 成功.
2021-12-21 18:27:05,345 - INFO: 检查CST 版本.
2021-12-21 18:27:05,346 - DEBUG: CST ENV PATH为C:\Program Files (x86)\CST Studio Suite 2020\CST DESIGN ENVIRONMENT.exe
2021-12-21 18:27:05,346 - DEBUG: CST 版本为2020
2021-12-21 18:27:05,346 - INFO: 检查CST 版本 结束.
2021-12-21 18:27:05,346 - INFO: 检查各个路径是否存在.
2021-12-21 18:27:05,347 - INFO: 检查全局配置结束.
2021-12-21 18:27:05,347 - INFO: 通过全局配置检测
2021-12-21 18:27:05,348 - INFO: 已保存全局配置文件于config\current.ini。
2021-12-21 18:27:05,349 - INFO: 开始使用project目录:C:\Users\ykk\Desktop\QEXT
2021-12-21 18:27:05,349 - INFO: 准备项目文件
2021-12-21 18:27:05,350 - INFO: 尝试打开project目录C:\Users\ykk\Desktop\QEXT。
2021-12-21 18:27:05,351 - INFO: 目录C:\Users\ykk\Desktop\QEXT为空。
2021-12-21 18:27:05,351 - INFO: 目录C:\Users\ykk\Desktop\QEXT无旧文件
2021-12-21 18:27:05,352 - INFO: 尝试从project目录C:\Users\ykk\Desktop\QEXT创建空白配置文件。
2021-12-21 18:27:05,352 - INFO: 开始创建配置文件project.ini于C:\Users\ykk\Desktop\QEXT\project.ini。
2021-12-21 18:27:05,353 - INFO: 未指定project名,使用为默认目录名QEXT
2021-12-21 18:27:05,423 - INFO: 创建配置文件结束。
2021-12-21 18:27:05,424 - INFO: 已将输入CST文件C:\Users\ykk\Desktop\cst_tools\project\pillbox\Pillbox.cst复制到project目录C:\Users\ykk\Desktop\QEXT\Pillbox.cst。
2021-12-21 18:27:05,425 - INFO: 根据输入的CST文件进行预处理且更新Config内容
2021-12-21 18:27:05,425 - INFO: 正在从CST文件中读取参数列表。
2021-12-21 18:27:05,426 - INFO: tempdir为C:\Users\ykk\Desktop\QEXT\temp。
2021-12-21 18:27:05,427 - INFO: 临时文件生成成功。
2021-12-21 18:27:12,937 - INFO: b'This is CST DESIGN ENVIRONMENT 2020.0 Release from 2019-09-25 (change 724524)\r\r\n'
2021-12-21 18:27:12,937 - INFO: b'Using install path: C:\\Program Files (x86)\\CST Studio Suite 2020\\\r\r\n'
2021-12-21 18:27:12,938 - INFO: b'Using Qt 5.12.3 (compiled with 5.12.3)\r\r\n'
2021-12-21 18:27:12,938 - INFO: b'\r\r\n'
2021-12-21 18:27:12,939 - INFO: b'Checking license servers...\r\r\n'
2021-12-21 18:27:12,939 - INFO: b'License search path found in CST registry: 11605@whpsgroup.test\r\r\n'
2021-12-21 18:27:12,939 - INFO: b'Checking license at startup successfully passed.\r\r\n'
2021-12-21 18:27:12,940 - INFO: b'Connected to license server: 11605@whpsgroup.test\r\r\n'
2021-12-21 18:27:12,940 - INFO: b'[modeler_AMD64.exe] This is the modeler 2020.0 Release from 2019-09-25 (change 724524)\r\r\n'
2021-12-21 18:27:12,941 - INFO: b'[modeler_AMD64.exe] Startup: 21.12.2021 18:27:07\r\r\n'
2021-12-21 18:27:12,941 - INFO: b'[modeler_AMD64.exe] \r\r\n'
2021-12-21 18:27:12,941 - INFO: b'[modeler_AMD64.exe] Modeler affinity of main thread: 111111111111 111111111111 \r\r\n'
2021-12-21 18:27:12,942 - INFO: b'[modeler_AMD64.exe] \r\r\n'
2021-12-21 18:27:12,943 - INFO: b'[modeler_AMD64.exe] thread setup 1: 12, 24\r\r\n'
2021-12-21 18:27:12,943 - INFO: b'[modeler_AMD64.exe]   sockets         : 1\r\r\n'
2021-12-21 18:27:12,944 - INFO: b'[modeler_AMD64.exe]   cores per socket: 12\r\r\n'
2021-12-21 18:27:12,945 - INFO: b'[modeler_AMD64.exe]   ht units        : 2\r\r\n'
2021-12-21 18:27:12,945 - INFO: b'[modeler_AMD64.exe]   acc. hw         : 24\r\r\n'
2021-12-21 18:27:12,951 - INFO: b'[modeler_AMD64.exe]   acc. OSI        : 24\r\r\n'
2021-12-21 18:27:12,952 - INFO: b'[modeler_AMD64.exe]   aff. available  : yes\r\r\n'
2021-12-21 18:27:12,952 - INFO: b"[modeler_AMD64.exe]   OSI log         : CPUID: selected engine is 'Leaf 0xB detection'\r\r\n"
2021-12-21 18:27:12,953 - INFO: b'[modeler_AMD64.exe] Logical  0: socket  0 core  0\r\r\n'
2021-12-21 18:27:12,954 - INFO: b'[modeler_AMD64.exe] Logical  1: socket  0 core  1\r\r\n'
2021-12-21 18:27:12,955 - INFO: b'[modeler_AMD64.exe] Logical  2: socket  0 core  2\r\r\n'
2021-12-21 18:27:12,956 - INFO: b'[modeler_AMD64.exe] Logical  3: socket  0 core  3\r\r\n'
2021-12-21 18:27:12,956 - INFO: b'[modeler_AMD64.exe] Logical  4: socket  0 core  4\r\r\n'
2021-12-21 18:27:12,957 - INFO: b'[modeler_AMD64.exe] Logical  5: socket  0 core  5\r\r\n'
2021-12-21 18:27:12,957 - INFO: b'[modeler_AMD64.exe] Logical  6: socket  0 core  6\r\r\n'
2021-12-21 18:27:12,958 - INFO: b'[modeler_AMD64.exe] Logical  7: socket  0 core  7\r\r\n'
2021-12-21 18:27:12,958 - INFO: b'[modeler_AMD64.exe] Logical  8: socket  0 core  8\r\r\n'
2021-12-21 18:27:12,959 - INFO: b'[modeler_AMD64.exe] Logical  9: socket  0 core  9\r\r\n'
2021-12-21 18:27:12,962 - INFO: b'[modeler_AMD64.exe] Logical 10: socket  0 core 10\r\r\n'
2021-12-21 18:27:12,963 - INFO: b'[modeler_AMD64.exe] Logical 11: socket  0 core 11\r\r\n'
2021-12-21 18:27:12,964 - INFO: b'[modeler_AMD64.exe] Logical 12: socket  0 core 12\r\r\n'
2021-12-21 18:27:12,964 - INFO: b'[modeler_AMD64.exe] Logical 13: socket  0 core 13\r\r\n'
2021-12-21 18:27:12,965 - INFO: b'[modeler_AMD64.exe] Logical 14: socket  0 core 14\r\r\n'
2021-12-21 18:27:12,965 - INFO: b'[modeler_AMD64.exe] Logical 15: socket  0 core 15\r\r\n'
2021-12-21 18:27:12,966 - INFO: b'[modeler_AMD64.exe] Logical 16: socket  0 core 16\r\r\n'
2021-12-21 18:27:12,966 - INFO: b'[modeler_AMD64.exe] Logical 17: socket  0 core 17\r\r\n'
2021-12-21 18:27:12,967 - INFO: b'[modeler_AMD64.exe] Logical 18: socket  0 core 18\r\r\n'
2021-12-21 18:27:12,968 - INFO: b'[modeler_AMD64.exe] Logical 19: socket  0 core 19\r\r\n'
2021-12-21 18:27:12,968 - INFO: b'[modeler_AMD64.exe] Logical 20: socket  0 core 20\r\r\n'
2021-12-21 18:27:12,969 - INFO: b'[modeler_AMD64.exe] Logical 21: socket  0 core 21\r\r\n'
2021-12-21 18:27:12,969 - INFO: b'[modeler_AMD64.exe] Logical 22: socket  0 core 22\r\r\n'
2021-12-21 18:27:12,970 - INFO: b'[modeler_AMD64.exe] Logical 23: socket  0 core 23\r\r\n'
2021-12-21 18:27:12,973 - INFO: b'[modeler_AMD64.exe] packages: 1\r\r\n'
2021-12-21 18:27:12,973 - INFO: b'[modeler_AMD64.exe] cores   : 12\r\r\n'
2021-12-21 18:27:12,974 - INFO: b'[modeler_AMD64.exe] ht units: 2\r\r\n'
2021-12-21 18:27:12,974 - INFO: b'[modeler_AMD64.exe] \r\r\n'
2021-12-21 18:27:12,975 - INFO: b'[modeler_AMD64.exe] \r\r\n'
2021-12-21 18:27:12,975 - INFO: b'[modeler_AMD64.exe] thread setup 2: 12\r\r\n'
2021-12-21 18:27:12,976 - INFO: b'[modeler_AMD64.exe] thread setup 3: 128 --> 12\r\r\n'
2021-12-21 18:27:12,976 - INFO: b'[modeler_AMD64.exe] Modeler openmp threads: 12\r\r\n'
2021-12-21 18:27:12,977 - INFO: b'[modeler_AMD64.exe] Parallel ACIS is active. Starting 24 worker threads for ACIS.\r\r\n'
2021-12-21 18:27:12,978 - INFO: b'[schematic_AMD64.exe] This is the schematic 2020.0 Release from 2019-09-25 (change 724524)\r\r\n'
2021-12-21 18:27:12,978 - INFO: b'[schematic_AMD64.exe] \r\r\n'
2021-12-21 18:27:12,979 - INFO: b'[schematic_AMD64.exe] \r\r\n'
2021-12-21 18:27:12,979 - INFO: b'[schematic_AMD64.exe] project name: c:\\users\\ykk\\appdata\\local\\temp\\1\\cstde4\\temp\\de9\\untitled_0.cst\r\r\n'
2021-12-21 18:27:12,980 - INFO: b'[schematic_AMD64.exe] \r\r\n'
2021-12-21 18:27:12,980 - INFO: b'[schematic_AMD64.exe] \r\r\n'
2021-12-21 18:27:12,981 - INFO: b'[schematic_AMD64.exe] myname: C:\\Program Files (x86)\\CST Studio Suite 2020\\AMD64\\schematic_AMD64.exe\r\r\n'
2021-12-21 18:27:12,984 - INFO: b'[schematic_AMD64.exe] \r\r\n'
2021-12-21 18:27:12,985 - INFO: b'FrequencyRange Set As fmin, fmax\r\r\n'
2021-12-21 18:27:12,986 - INFO: b'EigenmodeSolver FrequencyTarget set As 400\r\r\n'
2021-12-21 18:27:12,986 - INFO: b'EigenmodeSolver NumberOfModes set As 10\r\r\n'
2021-12-21 18:27:12,987 - INFO: b'[modeler_AMD64.exe] Skipping template 3D\\Frequency (Multiple Modes):: Template needs to be evaluated first.\r\r\n'
2021-12-21 18:27:12,988 - INFO: b'[modeler_AMD64.exe] Skipping template 3D\\Q-Factor (Perturbation) (Multiple Modes):: Template needs to be evaluated first.\r\r\n'
2021-12-21 18:27:12,989 - INFO: b'[modeler_AMD64.exe] Skipping template 3D\\R over Q beta=1 (Multiple Modes):: Template needs to be evaluated first.\r\r\n'
2021-12-21 18:27:12,989 - INFO: b'[modeler_AMD64.exe] Skipping template 3D\\Shunt Impedance (Pertubation) beta=1 (Multiple Modes):: Template needs to be evaluated first.\r\r\n'
2021-12-21 18:27:12,990 - INFO: b'[modeler_AMD64.exe] Skipping template 3D\\Voltage beta=1 (Multiple Modes):: Template needs to be evaluated first.\r\r\n'
2021-12-21 18:27:12,991 - INFO: b'[modeler_AMD64.exe] Skipping template 3D\\Total Loss (Pert., Aver.) (Multiple Modes):: Template needs to be evaluated first.\r\r\n'
2021-12-21 18:27:12,991 - INFO: b'[modeler_AMD64.exe] Skipping template 3D\\R over Q beta=1 (Multiple Modes)_1:: Template needs to be evaluated first.\r\r\n'
2021-12-21 18:27:18,432 - INFO: b'[modeler_AMD64.exe] Skipping template 3D\\R over Q beta=1 (Multiple Modes)_2:: Template needs to be evaluated first.\r\r\n'
2021-12-21 18:27:18,433 - INFO: b'[modeler_AMD64.exe] Skipping template 3D\\Frequency (Multiple Modes):: Template needs to be evaluated first.\r\r\n'
2021-12-21 18:27:18,437 - INFO: b'[modeler_AMD64.exe] Skipping template 3D\\Q-Factor (Perturbation) (Multiple Modes):: Template needs to be evaluated first.\r\r\n'
2021-12-21 18:27:18,437 - INFO: b'[modeler_AMD64.exe] Skipping template 3D\\R over Q beta=1 (Multiple Modes):: Template needs to be evaluated first.\r\r\n'
2021-12-21 18:27:18,438 - INFO: b'[modeler_AMD64.exe] Skipping template 3D\\Shunt Impedance (Pertubation) beta=1 (Multiple Modes):: Template needs to be evaluated first.\r\r\n'
2021-12-21 18:27:18,438 - INFO: b'[modeler_AMD64.exe] Skipping template 3D\\Voltage beta=1 (Multiple Modes):: Template needs to be evaluated first.\r\r\n'
2021-12-21 18:27:18,439 - INFO: b'[modeler_AMD64.exe] Skipping template 3D\\Total Loss (Pert., Aver.) (Multiple Modes):: Template needs to be evaluated first.\r\r\n'
2021-12-21 18:27:18,439 - INFO: b'[modeler_AMD64.exe] Skipping template 3D\\R over Q beta=1 (Multiple Modes)_1:: Template needs to be evaluated first.\r\r\n'
2021-12-21 18:27:18,440 - INFO: b'[modeler_AMD64.exe] Skipping template 3D\\R over Q beta=1 (Multiple Modes)_2:: Template needs to be evaluated first.\r\r\n'
2021-12-21 18:27:18,440 - INFO: b'Batch run finished successfully\r\r\n'
2021-12-21 18:27:18,441 - INFO: b'[modeler_AMD64.exe] Modeler finished successfully\r\r\n'
2021-12-21 18:27:18,441 - INFO: b'Exiting with exit code 0. Exit code info: (EXITCODE_SUCCESS)\r\r\n'
2021-12-21 18:27:18,443 - INFO: Config内容更新完成
2021-12-21 18:27:18,445 - INFO: 后处理设定已保存至C:\Users\ykk\Desktop\QEXT\pps.json
2021-12-21 18:27:18,453 - INFO: ----------------------------------------------------------
2021-12-21 18:27:18,453 - INFO: 全局信息:
2021-12-21 18:27:18,454 - INFO: data目录:C:\Users\ykk\Desktop\cst_tools\data
2021-12-21 18:27:18,455 - INFO: temp目录:C:\Users\ykk\Desktop\cst_tools\temp
2021-12-21 18:27:18,455 - INFO: log目录:C:\Users\ykk\Desktop\cst_tools\log
2021-12-21 18:27:18,456 - INFO: result目录:C:\Users\ykk\Desktop\cst_tools\result
2021-12-21 18:27:18,456 - INFO: CST版本:2020
2021-12-21 18:27:18,456 - INFO: CSTEXE路径:C:\Program Files (x86)\CST Studio Suite 2020\CST DESIGN ENVIRONMENT.exe
2021-12-21 18:27:18,457 - INFO: superfish版本:
2021-12-21 18:27:18,457 - INFO: superfish路径:
2021-12-21 18:27:18,458 - INFO: ----------------------------------------------------------
2021-12-21 18:27:18,458 - INFO: -----------------------------------
2021-12-21 18:27:18,504 - INFO: created worker type local id:0
2021-12-21 18:27:18,505 - INFO: TempDir:C:\Users\ykk\Desktop\QEXT\temp\worker_0
2021-12-21 18:27:18,506 - INFO: TaskFileDir:C:\Users\ykk\Desktop\QEXT\temp\worker_0
2021-12-21 18:27:18,519 - INFO: "C:\Program Files (x86)\CST Studio Suite 2020\CST DESIGN ENVIRONMENT.exe" -m "C:\Users\ykk\Desktop\QEXT\temp\worker_0\main.bas"
2021-12-21 18:27:18,523 - INFO: <subprocess.Popen object at 0x0000015382BB3BE0>
2021-12-21 18:27:18,525 - INFO: created worker type local id:1
2021-12-21 18:27:18,526 - INFO: TempDir:C:\Users\ykk\Desktop\QEXT\temp\worker_1
2021-12-21 18:27:18,526 - INFO: TaskFileDir:C:\Users\ykk\Desktop\QEXT\temp\worker_1
2021-12-21 18:27:18,530 - INFO: "C:\Program Files (x86)\CST Studio Suite 2020\CST DESIGN ENVIRONMENT.exe" -m "C:\Users\ykk\Desktop\QEXT\temp\worker_1\main.bas"
2021-12-21 18:27:18,534 - INFO: <subprocess.Popen object at 0x0000015382BB3AF0>
2021-12-21 18:27:18,534 - INFO: JOB MANAGER 创建完成
2021-12-21 18:27:18,536 - INFO: UI:STARTING WORK
2021-12-21 18:27:18,538 - INFO: PCM:项目状态已设为RUNNING
2021-12-21 18:27:18,558 - INFO: WorkerID:'0' Run:0 Name:'frequency000000_700_800' started.
2021-12-21 18:27:18,559 - INFO: Start Time:'Tue Dec 21 18:27:18 2021'
2021-12-21 18:27:47,576 - INFO: WorkerID:'0' Run:0 Name:'frequency000000_700_800' success.
2021-12-21 18:27:47,578 - INFO: ElapsedTime:29.017571210861206
2021-12-21 18:27:47,579 - INFO: End Time:'Tue Dec 21 18:27:47 2021'
2021-12-21 18:27:47,623 - INFO: WorkerID:'0' Run:1 Name:'frequency000000_860-0_909' started.
2021-12-21 18:27:47,624 - INFO: Start Time:'Tue Dec 21 18:27:47 2021'
2021-12-21 18:28:06,635 - INFO: WorkerID:'0' Run:1 Name:'frequency000000_860-0_909' success.
2021-12-21 18:28:06,637 - INFO: ElapsedTime:19.01255989074707
2021-12-21 18:28:06,639 - INFO: End Time:'Tue Dec 21 18:28:06 2021'
2021-12-21 18:28:06,681 - INFO: WorkerID:'0' Run:2 Name:'frequency000000_860-0_1069' started.
2021-12-21 18:28:06,683 - INFO: Start Time:'Tue Dec 21 18:28:06 2021'
2021-12-21 18:28:28,697 - INFO: WorkerID:'0' Run:2 Name:'frequency000000_860-0_1069' success.
2021-12-21 18:28:28,698 - INFO: ElapsedTime:22.015870571136475
2021-12-21 18:28:28,698 - INFO: End Time:'Tue Dec 21 18:28:28 2021'
2021-12-21 18:28:28,737 - INFO: WorkerID:'0' Run:3 Name:'frequency000000_1049-4_1099' started.
2021-12-21 18:28:28,739 - INFO: Start Time:'Tue Dec 21 18:28:28 2021'
2021-12-21 18:28:51,760 - INFO: WorkerID:'0' Run:3 Name:'frequency000000_1049-4_1099' success.
2021-12-21 18:28:51,761 - INFO: ElapsedTime:23.023589611053467
2021-12-21 18:28:51,761 - INFO: End Time:'Tue Dec 21 18:28:51 2021'
2021-12-21 18:28:51,794 - INFO: WorkerID:'0' Run:4 Name:'frequency000000_1049-4_1283' started.
2021-12-21 18:28:51,795 - INFO: Start Time:'Tue Dec 21 18:28:51 2021'
2021-12-21 18:29:17,810 - INFO: WorkerID:'0' Run:4 Name:'frequency000000_1049-4_1283' success.
2021-12-21 18:29:17,811 - INFO: ElapsedTime:26.016504764556885
2021-12-21 18:29:17,811 - INFO: End Time:'Tue Dec 21 18:29:17 2021'
2021-12-21 18:29:17,839 - INFO: WorkerID:'0' Run:5 Name:'frequency000000_1263-5_1313' started.
2021-12-21 18:29:17,840 - INFO: Start Time:'Tue Dec 21 18:29:17 2021'
