2021-04-30 12:08:04,690 - WARNING: 找到curr_global_cfg:.\config\current.ini
2021-04-30 12:08:04,703 - INFO: 检查全局配置开始.
2021-04-30 12:08:04,704 - DEBUG: CST ENV PATH为C:\Program Files (x86)\CST Studio Suite 2020\CST DESIGN ENVIRONMENT.exe
2021-04-30 12:08:04,709 - DEBUG: CST 版本为2020
2021-04-30 12:08:04,710 - INFO: 检查全局配置结束.
2021-04-30 12:08:04,711 - INFO: 使用命令行定义的project目录:.\project\Enlarged
2021-04-30 12:08:04,712 - INFO: 检查project开始
2021-04-30 12:08:04,712 - INFO: 找到project目录:.\project\Enlarged
2021-04-30 12:08:04,713 - INFO: 检查project结束
2021-04-30 12:08:04,714 - INFO: 已保存全局配置文件于.\config\current.ini。
2021-04-30 12:08:04,715 - INFO: 开始使用project目录:.\project\Enlarged
2021-04-30 12:08:04,715 - INFO: 尝试打开project目录.\project\Enlarged。
2021-04-30 12:08:04,762 - INFO: project.ini测试结束

2021-04-30 12:08:04,763 - INFO: 全局信息:
2021-04-30 12:08:04,764 - INFO: data目录:./data
2021-04-30 12:08:04,765 - INFO: temp目录:./temp
2021-04-30 12:08:04,766 - INFO: log目录:./log
2021-04-30 12:08:04,766 - INFO: result目录:./result
2021-04-30 12:08:04,767 - INFO: CST版本:2020
2021-04-30 12:08:04,768 - INFO: CSTEXE路径:C:\Program Files (x86)\CST Studio Suite 2020\CST DESIGN ENVIRONMENT.exe
2021-04-30 12:08:04,768 - INFO: project目录:.\project\Enlarged
2021-04-30 12:08:04,769 - INFO: 项目信息:
2021-04-30 12:08:04,769 - INFO: ProjectName:Enlarged
2021-04-30 12:08:04,770 - INFO: ProjectType:Enlarged
2021-04-30 12:08:04,770 - INFO: ProjectDescription:
2021-04-30 12:08:04,771 - INFO: 项目result目录:..\..\result
2021-04-30 12:08:04,771 - INFO: 项目temp目录:..\..\temp
2021-04-30 12:08:04,772 - INFO: CST文件名:Enlarged.cst
2021-04-30 12:08:04,772 - INFO: CSTFileMD5:340a54ff82ef16c99958a6f38bd733af
2021-04-30 12:08:04,773 - INFO: 使用MPI:False
2021-04-30 12:08:04,781 - INFO: MPI节点文件:
2021-04-30 12:08:04,782 - INFO: UseRemoteCalculaton:False
2021-04-30 12:08:04,782 - INFO: DCMainControlAddress:
2021-04-30 12:08:04,783 - INFO: 参数列表文件:params.json
2021-04-30 12:08:04,815 - INFO: created worker type local id:0
2021-04-30 12:08:04,816 - INFO: TempDir:C:\Users\ykk\Desktop\cst_tools\temp\worker_0
2021-04-30 12:08:04,817 - INFO: TaskFileDir:C:\Users\ykk\Desktop\cst_tools\temp\worker_0
2021-04-30 12:08:04,832 - INFO: "C:\Program Files (x86)\CST Studio Suite 2020\CST DESIGN ENVIRONMENT.exe" -m "C:\Users\ykk\Desktop\cst_tools\temp\worker_0\main.bas"
2021-04-30 12:08:04,835 - INFO: <subprocess.Popen object at 0x000001CFD4CA32B0>
2021-04-30 12:08:04,851 - INFO: created worker type local id:1
2021-04-30 12:08:04,856 - INFO: TempDir:C:\Users\ykk\Desktop\cst_tools\temp\worker_1
2021-04-30 12:08:04,856 - INFO: TaskFileDir:C:\Users\ykk\Desktop\cst_tools\temp\worker_1
2021-04-30 12:08:04,869 - INFO: "C:\Program Files (x86)\CST Studio Suite 2020\CST DESIGN ENVIRONMENT.exe" -m "C:\Users\ykk\Desktop\cst_tools\temp\worker_1\main.bas"
2021-04-30 12:08:04,873 - INFO: <subprocess.Popen object at 0x000001CFD4CA35E0>
2021-04-30 12:08:04,898 - INFO: WorkerID:'0' Run:0 Name:'R_230.000000_L_260.000000' started.
2021-04-30 12:08:04,899 - INFO: Start Time:'Fri Apr 30 12:08:04 2021'
2021-04-30 12:11:13,057 - ERROR: CST ENV stopped
