2021-08-11 22:05:42,675 - INFO: 日志已输出到log\base_2021-08-11-22_05_42.log
2021-08-11 22:05:42,675 - INFO: 使用PyQt5图形窗口运行模式
2021-08-11 22:05:43,084 - WARNING: 找到curr_global_cfg:config\current.ini
2021-08-11 22:05:47,684 - INFO: 项目目录已设为C:\Users\ykk\Desktop\cst_tools\project\HOM analysis
2021-08-11 22:05:48,700 - INFO: 检查全局配置开始.
2021-08-11 22:05:48,701 - INFO: 检查CST PATH.
2021-08-11 22:05:48,702 - INFO: 检查CST PATH 成功.
2021-08-11 22:05:48,702 - INFO: 检查CST 版本.
2021-08-11 22:05:48,702 - DEBUG: CST ENV PATH为C:\Program Files (x86)\CST Studio Suite 2020\CST DESIGN ENVIRONMENT.exe
2021-08-11 22:05:48,703 - DEBUG: CST 版本为2020
2021-08-11 22:05:48,703 - INFO: 检查CST 版本 结束.
2021-08-11 22:05:48,704 - INFO: 检查各个路径是否存在.
2021-08-11 22:05:48,704 - INFO: 检查全局配置结束.
2021-08-11 22:05:48,704 - INFO: 通过全局配置检测
2021-08-11 22:05:48,705 - INFO: 使用命令行定义的project目录:C:/Users/ykk/Desktop/cst_tools/project/HOM analysis
2021-08-11 22:05:48,705 - INFO: 检查project开始
2021-08-11 22:05:48,706 - INFO: 找到project目录:C:\Users\ykk\Desktop\cst_tools\project\HOM analysis
2021-08-11 22:05:48,706 - INFO: 检查project结束
2021-08-11 22:05:48,707 - INFO: 已保存全局配置文件于config\current.ini。
2021-08-11 22:05:48,707 - INFO: 开始使用project目录:C:/Users/ykk/Desktop/cst_tools/project/HOM analysis
2021-08-11 22:05:48,708 - INFO: 全局信息:
2021-08-11 22:05:48,709 - INFO: data目录:C:\Users\ykk\Desktop\cst_tools\data
2021-08-11 22:05:48,709 - INFO: temp目录:C:\Users\ykk\Desktop\cst_tools\temp
2021-08-11 22:05:48,709 - INFO: log目录:C:\Users\ykk\Desktop\cst_tools\log
2021-08-11 22:05:48,710 - INFO: result目录:C:\Users\ykk\Desktop\cst_tools\result
2021-08-11 22:05:48,711 - INFO: CST版本:2020
2021-08-11 22:05:48,711 - INFO: CSTEXE路径:C:\Program Files (x86)\CST Studio Suite 2020\CST DESIGN ENVIRONMENT.exe
2021-08-11 22:05:48,712 - INFO: project目录:C:\Users\ykk\Desktop\cst_tools\project\HOM analysis
2021-08-11 22:05:48,712 - INFO: 尝试打开project目录C:\Users\ykk\Desktop\cst_tools\project\HOM analysis。
2021-08-11 22:05:48,722 - ERROR: 未找到配置文件project.ini。
2021-08-11 22:05:56,487 - INFO: 检查全局配置开始.
2021-08-11 22:05:56,488 - INFO: 检查CST PATH.
2021-08-11 22:05:56,489 - INFO: 检查CST PATH 成功.
2021-08-11 22:05:56,489 - INFO: 检查CST 版本.
2021-08-11 22:05:56,490 - DEBUG: CST ENV PATH为C:\Program Files (x86)\CST Studio Suite 2020\CST DESIGN ENVIRONMENT.exe
2021-08-11 22:05:56,490 - DEBUG: CST 版本为2020
2021-08-11 22:05:56,491 - INFO: 检查CST 版本 结束.
2021-08-11 22:05:56,491 - INFO: 检查各个路径是否存在.
2021-08-11 22:05:56,492 - INFO: 检查全局配置结束.
2021-08-11 22:05:56,492 - INFO: 通过全局配置检测
2021-08-11 22:05:56,492 - INFO: 使用命令行定义的project目录:C:/Users/ykk/Desktop/cst_tools/project/HOM analysis
2021-08-11 22:05:56,493 - INFO: 检查project开始
2021-08-11 22:05:56,493 - INFO: 找到project目录:C:\Users\ykk\Desktop\cst_tools\project\HOM analysis
2021-08-11 22:05:56,494 - INFO: 检查project结束
2021-08-11 22:05:56,494 - INFO: 已保存全局配置文件于config\current.ini。
2021-08-11 22:05:56,495 - INFO: 开始使用project目录:C:/Users/ykk/Desktop/cst_tools/project/HOM analysis
2021-08-11 22:05:56,496 - INFO: 全局信息:
2021-08-11 22:05:56,496 - INFO: data目录:C:\Users\ykk\Desktop\cst_tools\data
2021-08-11 22:05:56,496 - INFO: temp目录:C:\Users\ykk\Desktop\cst_tools\temp
2021-08-11 22:05:56,497 - INFO: log目录:C:\Users\ykk\Desktop\cst_tools\log
2021-08-11 22:05:56,497 - INFO: result目录:C:\Users\ykk\Desktop\cst_tools\result
2021-08-11 22:05:56,498 - INFO: CST版本:2020
2021-08-11 22:05:56,498 - INFO: CSTEXE路径:C:\Program Files (x86)\CST Studio Suite 2020\CST DESIGN ENVIRONMENT.exe
2021-08-11 22:05:56,498 - INFO: project目录:C:\Users\ykk\Desktop\cst_tools\project\HOM analysis
2021-08-11 22:05:56,499 - INFO: 尝试打开project目录C:\Users\ykk\Desktop\cst_tools\project\HOM analysis。
2021-08-11 22:05:56,501 - ERROR: 未找到配置文件project.ini。
2021-08-11 22:06:02,922 - INFO: 检查全局配置开始.
2021-08-11 22:06:02,924 - INFO: 检查CST PATH.
2021-08-11 22:06:02,925 - INFO: 检查CST PATH 成功.
2021-08-11 22:06:02,926 - INFO: 检查CST 版本.
2021-08-11 22:06:02,927 - DEBUG: CST ENV PATH为C:\Program Files (x86)\CST Studio Suite 2020\CST DESIGN ENVIRONMENT.exe
2021-08-11 22:06:02,929 - DEBUG: CST 版本为2020
2021-08-11 22:06:02,930 - INFO: 检查CST 版本 结束.
2021-08-11 22:06:02,931 - INFO: 检查各个路径是否存在.
2021-08-11 22:06:02,932 - INFO: 检查全局配置结束.
2021-08-11 22:06:02,933 - INFO: 通过全局配置检测
2021-08-11 22:06:02,934 - INFO: 使用命令行定义的project目录:C:/Users/ykk/Desktop/cst_tools/project/HOM analysis
2021-08-11 22:06:02,936 - INFO: 检查project开始
2021-08-11 22:06:02,936 - INFO: 找到project目录:C:\Users\ykk\Desktop\cst_tools\project\HOM analysis
2021-08-11 22:06:02,937 - INFO: 检查project结束
2021-08-11 22:06:02,938 - INFO: 已保存全局配置文件于config\current.ini。
2021-08-11 22:06:02,939 - INFO: 开始使用project目录:C:/Users/ykk/Desktop/cst_tools/project/HOM analysis
2021-08-11 22:06:02,940 - INFO: 全局信息:
2021-08-11 22:06:02,941 - INFO: data目录:C:\Users\ykk\Desktop\cst_tools\data
2021-08-11 22:06:02,941 - INFO: temp目录:C:\Users\ykk\Desktop\cst_tools\temp
2021-08-11 22:06:02,942 - INFO: log目录:C:\Users\ykk\Desktop\cst_tools\log
2021-08-11 22:06:02,942 - INFO: result目录:C:\Users\ykk\Desktop\cst_tools\result
2021-08-11 22:06:02,943 - INFO: CST版本:2020
2021-08-11 22:06:02,943 - INFO: CSTEXE路径:C:\Program Files (x86)\CST Studio Suite 2020\CST DESIGN ENVIRONMENT.exe
2021-08-11 22:06:02,944 - INFO: project目录:C:\Users\ykk\Desktop\cst_tools\project\HOM analysis
2021-08-11 22:06:02,945 - INFO: 尝试打开project目录C:\Users\ykk\Desktop\cst_tools\project\HOM analysis。
2021-08-11 22:06:02,947 - INFO: 未找到配置文件project.ini。
2021-08-11 22:06:02,947 - INFO: 尝试从project目录C:\Users\ykk\Desktop\cst_tools\project\HOM analysis创建配置文件。
2021-08-11 22:06:02,948 - INFO: 开始创建配置文件project.ini于C:\Users\ykk\Desktop\cst_tools\project\HOM analysis\project.ini。
2021-08-11 22:06:02,948 - INFO: 未指定project名,使用为默认目录名HOM analysis
2021-08-11 22:06:02,949 - INFO: 找到CST项目文件C:\Users\ykk\Desktop\cst_tools\project\HOM analysis\HOM analysis.cst
2021-08-11 22:06:03,035 - INFO: 正在从CST文件中读取参数列表。
2021-08-11 22:06:03,036 - INFO: tempdir为C:\Users\ykk\Desktop\cst_tools\project\HOM analysis\temp。
2021-08-11 22:06:03,037 - INFO: 临时文件生成成功。
2021-08-11 22:06:15,121 - INFO: b'This is CST DESIGN ENVIRONMENT 2020.0 Release from 2019-09-25 (change 724524)\r\r\n'
2021-08-11 22:06:15,121 - INFO: b'Using install path: C:\\Program Files (x86)\\CST Studio Suite 2020\\\r\r\n'
2021-08-11 22:06:15,122 - INFO: b'Using Qt 5.12.3 (compiled with 5.12.3)\r\r\n'
2021-08-11 22:06:15,122 - INFO: b'\r\r\n'
2021-08-11 22:06:15,122 - INFO: b'Checking license servers...\r\r\n'
2021-08-11 22:06:15,123 - INFO: b'License search path found in CST registry: 11605@whpsgroup.test\r\r\n'
2021-08-11 22:06:15,123 - INFO: b'Checking license at startup successfully passed.\r\r\n'
2021-08-11 22:06:15,124 - INFO: b'Connected to license server: 11605@whpsgroup.test\r\r\n'
2021-08-11 22:06:15,124 - INFO: b'[modeler_AMD64.exe] This is the modeler 2020.0 Release from 2019-09-25 (change 724524)\r\r\n'
2021-08-11 22:06:15,125 - INFO: b'[modeler_AMD64.exe] Startup: 11.08.2021 22:06:05\r\r\n'
2021-08-11 22:06:15,125 - INFO: b'[modeler_AMD64.exe] \r\r\n'
2021-08-11 22:06:15,126 - INFO: b'[modeler_AMD64.exe] Modeler affinity of main thread: 111111111111 111111111111 \r\r\n'
2021-08-11 22:06:15,127 - INFO: b'[modeler_AMD64.exe] \r\r\n'
2021-08-11 22:06:15,128 - INFO: b'[modeler_AMD64.exe] thread setup 1: 12, 24\r\r\n'
2021-08-11 22:06:15,129 - INFO: b'[modeler_AMD64.exe]   sockets         : 1\r\r\n'
2021-08-11 22:06:15,129 - INFO: b'[modeler_AMD64.exe]   cores per socket: 12\r\r\n'
2021-08-11 22:06:15,130 - INFO: b'[modeler_AMD64.exe]   ht units        : 2\r\r\n'
2021-08-11 22:06:15,131 - INFO: b'[modeler_AMD64.exe]   acc. hw         : 24\r\r\n'
2021-08-11 22:06:15,132 - INFO: b'[modeler_AMD64.exe]   acc. OSI        : 24\r\r\n'
2021-08-11 22:06:15,132 - INFO: b'[modeler_AMD64.exe]   aff. available  : yes\r\r\n'
2021-08-11 22:06:15,133 - INFO: b"[modeler_AMD64.exe]   OSI log         : CPUID: selected engine is 'Leaf 0xB detection'\r\r\n"
2021-08-11 22:06:15,133 - INFO: b'[modeler_AMD64.exe] Logical  0: socket  0 core  0\r\r\n'
2021-08-11 22:06:15,133 - INFO: b'[modeler_AMD64.exe] Logical  1: socket  0 core  1\r\r\n'
2021-08-11 22:06:15,134 - INFO: b'[modeler_AMD64.exe] Logical  2: socket  0 core  2\r\r\n'
2021-08-11 22:06:15,134 - INFO: b'[modeler_AMD64.exe] Logical  3: socket  0 core  3\r\r\n'
2021-08-11 22:06:15,135 - INFO: b'[modeler_AMD64.exe] Logical  4: socket  0 core  4\r\r\n'
2021-08-11 22:06:15,135 - INFO: b'[modeler_AMD64.exe] Logical  5: socket  0 core  5\r\r\n'
2021-08-11 22:06:15,135 - INFO: b'[modeler_AMD64.exe] Logical  6: socket  0 core  6\r\r\n'
2021-08-11 22:06:15,135 - INFO: b'[modeler_AMD64.exe] Logical  7: socket  0 core  7\r\r\n'
2021-08-11 22:06:15,136 - INFO: b'[modeler_AMD64.exe] Logical  8: socket  0 core  8\r\r\n'
2021-08-11 22:06:15,136 - INFO: b'[modeler_AMD64.exe] Logical  9: socket  0 core  9\r\r\n'
2021-08-11 22:06:15,137 - INFO: b'[modeler_AMD64.exe] Logical 10: socket  0 core 10\r\r\n'
2021-08-11 22:06:15,138 - INFO: b'[modeler_AMD64.exe] Logical 11: socket  0 core 11\r\r\n'
2021-08-11 22:06:15,138 - INFO: b'[modeler_AMD64.exe] Logical 12: socket  0 core 12\r\r\n'
2021-08-11 22:06:15,139 - INFO: b'[modeler_AMD64.exe] Logical 13: socket  0 core 13\r\r\n'
2021-08-11 22:06:15,139 - INFO: b'[modeler_AMD64.exe] Logical 14: socket  0 core 14\r\r\n'
2021-08-11 22:06:15,140 - INFO: b'[modeler_AMD64.exe] Logical 15: socket  0 core 15\r\r\n'
2021-08-11 22:06:15,140 - INFO: b'[modeler_AMD64.exe] Logical 16: socket  0 core 16\r\r\n'
2021-08-11 22:06:15,140 - INFO: b'[modeler_AMD64.exe] Logical 17: socket  0 core 17\r\r\n'
2021-08-11 22:06:15,141 - INFO: b'[modeler_AMD64.exe] Logical 18: socket  0 core 18\r\r\n'
2021-08-11 22:06:15,141 - INFO: b'[modeler_AMD64.exe] Logical 19: socket  0 core 19\r\r\n'
2021-08-11 22:06:15,141 - INFO: b'[modeler_AMD64.exe] Logical 20: socket  0 core 20\r\r\n'
2021-08-11 22:06:15,142 - INFO: b'[modeler_AMD64.exe] Logical 21: socket  0 core 21\r\r\n'
2021-08-11 22:06:15,142 - INFO: b'[modeler_AMD64.exe] Logical 22: socket  0 core 22\r\r\n'
2021-08-11 22:06:15,143 - INFO: b'[modeler_AMD64.exe] Logical 23: socket  0 core 23\r\r\n'
2021-08-11 22:06:15,144 - INFO: b'[modeler_AMD64.exe] packages: 1\r\r\n'
2021-08-11 22:06:15,145 - INFO: b'[modeler_AMD64.exe] cores   : 12\r\r\n'
2021-08-11 22:06:15,145 - INFO: b'[modeler_AMD64.exe] ht units: 2\r\r\n'
2021-08-11 22:06:15,146 - INFO: b'[modeler_AMD64.exe] \r\r\n'
2021-08-11 22:06:15,146 - INFO: b'[modeler_AMD64.exe] \r\r\n'
2021-08-11 22:06:15,147 - INFO: b'[modeler_AMD64.exe] thread setup 2: 12\r\r\n'
2021-08-11 22:06:15,148 - INFO: b'[modeler_AMD64.exe] thread setup 3: 128 --> 12\r\r\n'
2021-08-11 22:06:15,148 - INFO: b'[modeler_AMD64.exe] Modeler openmp threads: 12\r\r\n'
2021-08-11 22:06:15,149 - INFO: b'[modeler_AMD64.exe] Parallel ACIS is active. Starting 24 worker threads for ACIS.\r\r\n'
2021-08-11 22:06:15,149 - INFO: b'[schematic_AMD64.exe] This is the schematic 2020.0 Release from 2019-09-25 (change 724524)\r\r\n'
2021-08-11 22:06:15,150 - INFO: b'[schematic_AMD64.exe] \r\r\n'
2021-08-11 22:06:15,151 - INFO: b'[schematic_AMD64.exe] \r\r\n'
2021-08-11 22:06:15,152 - INFO: b'[schematic_AMD64.exe] project name: c:\\users\\ykk\\appdata\\local\\temp\\1\\cstde1\\temp\\de11\\untitled_0.cst\r\r\n'
2021-08-11 22:06:15,154 - INFO: b'[schematic_AMD64.exe] \r\r\n'
2021-08-11 22:06:15,154 - INFO: b'[schematic_AMD64.exe] \r\r\n'
2021-08-11 22:06:15,154 - INFO: b'[schematic_AMD64.exe] myname: C:\\Program Files (x86)\\CST Studio Suite 2020\\AMD64\\schematic_AMD64.exe\r\r\n'
2021-08-11 22:06:15,154 - INFO: b'[schematic_AMD64.exe] \r\r\n'
2021-08-11 22:06:15,155 - INFO: b'It seems that the history list contains non ASCII characters. This may cause undesired effects if the CST project is used on computers with a different language setting or operating system.\r\r\n'
2021-08-11 22:06:15,156 - INFO: b'History block 146 contains non ASCII characters either in its name or content.\r\r\n'
2021-08-11 22:06:15,156 - INFO: b'[modeler_AMD64.exe] 2 blocks read in parallel from ACIS file. 2 top level entities in total.\r\r\n'
2021-08-11 22:06:15,156 - INFO: b'Sub-Project import: External reference cannot be found: \r\r\n'
2021-08-11 22:06:15,157 - INFO: b'  "D:\\rain\\1#WHPS2021\\model\\SS+wav\\waveguide absorb(ideal).cst"\r\r\n'
2021-08-11 22:06:15,157 - INFO: b'Some objects were hidden when this project was last saved. These objects are still hidden.\r\r\n'
2021-08-11 22:06:15,157 - INFO: b'Schematic window contains tasks in the navigation tree.\r\r\n'
2021-08-11 22:06:15,158 - INFO: b'[modeler_AMD64.exe] Skipping template 3D\\Frequency (Multiple Modes):: Template needs to be evaluated first.\r\r\n'
2021-08-11 22:06:15,158 - INFO: b'[modeler_AMD64.exe] Skipping template 3D\\Q-Factor (Perturbation) (Multiple Modes):: Template needs to be evaluated first.\r\r\n'
2021-08-11 22:06:15,159 - INFO: b'[modeler_AMD64.exe] Skipping template 3D\\R over Q beta=1 (Multiple Modes):: Template needs to be evaluated first.\r\r\n'
